<?xml version="1.0" encoding="UTF-8"?>
<!-- Generated by org.testng.reporters.JUnitReportReporter -->
<testsuite skipped="17" hostname="IVF111" name="com_Milan_Test.WAddictionsTest" tests="22" failures="0" timestamp="26 Jun 2018 20:07:15 GMT" time="352.498" errors="0">
  <testcase name="saveAdictions" time="59.355" classname="com_Milan_Test.WAddictionsTest"/>
  <testcase name="saveAdictions" time="59.535" classname="com_Milan_Test.WAddictionsTest"/>
  <testcase name="saveAdictions" time="55.220" classname="com_Milan_Test.WAddictionsTest">
    <skipped/>
  </testcase> <!-- saveAdictions -->
  <testcase name="saveAdictions" time="59.270" classname="com_Milan_Test.WAddictionsTest"/>
  <testcase name="saveAdictions" time="58.210" classname="com_Milan_Test.WAddictionsTest"/>
  <testcase name="saveAdictions" time="60.908" classname="com_Milan_Test.WAddictionsTest"/>
  <testcase name="SinceWhenEnableconditionSinceWhenCaffeineAddictionTest" classname="com_Milan_Test.WAddictionsTest">
    <skipped/>
  </testcase> <!-- SinceWhenEnableconditionSinceWhenCaffeineAddictionTest -->
  <testcase name="CurrentStatusEnableConditionAlkoholTest" classname="com_Milan_Test.WAddictionsTest">
    <skipped/>
  </testcase> <!-- CurrentStatusEnableConditionAlkoholTest -->
  <testcase name="SinceWhenEnableconditionSinceWhenMonthForCaffeineAddictionTest" classname="com_Milan_Test.WAddictionsTest">
    <skipped/>
  </testcase> <!-- SinceWhenEnableconditionSinceWhenMonthForCaffeineAddictionTest -->
  <testcase name="SinceWhenEnableconditionSinceWhenMonthAlkoholTest" classname="com_Milan_Test.WAddictionsTest">
    <skipped/>
  </testcase> <!-- SinceWhenEnableconditionSinceWhenMonthAlkoholTest -->
  <testcase name="SenceWhenEnableconditionSinceWhenYearAlkoholTest" classname="com_Milan_Test.WAddictionsTest">
    <skipped/>
  </testcase> <!-- SenceWhenEnableconditionSinceWhenYearAlkoholTest -->
  <testcase name="CurrentStatusEnableConditionCaffeineAddictionTest" classname="com_Milan_Test.WAddictionsTest">
    <skipped/>
  </testcase> <!-- CurrentStatusEnableConditionCaffeineAddictionTest -->
  <testcase name="SinceWhenEnableconditionSinceWhenMonthForDrugAdictionTest" classname="com_Milan_Test.WAddictionsTest">
    <skipped/>
  </testcase> <!-- SinceWhenEnableconditionSinceWhenMonthForDrugAdictionTest -->
  <testcase name="CurrentStatusEnableConditionAdictionTest" classname="com_Milan_Test.WAddictionsTest">
    <skipped/>
  </testcase> <!-- CurrentStatusEnableConditionAdictionTest -->
  <testcase name="CurrentStatusEnableConditionSmokeTest" classname="com_Milan_Test.WAddictionsTest">
    <skipped/>
  </testcase> <!-- CurrentStatusEnableConditionSmokeTest -->
  <testcase name="SenceWhenEnableconditionSinceWhenDrugAddictionYearTest" classname="com_Milan_Test.WAddictionsTest">
    <skipped/>
  </testcase> <!-- SenceWhenEnableconditionSinceWhenDrugAddictionYearTest -->
  <testcase name="SenceWhenEnableconditionSinceWhenYearSmokeTest" classname="com_Milan_Test.WAddictionsTest">
    <skipped/>
  </testcase> <!-- SenceWhenEnableconditionSinceWhenYearSmokeTest -->
  <testcase name="SinceWhenEnableconditionSinceWhenMonthTobocoTest" classname="com_Milan_Test.WAddictionsTest">
    <skipped/>
  </testcase> <!-- SinceWhenEnableconditionSinceWhenMonthTobocoTest -->
  <testcase name="SenceWhenEnableconditionSinceWhenYearTobacoTest" classname="com_Milan_Test.WAddictionsTest">
    <skipped/>
  </testcase> <!-- SenceWhenEnableconditionSinceWhenYearTobacoTest -->
  <testcase name="saveNewAdictions" classname="com_Milan_Test.WAddictionsTest">
    <skipped/>
  </testcase> <!-- saveNewAdictions -->
  <testcase name="CurrentStatusEnableConditionTobacoTest" classname="com_Milan_Test.WAddictionsTest">
    <skipped/>
  </testcase> <!-- CurrentStatusEnableConditionTobacoTest -->
  <testcase name="SinceWhenEnableconditionSinceWhenMonthSmokeTest" classname="com_Milan_Test.WAddictionsTest">
    <skipped/>
  </testcase> <!-- SinceWhenEnableconditionSinceWhenMonthSmokeTest -->
</testsuite> <!-- com_Milan_Test.WAddictionsTest -->
