<?xml version="1.0" encoding="UTF-8"?>
<!-- Generated by org.testng.reporters.JUnitReportReporter -->
<testsuite skipped="2" hostname="IVF111" name="com_Milan_Test.WcomplaintsTest" tests="5" failures="0" timestamp="19 Jun 2018 18:23:55 GMT" time="348.857" errors="0">
  <testcase name="NumberOfComplaintsTest" time="83.268" classname="com_Milan_Test.WcomplaintsTest"/>
  <testcase name="SaveTheComplaintsTest" time="128.373" classname="com_Milan_Test.WcomplaintsTest">
    <skipped/>
  </testcase> <!-- SaveTheComplaintsTest -->
  <testcase name="SaveTheComplaintsTest" time="52.571" classname="com_Milan_Test.WcomplaintsTest">
    <skipped/>
  </testcase> <!-- SaveTheComplaintsTest -->
  <testcase name="SaveTheComplaintsTest" time="58.170" classname="com_Milan_Test.WcomplaintsTest"/>
  <testcase name="NextFollowUpTest" time="26.475" classname="com_Milan_Test.WcomplaintsTest"/>
</testsuite> <!-- com_Milan_Test.WcomplaintsTest -->
