<?xml version="1.0" encoding="UTF-8"?>
<!-- Generated by org.testng.reporters.JUnitReportReporter -->
<testsuite skipped="1" hostname="IVF111" name="com_Milan_Test.FemaleDiagnosisTest" tests="7" failures="0" timestamp="28 Jul 2018 22:03:12 GMT" time="369.100" errors="0">
  <testcase name="ClickOnOtherDiagnosisTest" time="74.632" classname="com_Milan_Test.FemaleDiagnosisTest"/>
  <testcase name="CodevalueTest" time="54.957" classname="com_Milan_Test.FemaleDiagnosisTest"/>
  <testcase name="AddFavoriteFromListTest" time="62.987" classname="com_Milan_Test.FemaleDiagnosisTest"/>
  <testcase name="UnFavoriteTheFavioriteTest" time="61.991" classname="com_Milan_Test.FemaleDiagnosisTest"/>
  <testcase name="TypeSelectionboxEnableconditionForOtherfavorireTest" time="53.843" classname="com_Milan_Test.FemaleDiagnosisTest"/>
  <testcase name="checkboxclickTest" time="60.690" classname="com_Milan_Test.FemaleDiagnosisTest"/>
  <testcase name="DeleteFromFavoriteTest" classname="com_Milan_Test.FemaleDiagnosisTest">
    <skipped/>
  </testcase> <!-- DeleteFromFavoriteTest -->
</testsuite> <!-- com_Milan_Test.FemaleDiagnosisTest -->
