<?xml version="1.0" encoding="UTF-8"?>
<!-- Generated by org.testng.reporters.JUnitReportReporter -->
<testsuite skipped="2" hostname="IVF111" name="com_Milan_Test.WcomplaintsTest" tests="3" failures="0" timestamp="13 May 2018 13:58:34 GMT" time="32.639" errors="0">
  <testcase name="NextFollowUpTest" time="32.639" classname="com_Milan_Test.WcomplaintsTest"/>
  <testcase name="NewPatientPresentingComplaintsTest" classname="com_Milan_Test.WcomplaintsTest">
    <skipped/>
  </testcase> <!-- NewPatientPresentingComplaintsTest -->
  <testcase name="SaveTheComplaintsTest" classname="com_Milan_Test.WcomplaintsTest">
    <skipped/>
  </testcase> <!-- SaveTheComplaintsTest -->
</testsuite> <!-- com_Milan_Test.WcomplaintsTest -->
