<?xml version="1.0" encoding="UTF-8"?>
<!-- Generated by org.testng.reporters.JUnitReportReporter -->
<testsuite skipped="2" hostname="IVF111" name="com_Milan_Test.WcomplaintsTest" tests="5" failures="0" timestamp="19 Jul 2018 18:16:05 GMT" time="349.962" errors="0">
  <testcase name="NumberOfComplaintsTest" time="55.853" classname="com_Milan_Test.WcomplaintsTest"/>
  <testcase name="SaveTheComplaintsTest" time="55.126" classname="com_Milan_Test.WcomplaintsTest">
    <skipped/>
  </testcase> <!-- SaveTheComplaintsTest -->
  <testcase name="SaveTheComplaintsTest" time="128.559" classname="com_Milan_Test.WcomplaintsTest">
    <skipped/>
  </testcase> <!-- SaveTheComplaintsTest -->
  <testcase name="SaveTheComplaintsTest" time="58.605" classname="com_Milan_Test.WcomplaintsTest"/>
  <testcase name="NextFollowUpTest" time="51.819" classname="com_Milan_Test.WcomplaintsTest"/>
</testsuite> <!-- com_Milan_Test.WcomplaintsTest -->
