<?xml version="1.0" encoding="UTF-8"?>
<!-- Generated by org.testng.reporters.JUnitReportReporter -->
<testsuite skipped="3" hostname="IVF111" name="com_Milan_Test.WVitalsTest" tests="8" failures="0" timestamp="11 May 2018 06:06:20 GMT" time="140.609" errors="0">
  <testcase name="BMITest" time="26.641" classname="com_Milan_Test.WVitalsTest"/>
  <testcase name="BMITest" time="28.087" classname="com_Milan_Test.WVitalsTest"/>
  <testcase name="BMITest" time="29.092" classname="com_Milan_Test.WVitalsTest"/>
  <testcase name="BMITest" time="28.147" classname="com_Milan_Test.WVitalsTest"/>
  <testcase name="BMITest" time="28.642" classname="com_Milan_Test.WVitalsTest"/>
  <testcase name="AllvaluesSaveTest" classname="com_Milan_Test.WVitalsTest">
    <skipped/>
  </testcase> <!-- AllvaluesSaveTest -->
  <testcase name="HRValueTest" classname="com_Milan_Test.WVitalsTest">
    <skipped/>
  </testcase> <!-- HRValueTest -->
  <testcase name="BPSystolicBundryValueTest" classname="com_Milan_Test.WVitalsTest">
    <skipped/>
  </testcase> <!-- BPSystolicBundryValueTest -->
</testsuite> <!-- com_Milan_Test.WVitalsTest -->
