<?xml version="1.0" encoding="UTF-8"?>
<!-- Generated by org.testng.reporters.JUnitReportReporter -->
<testsuite skipped="0" hostname="IVF111" name="com_Milan_Test.LoginPageTest" tests="4" failures="0" timestamp="15 Aug 2018 10:36:16 GMT" time="52.689" errors="0">
  <testcase name="InvalidusernameTest" time="21.857" classname="com_Milan_Test.LoginPageTest"/>
  <testcase name="InvalidPasswordTest" time="14.691" classname="com_Milan_Test.LoginPageTest"/>
  <testcase name="ButtonEnableConditionTest" time="6.559" classname="com_Milan_Test.LoginPageTest"/>
  <testcase name="LoginTest" time="9.582" classname="com_Milan_Test.LoginPageTest"/>
</testsuite> <!-- com_Milan_Test.LoginPageTest -->
