<?xml version="1.0" encoding="UTF-8"?>
<!-- Generated by org.testng.reporters.JUnitReportReporter -->
<testsuite skipped="0" hostname="IVF111" name="com_Milan_Test.LoginPageTest" tests="4" failures="0" timestamp="09 Jul 2018 16:39:15 GMT" time="39.496" errors="0">
  <testcase name="InvalidusernameTest" time="10.343" classname="com_Milan_Test.LoginPageTest"/>
  <testcase name="InvalidPasswordTest" time="13.353" classname="com_Milan_Test.LoginPageTest"/>
  <testcase name="ButtonEnableConditionTest" time="6.996" classname="com_Milan_Test.LoginPageTest"/>
  <testcase name="LoginTest" time="8.804" classname="com_Milan_Test.LoginPageTest"/>
</testsuite> <!-- com_Milan_Test.LoginPageTest -->
