<?xml version="1.0" encoding="UTF-8"?>
<!-- Generated by org.testng.reporters.JUnitReportReporter -->
<testsuite skipped="0" hostname="IVF111" name="com_Milan_Test.LoginPageTest" tests="4" failures="0" timestamp="23 Jul 2018 19:26:50 GMT" time="41.478" errors="0">
  <testcase name="InvalidusernameTest" time="12.271" classname="com_Milan_Test.LoginPageTest"/>
  <testcase name="InvalidPasswordTest" time="12.899" classname="com_Milan_Test.LoginPageTest"/>
  <testcase name="ButtonEnableConditionTest" time="7.119" classname="com_Milan_Test.LoginPageTest"/>
  <testcase name="LoginTest" time="9.189" classname="com_Milan_Test.LoginPageTest"/>
</testsuite> <!-- com_Milan_Test.LoginPageTest -->
