<?xml version="1.0" encoding="UTF-8"?>
<!-- Generated by org.testng.reporters.JUnitReportReporter -->
<testsuite skipped="0" hostname="IVF111" name="com_Milan_Test.SimulationChartPageTest" tests="5" failures="0" timestamp="12 Jul 2018 11:38:05 GMT" time="632.237" errors="0">
  <testcase name="AddDrugNames" time="134.240" classname="com_Milan_Test.SimulationChartPageTest"/>
  <testcase name="EnableconditionAddSimulationDrugTest" time="109.080" classname="com_Milan_Test.SimulationChartPageTest"/>
  <testcase name="SaveSimulationTest" time="115.785" classname="com_Milan_Test.SimulationChartPageTest"/>
  <testcase name="SimulationDrugValidationTest" time="122.093" classname="com_Milan_Test.SimulationChartPageTest"/>
  <testcase name="InvalidDateTest" time="151.039" classname="com_Milan_Test.SimulationChartPageTest"/>
</testsuite> <!-- com_Milan_Test.SimulationChartPageTest -->
