<?xml version="1.0" encoding="UTF-8"?>
<!-- Generated by org.testng.reporters.JUnitReportReporter -->
<testsuite skipped="0" hostname="IVF111" name="com_Milan_Test.WcomplaintsTest" tests="3" failures="0" timestamp="11 Jun 2018 09:11:43 GMT" time="86.356" errors="0">
  <testcase name="NumberOfComplaintsTest" time="28.535" classname="com_Milan_Test.WcomplaintsTest"/>
  <testcase name="SaveTheComplaintsTest" time="30.749" classname="com_Milan_Test.WcomplaintsTest"/>
  <testcase name="NextFollowUpTest" time="27.072" classname="com_Milan_Test.WcomplaintsTest"/>
</testsuite> <!-- com_Milan_Test.WcomplaintsTest -->
