<?xml version="1.0" encoding="UTF-8"?>
<!-- Generated by org.testng.reporters.JUnitReportReporter -->
<testsuite skipped="0" hostname="IVF111" name="com_Milan_Test.WAllergiesTest" tests="6" failures="0" timestamp="22 Jul 2018 17:29:53 GMT" time="405.179" errors="0">
  <testcase name="AllergySelectionTest" time="150.813" classname="com_Milan_Test.WAllergiesTest"/>
  <testcase name="FoodAllergyvalidationTest" time="50.182" classname="com_Milan_Test.WAllergiesTest"/>
  <testcase name="AddNewAllergiesTest" time="51.149" classname="com_Milan_Test.WAllergiesTest"/>
  <testcase name="AllergiesOnDashboardforNewPatientTest" time="53.732" classname="com_Milan_Test.WAllergiesTest"/>
  <testcase name="OptionSelectedOnAllergyCurrentStstusTest" time="50.847" classname="com_Milan_Test.WAllergiesTest"/>
  <testcase name="ExistingPatientDrugAllergyTypeTest" time="48.456" classname="com_Milan_Test.WAllergiesTest"/>
</testsuite> <!-- com_Milan_Test.WAllergiesTest -->
