<?xml version="1.0" encoding="UTF-8"?>
<!-- Generated by org.testng.reporters.JUnitReportReporter -->
<testsuite skipped="0" hostname="IVF111" name="com_Milan_Test.LoginPageTest" tests="4" failures="0" timestamp="28 May 2018 06:29:03 GMT" time="40.609" errors="0">
  <testcase name="InvalidusernameTest" time="10.155" classname="com_Milan_Test.LoginPageTest"/>
  <testcase name="InvalidPasswordTest" time="13.362" classname="com_Milan_Test.LoginPageTest"/>
  <testcase name="ButtonEnableConditionTest" time="6.547" classname="com_Milan_Test.LoginPageTest"/>
  <testcase name="LoginTest" time="10.545" classname="com_Milan_Test.LoginPageTest"/>
</testsuite> <!-- com_Milan_Test.LoginPageTest -->
