<?xml version="1.0" encoding="UTF-8"?>
<!-- Generated by org.testng.reporters.JUnitReportReporter -->
<testsuite skipped="0" hostname="IVF111" name="com_Milan_Test.WSexsualHistoryTest" tests="11" failures="0" timestamp="05 Sep 2018 16:23:26 GMT" time="614.029" errors="0">
  <testcase name="InrelationshipsinceYearsTest" time="51.782" classname="com_Milan_Test.WSexsualHistoryTest"/>
  <testcase name="testRelationtlists" time="63.005" classname="com_Milan_Test.WSexsualHistoryTest"/>
  <testcase name="textboxSexualDysfunctionTest" time="52.995" classname="com_Milan_Test.WSexsualHistoryTest"/>
  <testcase name="FillSexsuslHistorytest" time="60.327" classname="com_Milan_Test.WSexsualHistoryTest"/>
  <testcase name="SexInrelationshipsinceMonthsTest" time="58.486" classname="com_Milan_Test.WSexsualHistoryTest"/>
  <testcase name="numberofcharacterexualDysfunctionTest" time="52.268" classname="com_Milan_Test.WSexsualHistoryTest"/>
  <testcase name="DyspareuniatextTest" time="51.585" classname="com_Milan_Test.WSexsualHistoryTest"/>
  <testcase name="Lubricationusedtext" time="62.059" classname="com_Milan_Test.WSexsualHistoryTest"/>
  <testcase name="Remarktexttest" time="54.517" classname="com_Milan_Test.WSexsualHistoryTest"/>
  <testcase name="TryingToConcieveSinceYearTest" time="53.462" classname="com_Milan_Test.WSexsualHistoryTest"/>
  <testcase name="TryingToConcieveSinceMonthTest" time="53.543" classname="com_Milan_Test.WSexsualHistoryTest"/>
</testsuite> <!-- com_Milan_Test.WSexsualHistoryTest -->
