<?xml version="1.0" encoding="UTF-8"?>
<!-- Generated by org.testng.reporters.JUnitReportReporter -->
<testsuite skipped="0" hostname="IVF111" name="com_Milan_Test.WObstetricHistoryPageTest" tests="18" failures="0" timestamp="31 May 2018 22:26:03 GMT" time="922.050" errors="0">
  <testcase name="BirthWeightValueTextTest" time="51.675" classname="com_Milan_Test.WObstetricHistoryPageTest"/>
  <testcase name="BirthWeightEnableConditionTest" time="51.853" classname="com_Milan_Test.WObstetricHistoryPageTest"/>
  <testcase name="ValueInAbortiontionTest" time="51.250" classname="com_Milan_Test.WObstetricHistoryPageTest"/>
  <testcase name="ValueInLivebirthoptionTest" time="49.898" classname="com_Milan_Test.WObstetricHistoryPageTest"/>
  <testcase name="ValueInEctopicTest" time="49.917" classname="com_Milan_Test.WObstetricHistoryPageTest"/>
  <testcase name="DeliveryTypeEnableconditionTest" time="48.317" classname="com_Milan_Test.WObstetricHistoryPageTest"/>
  <testcase name="LiveBirthEnableTest" time="50.450" classname="com_Milan_Test.WObstetricHistoryPageTest"/>
  <testcase name="RowGridEnableTest" time="50.886" classname="com_Milan_Test.WObstetricHistoryPageTest"/>
  <testcase name="StillBornEnableTest" time="48.455" classname="com_Milan_Test.WObstetricHistoryPageTest"/>
  <testcase name="EctopiccEnableCondititionTest" time="51.547" classname="com_Milan_Test.WObstetricHistoryPageTest"/>
  <testcase name="AbortionEnableCondititionTest" time="50.135" classname="com_Milan_Test.WObstetricHistoryPageTest"/>
  <testcase name="DeliveryEnableCondititionTest" time="52.568" classname="com_Milan_Test.WObstetricHistoryPageTest"/>
  <testcase name="ComplicationsEnableCondititionTest" time="52.572" classname="com_Milan_Test.WObstetricHistoryPageTest"/>
  <testcase name="CongenitalAnamolyEnableCondititionTest" time="49.440" classname="com_Milan_Test.WObstetricHistoryPageTest"/>
  <testcase name="LiveBirthPretermconditionTest" time="49.539" classname="com_Milan_Test.WObstetricHistoryPageTest"/>
  <testcase name="LiveBirthFullTermconditionTest" time="49.531" classname="com_Milan_Test.WObstetricHistoryPageTest"/>
  <testcase name="LiveBirthAbovePostTermconditionTest" time="49.961" classname="com_Milan_Test.WObstetricHistoryPageTest"/>
  <testcase name="SaveOutcometypesTest" time="64.056" classname="com_Milan_Test.WObstetricHistoryPageTest"/>
</testsuite> <!-- com_Milan_Test.WObstetricHistoryPageTest -->
