<?xml version="1.0" encoding="UTF-8"?>
<!-- Generated by org.testng.reporters.JUnitReportReporter -->
<testsuite skipped="3" hostname="IVF111" name="com_Milan_Test.WObstetricHistoryPageTest" tests="4" failures="0" timestamp="20 Jul 2018 10:03:04 GMT" time="69.273" errors="0">
  <testcase name="SaveOutcometypesTest" time="69.273" classname="com_Milan_Test.WObstetricHistoryPageTest"/>
  <testcase name="ValueInEctopicTest" classname="com_Milan_Test.WObstetricHistoryPageTest">
    <skipped/>
  </testcase> <!-- ValueInEctopicTest -->
  <testcase name="ValueInAbortiontionTest" classname="com_Milan_Test.WObstetricHistoryPageTest">
    <skipped/>
  </testcase> <!-- ValueInAbortiontionTest -->
  <testcase name="ValueInLivebirthoptionTest" classname="com_Milan_Test.WObstetricHistoryPageTest">
    <skipped/>
  </testcase> <!-- ValueInLivebirthoptionTest -->
</testsuite> <!-- com_Milan_Test.WObstetricHistoryPageTest -->
