<?xml version="1.0" encoding="UTF-8"?>
<!-- Generated by org.testng.reporters.JUnitReportReporter -->
<testsuite skipped="8" hostname="IVF11" name="com_Milan_Test.WSexsualHistoryTest" tests="9" failures="0" timestamp="27 Apr 2018 08:48:42 GMT" time="68.901" errors="0">
  <testcase name="Remarktexttest" time="68.901" classname="com_Milan_Test.WSexsualHistoryTest"/>
  <testcase name="testRelationtlists" classname="com_Milan_Test.WSexsualHistoryTest">
    <skipped/>
  </testcase> <!-- testRelationtlists -->
  <testcase name="FillSexsuslHistorytest" classname="com_Milan_Test.WSexsualHistoryTest">
    <skipped/>
  </testcase> <!-- FillSexsuslHistorytest -->
  <testcase name="DyspareuniatextTest" classname="com_Milan_Test.WSexsualHistoryTest">
    <skipped/>
  </testcase> <!-- DyspareuniatextTest -->
  <testcase name="numberofcharacterexualDysfunctionTest" classname="com_Milan_Test.WSexsualHistoryTest">
    <skipped/>
  </testcase> <!-- numberofcharacterexualDysfunctionTest -->
  <testcase name="SexInrelationshipsinceMonthsTest" classname="com_Milan_Test.WSexsualHistoryTest">
    <skipped/>
  </testcase> <!-- SexInrelationshipsinceMonthsTest -->
  <testcase name="textboxSexualDysfunctionTest" classname="com_Milan_Test.WSexsualHistoryTest">
    <skipped/>
  </testcase> <!-- textboxSexualDysfunctionTest -->
  <testcase name="Lubricationusedtext" classname="com_Milan_Test.WSexsualHistoryTest">
    <skipped/>
  </testcase> <!-- Lubricationusedtext -->
  <testcase name="InrelationshipsinceYearsTest" classname="com_Milan_Test.WSexsualHistoryTest">
    <skipped/>
  </testcase> <!-- InrelationshipsinceYearsTest -->
</testsuite> <!-- com_Milan_Test.WSexsualHistoryTest -->
