<?xml version="1.0" encoding="UTF-8"?>
<!-- Generated by org.testng.reporters.JUnitReportReporter -->
<testsuite skipped="2" hostname="IVF111" name="com_Milan_Test.WOPUCycyclePageTest" tests="6" failures="0" timestamp="08 Jun 2018 20:30:01 GMT" time="232.814" errors="0">
  <testcase name="ARTCycleAvailabilityMessageTest" time="47.324" classname="com_Milan_Test.WOPUCycyclePageTest"/>
  <testcase name="SearchcycleTest" time="46.683" classname="com_Milan_Test.WOPUCycyclePageTest"/>
  <testcase name="SaveOPUsubtypeICSITest" time="64.276" classname="com_Milan_Test.WOPUCycyclePageTest"/>
  <testcase name="ClickonCycletabTest" time="74.531" classname="com_Milan_Test.WOPUCycyclePageTest"/>
  <testcase name="DeleteARTCycleTest" classname="com_Milan_Test.WOPUCycyclePageTest">
    <skipped/>
  </testcase> <!-- DeleteARTCycleTest -->
  <testcase name="NoofCyclesTest" classname="com_Milan_Test.WOPUCycyclePageTest">
    <skipped/>
  </testcase> <!-- NoofCyclesTest -->
</testsuite> <!-- com_Milan_Test.WOPUCycyclePageTest -->
