<?xml version="1.0" encoding="UTF-8"?>
<!-- Generated by org.testng.reporters.JUnitReportReporter -->
<testsuite skipped="0" hostname="IVF111" name="com_Milan_Test.WomenHistoryPageTest" tests="11" failures="0" timestamp="19 Jul 2018 18:16:05 GMT" time="595.810" errors="0">
  <testcase name="SexualHistoryTest" time="52.216" classname="com_Milan_Test.WomenHistoryPageTest"/>
  <testcase name="ObstetricHistoryTest" time="51.359" classname="com_Milan_Test.WomenHistoryPageTest"/>
  <testcase name="MedicalHistoryTest" time="50.262" classname="com_Milan_Test.WomenHistoryPageTest"/>
  <testcase name="FamilyHistoryTest" time="80.294" classname="com_Milan_Test.WomenHistoryPageTest"/>
  <testcase name="SurgicalHistoryTest" time="53.989" classname="com_Milan_Test.WomenHistoryPageTest"/>
  <testcase name="PreviousTreatmentHistoryTest" time="51.332" classname="com_Milan_Test.WomenHistoryPageTest"/>
  <testcase name="pastMedicationHistoryTest" time="51.006" classname="com_Milan_Test.WomenHistoryPageTest"/>
  <testcase name="AllergiesTest" time="51.960" classname="com_Milan_Test.WomenHistoryPageTest"/>
  <testcase name="AddictionsTest" time="51.068" classname="com_Milan_Test.WomenHistoryPageTest"/>
  <testcase name="VaccinationTest" time="50.842" classname="com_Milan_Test.WomenHistoryPageTest"/>
  <testcase name="socialHistoryTest" time="51.482" classname="com_Milan_Test.WomenHistoryPageTest"/>
</testsuite> <!-- com_Milan_Test.WomenHistoryPageTest -->
