<?xml version="1.0" encoding="UTF-8"?>
<!-- Generated by org.testng.reporters.JUnitReportReporter -->
<testsuite skipped="0" hostname="IVF111" name="com_Milan_Test.WPastMedicationHistoryTest" tests="3" failures="0" timestamp="19 Jul 2018 10:15:06 GMT" time="195.550" errors="0">
  <testcase name="DrugNameTest" time="80.489" classname="com_Milan_Test.WPastMedicationHistoryTest"/>
  <testcase name="DrugNameFieldEnableconditionTest" time="56.747" classname="com_Milan_Test.WPastMedicationHistoryTest"/>
  <testcase name="pastMedicationHistorysetdataTest" time="58.314" classname="com_Milan_Test.WPastMedicationHistoryTest"/>
</testsuite> <!-- com_Milan_Test.WPastMedicationHistoryTest -->
