<?xml version="1.0" encoding="UTF-8"?>
<!-- Generated by org.testng.reporters.JUnitReportReporter -->
<testsuite skipped="0" hostname="IVF111" name="com_Milan_Test.WAddictionsTest" tests="5" failures="0" timestamp="13 Aug 2018 10:14:18 GMT" time="290.341" errors="0">
  <testcase name="saveAdictionsTest" time="56.502" classname="com_Milan_Test.WAddictionsTest"/>
  <testcase name="saveAdictionsTest" time="57.056" classname="com_Milan_Test.WAddictionsTest"/>
  <testcase name="saveAdictionsTest" time="60.229" classname="com_Milan_Test.WAddictionsTest"/>
  <testcase name="saveAdictionsTest" time="58.915" classname="com_Milan_Test.WAddictionsTest"/>
  <testcase name="saveAdictionsTest" time="57.639" classname="com_Milan_Test.WAddictionsTest"/>
</testsuite> <!-- com_Milan_Test.WAddictionsTest -->
