<?xml version="1.0" encoding="UTF-8"?>
<!-- Generated by org.testng.reporters.JUnitReportReporter -->
<testsuite skipped="0" hostname="IVF111" name="com_Milan_Test.LoginPageTest" tests="4" failures="0" timestamp="05 Sep 2018 16:23:26 GMT" time="52.745" errors="0">
  <testcase name="InvalidusernameTest" time="14.303" classname="com_Milan_Test.LoginPageTest"/>
  <testcase name="InvalidPasswordTest" time="16.768" classname="com_Milan_Test.LoginPageTest"/>
  <testcase name="ButtonEnableConditionTest" time="9.691" classname="com_Milan_Test.LoginPageTest"/>
  <testcase name="LoginTest" time="11.983" classname="com_Milan_Test.LoginPageTest"/>
</testsuite> <!-- com_Milan_Test.LoginPageTest -->
