<?xml version="1.0" encoding="UTF-8"?>
<!-- Generated by org.testng.reporters.JUnitReportReporter -->
<testsuite skipped="4" hostname="IVF11" name="com_Milan_Test.FemaleDiagnosisTest" tests="7" failures="0" timestamp="03 May 2018 06:58:45 GMT" time="160.941" errors="0">
  <testcase name="AddFavoriteFromListTest" time="49.666" classname="com_Milan_Test.FemaleDiagnosisTest"/>
  <testcase name="UnFavoriteTheFavioriteTest" time="51.662" classname="com_Milan_Test.FemaleDiagnosisTest"/>
  <testcase name="checkboxclickTest" time="59.613" classname="com_Milan_Test.FemaleDiagnosisTest"/>
  <testcase name="CodevalueTest" classname="com_Milan_Test.FemaleDiagnosisTest">
    <skipped/>
  </testcase> <!-- CodevalueTest -->
  <testcase name="ClickOnOtherDiagnosisTest" classname="com_Milan_Test.FemaleDiagnosisTest">
    <skipped/>
  </testcase> <!-- ClickOnOtherDiagnosisTest -->
  <testcase name="DeleteFromFavoriteTest" classname="com_Milan_Test.FemaleDiagnosisTest">
    <skipped/>
  </testcase> <!-- DeleteFromFavoriteTest -->
  <testcase name="TypeSelectionboxEnableconditionForOtherfavorireTest" classname="com_Milan_Test.FemaleDiagnosisTest">
    <skipped/>
  </testcase> <!-- TypeSelectionboxEnableconditionForOtherfavorireTest -->
</testsuite> <!-- com_Milan_Test.FemaleDiagnosisTest -->
