<?xml version="1.0" encoding="UTF-8"?>
<!-- Generated by org.testng.reporters.JUnitReportReporter -->
<testsuite skipped="0" hostname="IVF111" name="com_Milan_Test.WMenstrualHistoryTest" tests="8" failures="0" timestamp="07 Jul 2018 19:19:54 GMT" time="420.422" errors="0">
  <testcase name="AgeOfMenarcheRangeSartTest" time="50.671" classname="com_Milan_Test.WMenstrualHistoryTest"/>
  <testcase name="MenarcheRangeEndTest" time="54.708" classname="com_Milan_Test.WMenstrualHistoryTest"/>
  <testcase name="LMPcalenderdateSelectionTest" time="53.620" classname="com_Milan_Test.WMenstrualHistoryTest"/>
  <testcase name="AmenorrheaTypeTest" time="52.599" classname="com_Milan_Test.WMenstrualHistoryTest"/>
  <testcase name="SavevaluesTest" time="52.287" classname="com_Milan_Test.WMenstrualHistoryTest"/>
  <testcase name="CycleDurationTest" time="50.892" classname="com_Milan_Test.WMenstrualHistoryTest"/>
  <testcase name="MenstruationTest1" time="53.642" classname="com_Milan_Test.WMenstrualHistoryTest"/>
  <testcase name="MenstrualFlowtextTest" time="52.003" classname="com_Milan_Test.WMenstrualHistoryTest"/>
</testsuite> <!-- com_Milan_Test.WMenstrualHistoryTest -->
