<?xml version="1.0" encoding="UTF-8"?>
<!-- Generated by org.testng.reporters.JUnitReportReporter -->
<testsuite skipped="4" hostname="IVF111" name="com_Milan_Test.WObstetricHistoryPageTest" tests="19" failures="0" timestamp="16 Aug 2018 15:56:10 GMT" time="1207.456" errors="0">
  <testcase name="BirthWeightValueTextTest" time="53.348" classname="com_Milan_Test.WObstetricHistoryPageTest"/>
  <testcase name="BirthWeightEnableConditionTest" time="51.146" classname="com_Milan_Test.WObstetricHistoryPageTest"/>
  <testcase name="DeliveryTypeEnableconditionTest" time="50.358" classname="com_Milan_Test.WObstetricHistoryPageTest"/>
  <testcase name="LiveBirthEnableTest" time="49.837" classname="com_Milan_Test.WObstetricHistoryPageTest"/>
  <testcase name="RowGridEnableTest" time="49.507" classname="com_Milan_Test.WObstetricHistoryPageTest"/>
  <testcase name="StillBornEnableTest" time="52.084" classname="com_Milan_Test.WObstetricHistoryPageTest"/>
  <testcase name="EctopiccEnableCondititionTest" time="50.630" classname="com_Milan_Test.WObstetricHistoryPageTest"/>
  <testcase name="AbortionEnableCondititionTest" time="49.989" classname="com_Milan_Test.WObstetricHistoryPageTest"/>
  <testcase name="DeliveryEnableCondititionTest" time="51.722" classname="com_Milan_Test.WObstetricHistoryPageTest"/>
  <testcase name="ComplicationsEnableCondititionTest" time="52.482" classname="com_Milan_Test.WObstetricHistoryPageTest"/>
  <testcase name="CongenitalAnamolyEnableCondititionTest" time="51.970" classname="com_Milan_Test.WObstetricHistoryPageTest"/>
  <testcase name="LiveBirthPretermconditionTest" time="172.738" classname="com_Milan_Test.WObstetricHistoryPageTest"/>
  <testcase name="LiveBirthFullTermconditionTest" time="171.027" classname="com_Milan_Test.WObstetricHistoryPageTest"/>
  <testcase name="LiveBirthFullTermconditionTest" time="65.197" classname="com_Milan_Test.WObstetricHistoryPageTest">
    <skipped/>
  </testcase> <!-- LiveBirthFullTermconditionTest -->
  <testcase name="LiveBirthAbovePostTermconditionTest" time="169.720" classname="com_Milan_Test.WObstetricHistoryPageTest"/>
  <testcase name="SaveOutcometypesTest" time="65.701" classname="com_Milan_Test.WObstetricHistoryPageTest"/>
  <testcase name="ValueInEctopicTest" classname="com_Milan_Test.WObstetricHistoryPageTest">
    <skipped/>
  </testcase> <!-- ValueInEctopicTest -->
  <testcase name="ValueInAbortiontionTest" classname="com_Milan_Test.WObstetricHistoryPageTest">
    <skipped/>
  </testcase> <!-- ValueInAbortiontionTest -->
  <testcase name="ValueInLivebirthoptionTest" classname="com_Milan_Test.WObstetricHistoryPageTest">
    <skipped/>
  </testcase> <!-- ValueInLivebirthoptionTest -->
</testsuite> <!-- com_Milan_Test.WObstetricHistoryPageTest -->
