<?xml version="1.0" encoding="UTF-8"?>
<!-- Generated by org.testng.reporters.JUnitReportReporter -->
<testsuite skipped="2" hostname="IVF111" name="com_Milan_Test.CycleListPageTest" tests="6" failures="0" timestamp="01 Jun 2018 13:07:35 GMT" time="89.840" errors="0">
  <testcase name="ClickonNewCycleTest" time="22.307" classname="com_Milan_Test.CycleListPageTest"/>
  <testcase name="CycleListTitleTest" time="19.240" classname="com_Milan_Test.CycleListPageTest"/>
  <testcase name="ARTTypeOptionTest" time="22.111" classname="com_Milan_Test.CycleListPageTest"/>
  <testcase name="NoofProtocolandselectionTest" time="26.182" classname="com_Milan_Test.CycleListPageTest"/>
  <testcase name="EnabledconditionARTTypeTest" classname="com_Milan_Test.CycleListPageTest">
    <skipped/>
  </testcase> <!-- EnabledconditionARTTypeTest -->
  <testcase name="NewCycleButtonEnableConditionTest" classname="com_Milan_Test.CycleListPageTest">
    <skipped/>
  </testcase> <!-- NewCycleButtonEnableConditionTest -->
</testsuite> <!-- com_Milan_Test.CycleListPageTest -->
