<?xml version="1.0" encoding="UTF-8"?>
<!-- Generated by org.testng.reporters.JUnitReportReporter -->
<testsuite skipped="0" hostname="IVF111" name="com_Milan_Test.LoginPageTest" tests="4" failures="0" timestamp="08 Aug 2018 13:38:54 GMT" time="52.807" errors="0">
  <testcase name="InvalidusernameTest" time="23.262" classname="com_Milan_Test.LoginPageTest"/>
  <testcase name="InvalidPasswordTest" time="13.644" classname="com_Milan_Test.LoginPageTest"/>
  <testcase name="ButtonEnableConditionTest" time="6.374" classname="com_Milan_Test.LoginPageTest"/>
  <testcase name="LoginTest" time="9.527" classname="com_Milan_Test.LoginPageTest"/>
</testsuite> <!-- com_Milan_Test.LoginPageTest -->
