<?xml version="1.0" encoding="UTF-8"?>
<!-- Generated by org.testng.reporters.JUnitReportReporter -->
<testsuite skipped="8" hostname="IVF111" name="com_Milan_Test.CycleListPageTest" tests="19" failures="0" timestamp="28 Jul 2018 22:03:12 GMT" time="1996.587" errors="0">
  <testcase name="NewCycleButtonEnableConditionTest" time="103.169" classname="com_Milan_Test.CycleListPageTest"/>
  <testcase name="ClickonNewCycleTest" time="103.302" classname="com_Milan_Test.CycleListPageTest"/>
  <testcase name="EnabledconditionARTTypeTest" time="104.002" classname="com_Milan_Test.CycleListPageTest"/>
  <testcase name="ARTTypeOptionTest" time="114.108" classname="com_Milan_Test.CycleListPageTest"/>
  <testcase name="ProtocolandselectionTest" time="113.286" classname="com_Milan_Test.CycleListPageTest"/>
  <testcase name="MethodOfSemenCollectionTest" time="254.314" classname="com_Milan_Test.CycleListPageTest"/>
  <testcase name="SourceofspermPartnerTest" time="109.439" classname="com_Milan_Test.CycleListPageTest">
    <skipped/>
  </testcase> <!-- SourceofspermPartnerTest -->
  <testcase name="SourceofspermPartnerTest" time="109.651" classname="com_Milan_Test.CycleListPageTest">
    <skipped/>
  </testcase> <!-- SourceofspermPartnerTest -->
  <testcase name="SourceofspermPartnerTest" time="112.314" classname="com_Milan_Test.CycleListPageTest">
    <skipped/>
  </testcase> <!-- SourceofspermPartnerTest -->
  <testcase name="SourceofspermPartnerTest" time="112.172" classname="com_Milan_Test.CycleListPageTest"/>
  <testcase name="SourceofSpermselectionDonorTest" time="109.883" classname="com_Milan_Test.CycleListPageTest"/>
  <testcase name="SimulationDrugTest" time="108.366" classname="com_Milan_Test.CycleListPageTest"/>
  <testcase name="SimulationDrugTest" time="107.386" classname="com_Milan_Test.CycleListPageTest">
    <skipped/>
  </testcase> <!-- SimulationDrugTest -->
  <testcase name="SimulationDrugTest" time="108.726" classname="com_Milan_Test.CycleListPageTest">
    <skipped/>
  </testcase> <!-- SimulationDrugTest -->
  <testcase name="LMPDateTest" time="109.112" classname="com_Milan_Test.CycleListPageTest"/>
  <testcase name="SaveTheCycleTest" time="106.290" classname="com_Milan_Test.CycleListPageTest">
    <skipped/>
  </testcase> <!-- SaveTheCycleTest -->
  <testcase name="SaveTheCycleTest" time="111.067" classname="com_Milan_Test.CycleListPageTest"/>
  <testcase name="CycleListTitleTest" classname="com_Milan_Test.CycleListPageTest">
    <skipped/>
  </testcase> <!-- CycleListTitleTest -->
  <testcase name="LMPDateTest1" classname="com_Milan_Test.CycleListPageTest">
    <skipped/>
  </testcase> <!-- LMPDateTest1 -->
</testsuite> <!-- com_Milan_Test.CycleListPageTest -->
