<?xml version="1.0" encoding="UTF-8"?>
<!-- Generated by org.testng.reporters.JUnitReportReporter -->
<testsuite skipped="0" hostname="IVF111" name="com_Milan_Test.WMenstrualHistoryTest" tests="8" failures="0" timestamp="08 Jun 2018 20:30:01 GMT" time="563.599" errors="0">
  <testcase name="AgeOfMenarcheRangeSartTest" time="70.901" classname="com_Milan_Test.WMenstrualHistoryTest"/>
  <testcase name="MenarcheRangeEndTest" time="69.828" classname="com_Milan_Test.WMenstrualHistoryTest"/>
  <testcase name="LMPcalenderdateSelectionTest" time="72.280" classname="com_Milan_Test.WMenstrualHistoryTest"/>
  <testcase name="AmenorrheaTypeTest" time="69.781" classname="com_Milan_Test.WMenstrualHistoryTest"/>
  <testcase name="CycleDurationTest" time="68.482" classname="com_Milan_Test.WMenstrualHistoryTest"/>
  <testcase name="SavevaluesTest" time="70.255" classname="com_Milan_Test.WMenstrualHistoryTest"/>
  <testcase name="MenstruationTest1" time="70.411" classname="com_Milan_Test.WMenstrualHistoryTest"/>
  <testcase name="MenstrualFlowtextTest" time="71.661" classname="com_Milan_Test.WMenstrualHistoryTest"/>
</testsuite> <!-- com_Milan_Test.WMenstrualHistoryTest -->
