<?xml version="1.0" encoding="UTF-8"?>
<!-- Generated by org.testng.reporters.JUnitReportReporter -->
<testsuite skipped="7" hostname="IVF111" name="com_Milan_Test.WSexsualHistoryTest" tests="12" failures="0" timestamp="17 Jun 2018 19:29:07 GMT" time="256.910" errors="1">
  <testcase name="Seup" time="99.625" classname="com_Milan_Test.WSexsualHistoryTest">
    <error type="java.lang.IndexOutOfBoundsException" message="Index: 0, Size: 0">
      <![CDATA[java.lang.IndexOutOfBoundsException: Index: 0, Size: 0
	at java.util.ArrayList.rangeCheck(Unknown Source)
	at java.util.ArrayList.get(Unknown Source)
	at com_milan_POM.HomePage.searchPaient(HomePage.java:219)
	at com_Milan_Test.WSexsualHistoryTest.Seup(WSexsualHistoryTest.java:45)
	at sun.reflect.NativeMethodAccessorImpl.invoke0(Native Method)
	at sun.reflect.NativeMethodAccessorImpl.invoke(Unknown Source)
	at sun.reflect.DelegatingMethodAccessorImpl.invoke(Unknown Source)
	at java.lang.reflect.Method.invoke(Unknown Source)
	at org.testng.internal.MethodInvocationHelper.invokeMethod(MethodInvocationHelper.java:108)
	at org.testng.internal.Invoker.invokeConfigurationMethod(Invoker.java:523)
	at org.testng.internal.Invoker.invokeConfigurations(Invoker.java:224)
	at org.testng.internal.Invoker.invokeMethod(Invoker.java:599)
	at org.testng.internal.Invoker.invokeTestMethod(Invoker.java:869)
	at org.testng.internal.Invoker.invokeTestMethods(Invoker.java:1193)
	at org.testng.internal.TestMethodWorker.invokeTestMethods(TestMethodWorker.java:126)
	at org.testng.internal.TestMethodWorker.run(TestMethodWorker.java:109)
	at org.testng.TestRunner.privateRun(TestRunner.java:744)
	at org.testng.TestRunner.run(TestRunner.java:602)
	at org.testng.SuiteRunner.runTest(SuiteRunner.java:380)
	at org.testng.SuiteRunner.access$000(SuiteRunner.java:39)
	at org.testng.SuiteRunner$SuiteWorker.run(SuiteRunner.java:414)
	at org.testng.internal.thread.ThreadUtil$1.call(ThreadUtil.java:52)
	at java.util.concurrent.FutureTask.run(Unknown Source)
	at java.util.concurrent.ThreadPoolExecutor.runWorker(Unknown Source)
	at java.util.concurrent.ThreadPoolExecutor$Worker.run(Unknown Source)
	at java.lang.Thread.run(Unknown Source)
]]>
    </error>
  </testcase> <!-- Seup -->
  <testcase name="InrelationshipsinceYearsTest" time="50.123" classname="com_Milan_Test.WSexsualHistoryTest"/>
  <testcase name="testRelationtlists" time="50.091" classname="com_Milan_Test.WSexsualHistoryTest"/>
  <testcase name="textboxSexualDysfunctionTest" time="51.582" classname="com_Milan_Test.WSexsualHistoryTest"/>
  <testcase name="FillSexsuslHistorytest" time="5.489" classname="com_Milan_Test.WSexsualHistoryTest"/>
  <testcase name="SexInrelationshipsinceMonthsTest" time="0.000" classname="com_Milan_Test.WSexsualHistoryTest">
    <skipped/>
  </testcase> <!-- SexInrelationshipsinceMonthsTest -->
  <testcase name="numberofcharacterexualDysfunctionTest" time="0.000" classname="com_Milan_Test.WSexsualHistoryTest">
    <skipped/>
  </testcase> <!-- numberofcharacterexualDysfunctionTest -->
  <testcase name="DyspareuniatextTest" time="0.000" classname="com_Milan_Test.WSexsualHistoryTest">
    <skipped/>
  </testcase> <!-- DyspareuniatextTest -->
  <testcase name="Lubricationusedtext" time="0.000" classname="com_Milan_Test.WSexsualHistoryTest">
    <skipped/>
  </testcase> <!-- Lubricationusedtext -->
  <testcase name="Remarktexttest" time="0.000" classname="com_Milan_Test.WSexsualHistoryTest">
    <skipped/>
  </testcase> <!-- Remarktexttest -->
  <testcase name="TryingToConcieveSinceYearTest" time="0.000" classname="com_Milan_Test.WSexsualHistoryTest">
    <skipped/>
  </testcase> <!-- TryingToConcieveSinceYearTest -->
  <testcase name="TryingToConcieveSinceMonthTest" time="0.000" classname="com_Milan_Test.WSexsualHistoryTest">
    <skipped/>
  </testcase> <!-- TryingToConcieveSinceMonthTest -->
</testsuite> <!-- com_Milan_Test.WSexsualHistoryTest -->
