<?xml version="1.0" encoding="UTF-8"?>
<!-- Generated by org.testng.reporters.JUnitReportReporter -->
<testsuite skipped="4" hostname="IVF111" name="com_Milan_Test.CycleListPageTest" tests="16" failures="0" timestamp="05 Sep 2018 16:23:26 GMT" time="1742.032" errors="0">
  <testcase name="NewCycleButtonEnableConditionTest" time="103.055" classname="com_Milan_Test.CycleListPageTest"/>
  <testcase name="CycleListTitleTest" time="104.147" classname="com_Milan_Test.CycleListPageTest"/>
  <testcase name="ClickonNewCycleTest" time="106.223" classname="com_Milan_Test.CycleListPageTest"/>
  <testcase name="EnabledconditionARTTypeTest" time="105.741" classname="com_Milan_Test.CycleListPageTest"/>
  <testcase name="ARTTypeOptionTest" time="119.482" classname="com_Milan_Test.CycleListPageTest"/>
  <testcase name="ProtocolandselectionTest" time="113.550" classname="com_Milan_Test.CycleListPageTest"/>
  <testcase name="MethodOfSemenCollectionTest" time="137.868" classname="com_Milan_Test.CycleListPageTest">
    <skipped/>
  </testcase> <!-- MethodOfSemenCollectionTest -->
  <testcase name="MethodOfSemenCollectionTest" time="110.992" classname="com_Milan_Test.CycleListPageTest"/>
  <testcase name="SourceofspermPartnerTest" time="109.867" classname="com_Milan_Test.CycleListPageTest">
    <skipped/>
  </testcase> <!-- SourceofspermPartnerTest -->
  <testcase name="SourceofspermPartnerTest" time="111.476" classname="com_Milan_Test.CycleListPageTest"/>
  <testcase name="SourceofSpermselectionDonorTest" time="111.478" classname="com_Milan_Test.CycleListPageTest"/>
  <testcase name="SimulationDrugTest" time="164.734" classname="com_Milan_Test.CycleListPageTest"/>
  <testcase name="LMPDateTest" time="109.450" classname="com_Milan_Test.CycleListPageTest">
    <skipped/>
  </testcase> <!-- LMPDateTest -->
  <testcase name="LMPDateTest" time="111.950" classname="com_Milan_Test.CycleListPageTest"/>
  <testcase name="SaveTheCycleTest" time="122.019" classname="com_Milan_Test.CycleListPageTest"/>
  <testcase name="LMPDateTest1" classname="com_Milan_Test.CycleListPageTest">
    <skipped/>
  </testcase> <!-- LMPDateTest1 -->
</testsuite> <!-- com_Milan_Test.CycleListPageTest -->
