<?xml version="1.0" encoding="UTF-8"?>
<!-- Generated by org.testng.reporters.JUnitReportReporter -->
<testsuite skipped="0" hostname="IVF111" name="com_Milan_Test.LoginPageTest" tests="4" failures="0" timestamp="27 Jul 2018 21:10:22 GMT" time="40.249" errors="0">
  <testcase name="InvalidusernameTest" time="9.747" classname="com_Milan_Test.LoginPageTest"/>
  <testcase name="InvalidPasswordTest" time="13.246" classname="com_Milan_Test.LoginPageTest"/>
  <testcase name="ButtonEnableConditionTest" time="6.627" classname="com_Milan_Test.LoginPageTest"/>
  <testcase name="LoginTest" time="10.629" classname="com_Milan_Test.LoginPageTest"/>
</testsuite> <!-- com_Milan_Test.LoginPageTest -->
