<?xml version="1.0" encoding="UTF-8"?>
<!-- Generated by org.testng.reporters.JUnitReportReporter -->
<testsuite skipped="0" hostname="IVF111" name="com_Milan_Test.WVitalsTest" tests="15" failures="0" timestamp="05 Sep 2018 16:23:26 GMT" time="859.853" errors="0">
  <testcase name="BPSystolicBundryValueTest" time="63.877" classname="com_Milan_Test.WVitalsTest"/>
  <testcase name="BMITest" time="60.475" classname="com_Milan_Test.WVitalsTest"/>
  <testcase name="BPSystolicBundryValueTest" time="57.672" classname="com_Milan_Test.WVitalsTest"/>
  <testcase name="BMITest" time="54.370" classname="com_Milan_Test.WVitalsTest"/>
  <testcase name="BPSystolicBundryValueTest" time="56.463" classname="com_Milan_Test.WVitalsTest"/>
  <testcase name="BMITest" time="66.812" classname="com_Milan_Test.WVitalsTest"/>
  <testcase name="BPSystolicBundryValueTest" time="52.963" classname="com_Milan_Test.WVitalsTest"/>
  <testcase name="BMITest" time="55.211" classname="com_Milan_Test.WVitalsTest"/>
  <testcase name="BPSystolicBundryValueTest" time="52.848" classname="com_Milan_Test.WVitalsTest"/>
  <testcase name="BMITest" time="55.099" classname="com_Milan_Test.WVitalsTest"/>
  <testcase name="SaveAllVitalsValuesTest" time="57.786" classname="com_Milan_Test.WVitalsTest"/>
  <testcase name="SaveAllVitalsValuesTest" time="56.306" classname="com_Milan_Test.WVitalsTest"/>
  <testcase name="SaveAllVitalsValuesTest" time="55.933" classname="com_Milan_Test.WVitalsTest"/>
  <testcase name="SaveAllVitalsValuesTest" time="56.305" classname="com_Milan_Test.WVitalsTest"/>
  <testcase name="SaveAllVitalsValuesTest" time="57.733" classname="com_Milan_Test.WVitalsTest"/>
</testsuite> <!-- com_Milan_Test.WVitalsTest -->
