<?xml version="1.0" encoding="UTF-8"?>
<!-- Generated by org.testng.reporters.JUnitReportReporter -->
<testsuite skipped="2" hostname="IVF111" name="com_Milan_Test.CycleListPageTest" tests="14" failures="0" timestamp="11 Aug 2018 10:03:59 GMT" time="786.546" errors="0">
  <testcase name="NewCycleButtonEnableConditionTest" time="55.136" classname="com_Milan_Test.CycleListPageTest"/>
  <testcase name="CycleListTitleTest" time="57.154" classname="com_Milan_Test.CycleListPageTest"/>
  <testcase name="ClickonNewCycleTest" time="58.446" classname="com_Milan_Test.CycleListPageTest"/>
  <testcase name="EnabledconditionARTTypeTest" time="80.445" classname="com_Milan_Test.CycleListPageTest"/>
  <testcase name="ARTTypeOptionTest" time="60.478" classname="com_Milan_Test.CycleListPageTest"/>
  <testcase name="ProtocolandselectionTest" time="64.819" classname="com_Milan_Test.CycleListPageTest"/>
  <testcase name="MethodOfSemenCollectionTest" time="63.010" classname="com_Milan_Test.CycleListPageTest"/>
  <testcase name="SourceofspermPartnerTest" time="54.753" classname="com_Milan_Test.CycleListPageTest"/>
  <testcase name="SourceofSpermselectionDonorTest" time="57.741" classname="com_Milan_Test.CycleListPageTest"/>
  <testcase name="SimulationDrugTest" time="57.895" classname="com_Milan_Test.CycleListPageTest"/>
  <testcase name="SimulationDrugTest" time="55.515" classname="com_Milan_Test.CycleListPageTest">
    <skipped/>
  </testcase> <!-- SimulationDrugTest -->
  <testcase name="LMPDateTest" time="61.138" classname="com_Milan_Test.CycleListPageTest"/>
  <testcase name="SaveTheCycleTest" time="60.016" classname="com_Milan_Test.CycleListPageTest"/>
  <testcase name="LMPDateTest1" classname="com_Milan_Test.CycleListPageTest">
    <skipped/>
  </testcase> <!-- LMPDateTest1 -->
</testsuite> <!-- com_Milan_Test.CycleListPageTest -->
