<?xml version="1.0" encoding="UTF-8"?>
<!-- Generated by org.testng.reporters.JUnitReportReporter -->
<testsuite skipped="2" hostname="IVF111" name="com_Milan_Test.WcomplaintsTest" tests="5" failures="0" timestamp="07 Jul 2018 12:36:00 GMT" time="347.928" errors="0">
  <testcase name="NumberOfComplaintsTest" time="24.584" classname="com_Milan_Test.WcomplaintsTest"/>
  <testcase name="SaveTheComplaintsTest" time="55.342" classname="com_Milan_Test.WcomplaintsTest">
    <skipped/>
  </testcase> <!-- SaveTheComplaintsTest -->
  <testcase name="SaveTheComplaintsTest" time="158.674" classname="com_Milan_Test.WcomplaintsTest"/>
  <testcase name="NextFollowUpTest" time="24.349" classname="com_Milan_Test.WcomplaintsTest"/>
  <testcase name="NextFollowUpTest" time="84.979" classname="com_Milan_Test.WcomplaintsTest">
    <skipped/>
  </testcase> <!-- NextFollowUpTest -->
</testsuite> <!-- com_Milan_Test.WcomplaintsTest -->
