<?xml version="1.0" encoding="UTF-8"?>
<!-- Generated by org.testng.reporters.JUnitReportReporter -->
<testsuite skipped="0" hostname="IVF111" name="com_Milan_Test.WVitalsTest" tests="15" failures="0" timestamp="19 Jul 2018 18:16:06 GMT" time="831.903" errors="0">
  <testcase name="BPSystolicBundryValueTest" time="55.292" classname="com_Milan_Test.WVitalsTest"/>
  <testcase name="BPSystolicBundryValueTest" time="54.299" classname="com_Milan_Test.WVitalsTest"/>
  <testcase name="BPSystolicBundryValueTest" time="52.952" classname="com_Milan_Test.WVitalsTest"/>
  <testcase name="BPSystolicBundryValueTest" time="53.699" classname="com_Milan_Test.WVitalsTest"/>
  <testcase name="BMITest" time="55.964" classname="com_Milan_Test.WVitalsTest"/>
  <testcase name="BMITest" time="53.628" classname="com_Milan_Test.WVitalsTest"/>
  <testcase name="BMITest" time="56.917" classname="com_Milan_Test.WVitalsTest"/>
  <testcase name="BMITest" time="56.550" classname="com_Milan_Test.WVitalsTest"/>
  <testcase name="BPSystolicBundryValueTest" time="51.307" classname="com_Milan_Test.WVitalsTest"/>
  <testcase name="BMITest" time="56.099" classname="com_Milan_Test.WVitalsTest"/>
  <testcase name="SaveAllVitalsValuesTest" time="57.165" classname="com_Milan_Test.WVitalsTest"/>
  <testcase name="SaveAllVitalsValuesTest" time="56.792" classname="com_Milan_Test.WVitalsTest"/>
  <testcase name="SaveAllVitalsValuesTest" time="57.139" classname="com_Milan_Test.WVitalsTest"/>
  <testcase name="SaveAllVitalsValuesTest" time="55.235" classname="com_Milan_Test.WVitalsTest"/>
  <testcase name="SaveAllVitalsValuesTest" time="58.865" classname="com_Milan_Test.WVitalsTest"/>
</testsuite> <!-- com_Milan_Test.WVitalsTest -->
