<?xml version="1.0" encoding="UTF-8"?>
<!-- Generated by org.testng.reporters.JUnitReportReporter -->
<testsuite skipped="0" hostname="IVF11" name="com_Milan_Test.WPastMedicationHistoryTest" tests="1" failures="0" timestamp="25 Apr 2018 13:45:02 GMT" time="48.665" errors="0">
  <testcase name="DrugNameTest" time="48.665" classname="com_Milan_Test.WPastMedicationHistoryTest"/>
</testsuite> <!-- com_Milan_Test.WPastMedicationHistoryTest -->
