<?xml version="1.0" encoding="UTF-8"?>
<!-- Generated by org.testng.reporters.JUnitReportReporter -->
<testsuite skipped="0" hostname="IVF111" name="com_Milan_Test.LoginPageTest" tests="4" failures="0" timestamp="22 Jul 2018 17:29:53 GMT" time="40.402" errors="0">
  <testcase name="InvalidusernameTest" time="10.644" classname="com_Milan_Test.LoginPageTest"/>
  <testcase name="InvalidPasswordTest" time="14.148" classname="com_Milan_Test.LoginPageTest"/>
  <testcase name="ButtonEnableConditionTest" time="6.424" classname="com_Milan_Test.LoginPageTest"/>
  <testcase name="LoginTest" time="9.186" classname="com_Milan_Test.LoginPageTest"/>
</testsuite> <!-- com_Milan_Test.LoginPageTest -->
