<?xml version="1.0" encoding="UTF-8"?>
<!-- Generated by org.testng.reporters.JUnitReportReporter -->
<testsuite skipped="0" hostname="IVF111" name="com_Milan_Test.LoginPageTest" tests="4" failures="0" timestamp="22 Aug 2018 16:17:17 GMT" time="53.261" errors="0">
  <testcase name="InvalidusernameTest" time="10.120" classname="com_Milan_Test.LoginPageTest"/>
  <testcase name="InvalidPasswordTest" time="26.885" classname="com_Milan_Test.LoginPageTest"/>
  <testcase name="ButtonEnableConditionTest" time="7.073" classname="com_Milan_Test.LoginPageTest"/>
  <testcase name="LoginTest" time="9.183" classname="com_Milan_Test.LoginPageTest"/>
</testsuite> <!-- com_Milan_Test.LoginPageTest -->
