<?xml version="1.0" encoding="UTF-8"?>
<!-- Generated by org.testng.reporters.JUnitReportReporter -->
<testsuite skipped="2" hostname="IVF111" name="com_Milan_Test.WOPUCycyclePageTest" tests="3" failures="0" timestamp="28 Jun 2018 08:23:09 GMT" time="104.130" errors="0">
  <testcase name="ClickonCycletabTest" time="104.130" classname="com_Milan_Test.WOPUCycyclePageTest"/>
  <testcase name="ARTCycleAvailabilityMessageBeforeSaveTheCycleTest" classname="com_Milan_Test.WOPUCycyclePageTest">
    <skipped/>
  </testcase> <!-- ARTCycleAvailabilityMessageBeforeSaveTheCycleTest -->
  <testcase name="SearchcycleTest" classname="com_Milan_Test.WOPUCycyclePageTest">
    <skipped/>
  </testcase> <!-- SearchcycleTest -->
</testsuite> <!-- com_Milan_Test.WOPUCycyclePageTest -->
