<?xml version="1.0" encoding="UTF-8"?>
<!-- Generated by org.testng.reporters.JUnitReportReporter -->
<testsuite skipped="7" hostname="IVF111" name="com_Milan_Test.WomenHistoryPageTest" tests="11" failures="0" timestamp="09 Jul 2018 16:39:15 GMT" time="206.425" errors="0">
  <testcase name="AllergiesTest" time="51.354" classname="com_Milan_Test.WomenHistoryPageTest"/>
  <testcase name="AddictionsTest" time="50.544" classname="com_Milan_Test.WomenHistoryPageTest"/>
  <testcase name="VaccinationTest" time="50.700" classname="com_Milan_Test.WomenHistoryPageTest"/>
  <testcase name="socialHistoryTest" time="53.827" classname="com_Milan_Test.WomenHistoryPageTest"/>
  <testcase name="pastMedicationHistoryTest" classname="com_Milan_Test.WomenHistoryPageTest">
    <skipped/>
  </testcase> <!-- pastMedicationHistoryTest -->
  <testcase name="MedicalHistoryTest" classname="com_Milan_Test.WomenHistoryPageTest">
    <skipped/>
  </testcase> <!-- MedicalHistoryTest -->
  <testcase name="FamilyHistoryTest" classname="com_Milan_Test.WomenHistoryPageTest">
    <skipped/>
  </testcase> <!-- FamilyHistoryTest -->
  <testcase name="ObstetricHistoryTest" classname="com_Milan_Test.WomenHistoryPageTest">
    <skipped/>
  </testcase> <!-- ObstetricHistoryTest -->
  <testcase name="SexualHistoryTest" classname="com_Milan_Test.WomenHistoryPageTest">
    <skipped/>
  </testcase> <!-- SexualHistoryTest -->
  <testcase name="PreviousTreatmentHistoryTest" classname="com_Milan_Test.WomenHistoryPageTest">
    <skipped/>
  </testcase> <!-- PreviousTreatmentHistoryTest -->
  <testcase name="SurgicalHistoryTest" classname="com_Milan_Test.WomenHistoryPageTest">
    <skipped/>
  </testcase> <!-- SurgicalHistoryTest -->
</testsuite> <!-- com_Milan_Test.WomenHistoryPageTest -->
