<?xml version="1.0" encoding="UTF-8"?>
<!-- Generated by org.testng.reporters.JUnitReportReporter -->
<testsuite skipped="4" hostname="IVF111" name="com_Milan_Test.WMenstrualHistoryTest" tests="8" failures="0" timestamp="13 May 2018 13:58:34 GMT" time="230.125" errors="0">
  <testcase name="CycleDurationTest" time="57.165" classname="com_Milan_Test.WMenstrualHistoryTest"/>
  <testcase name="SavevaluesTest" time="58.209" classname="com_Milan_Test.WMenstrualHistoryTest"/>
  <testcase name="MenstruationTest1" time="56.564" classname="com_Milan_Test.WMenstrualHistoryTest"/>
  <testcase name="MenstrualFlowtextTest" time="58.187" classname="com_Milan_Test.WMenstrualHistoryTest"/>
  <testcase name="AgeOfMenarcheRangeSartTest" classname="com_Milan_Test.WMenstrualHistoryTest">
    <skipped/>
  </testcase> <!-- AgeOfMenarcheRangeSartTest -->
  <testcase name="AmenorrheaTypeTest" classname="com_Milan_Test.WMenstrualHistoryTest">
    <skipped/>
  </testcase> <!-- AmenorrheaTypeTest -->
  <testcase name="LMPcalenderdateSelectionTest" classname="com_Milan_Test.WMenstrualHistoryTest">
    <skipped/>
  </testcase> <!-- LMPcalenderdateSelectionTest -->
  <testcase name="MenarcheRangeEndTest" classname="com_Milan_Test.WMenstrualHistoryTest">
    <skipped/>
  </testcase> <!-- MenarcheRangeEndTest -->
</testsuite> <!-- com_Milan_Test.WMenstrualHistoryTest -->
