<?xml version="1.0" encoding="UTF-8"?>
<!-- Generated by org.testng.reporters.JUnitReportReporter -->
<testsuite skipped="2" hostname="IVF111" name="com_Milan_Test.WInvestigationPageTest" tests="4" failures="0" timestamp="02 Jul 2018 21:40:21 GMT" time="62.157" errors="0">
  <testcase name="IVFPACKAGEARTCyclecountTest" time="30.690" classname="com_Milan_Test.WInvestigationPageTest"/>
  <testcase name="OUIARTSubTypesTest" time="31.467" classname="com_Milan_Test.WInvestigationPageTest"/>
  <testcase name="OPUCycleTest" classname="com_Milan_Test.WInvestigationPageTest">
    <skipped/>
  </testcase> <!-- OPUCycleTest -->
  <testcase name="CycleCreationTest" classname="com_Milan_Test.WInvestigationPageTest">
    <skipped/>
  </testcase> <!-- CycleCreationTest -->
</testsuite> <!-- com_Milan_Test.WInvestigationPageTest -->
