<?xml version="1.0" encoding="UTF-8"?>
<!-- Generated by org.testng.reporters.JUnitReportReporter -->
<testsuite skipped="0" hostname="IVF111" name="com_Milan_Test.SearchPageTest" tests="2" failures="0" timestamp="08 Jun 2018 20:30:01 GMT" time="75.988" errors="0">
  <testcase name="SearchPatientUsingCalenderTest" time="26.433" classname="com_Milan_Test.SearchPageTest"/>
  <testcase name="SearchPatientUsingPatientTabTest" time="49.555" classname="com_Milan_Test.SearchPageTest"/>
</testsuite> <!-- com_Milan_Test.SearchPageTest -->
