<?xml version="1.0" encoding="UTF-8"?>
<!-- Generated by org.testng.reporters.JUnitReportReporter -->
<testsuite skipped="1" hostname="IVF111" name="com_Milan_Test.WAddictionsTest" tests="21" failures="0" timestamp="26 Aug 2018 18:19:40 GMT" time="1068.526" errors="0">
  <testcase name="CurrentStatusEnableConditionSmokeTest" time="52.848" classname="com_Milan_Test.WAddictionsTest"/>
  <testcase name="CurrentStatusEnableConditionAlkoholTest" time="51.868" classname="com_Milan_Test.WAddictionsTest"/>
  <testcase name="CurrentStatusEnableConditionTobacoTest" time="48.938" classname="com_Milan_Test.WAddictionsTest"/>
  <testcase name="CurrentStatusEnableConditionAdictionTest" time="52.420" classname="com_Milan_Test.WAddictionsTest"/>
  <testcase name="CurrentStatusEnableConditionCaffeineAddictionTest" time="51.150" classname="com_Milan_Test.WAddictionsTest"/>
  <testcase name="SenceWhenEnableconditionSinceWhenYearSmokeTest" time="51.750" classname="com_Milan_Test.WAddictionsTest"/>
  <testcase name="SenceWhenEnableconditionSinceWhenYearAlkoholTest" time="49.269" classname="com_Milan_Test.WAddictionsTest"/>
  <testcase name="SenceWhenEnableconditionSinceWhenYearTobacoTest" time="51.396" classname="com_Milan_Test.WAddictionsTest"/>
  <testcase name="SenceWhenEnableconditionSinceWhenDrugAddictionYearTest" time="49.540" classname="com_Milan_Test.WAddictionsTest"/>
  <testcase name="SinceWhenEnableconditionSinceWhenCaffeineAddictionTest" time="50.291" classname="com_Milan_Test.WAddictionsTest"/>
  <testcase name="SinceWhenEnableconditionSinceWhenMonthSmokeTest" time="49.958" classname="com_Milan_Test.WAddictionsTest"/>
  <testcase name="SinceWhenEnableconditionSinceWhenMonthAlkoholTest" time="62.538" classname="com_Milan_Test.WAddictionsTest"/>
  <testcase name="SinceWhenEnableconditionSinceWhenMonthTobocoTest" time="49.487" classname="com_Milan_Test.WAddictionsTest"/>
  <testcase name="SinceWhenEnableconditionSinceWhenMonthForDrugAdictionTest" time="59.778" classname="com_Milan_Test.WAddictionsTest"/>
  <testcase name="SinceWhenEnableconditionSinceWhenMonthForCaffeineAddictionTest" time="51.407" classname="com_Milan_Test.WAddictionsTest"/>
  <testcase name="saveAdictionsTest" time="57.050" classname="com_Milan_Test.WAddictionsTest"/>
  <testcase name="saveAdictionsTest" time="56.674" classname="com_Milan_Test.WAddictionsTest"/>
  <testcase name="saveAdictionsTest" time="56.538" classname="com_Milan_Test.WAddictionsTest"/>
  <testcase name="saveAdictionsTest" time="59.246" classname="com_Milan_Test.WAddictionsTest"/>
  <testcase name="saveAdictionsTest" time="56.380" classname="com_Milan_Test.WAddictionsTest"/>
  <testcase name="SaveNewAdictionsTest" classname="com_Milan_Test.WAddictionsTest">
    <skipped/>
  </testcase> <!-- SaveNewAdictionsTest -->
</testsuite> <!-- com_Milan_Test.WAddictionsTest -->
