<?xml version="1.0" encoding="UTF-8"?>
<!-- Generated by org.testng.reporters.JUnitReportReporter -->
<testsuite skipped="0" hostname="IVF111" name="com_Milan_Test.WAddictionsTest" tests="21" failures="0" timestamp="24 Jul 2018 17:43:29 GMT" time="1045.230" errors="1">
  <testcase name="CurrentStatusEnableConditionSmokeTest" time="49.349" classname="com_Milan_Test.WAddictionsTest"/>
  <testcase name="CurrentStatusEnableConditionAlkoholTest" time="53.293" classname="com_Milan_Test.WAddictionsTest"/>
  <testcase name="CurrentStatusEnableConditionTobacoTest" time="51.410" classname="com_Milan_Test.WAddictionsTest"/>
  <testcase name="CurrentStatusEnableConditionAdictionTest" time="52.002" classname="com_Milan_Test.WAddictionsTest"/>
  <testcase name="CurrentStatusEnableConditionCaffeineAddictionTest" time="49.686" classname="com_Milan_Test.WAddictionsTest"/>
  <testcase name="SenceWhenEnableconditionSinceWhenYearSmokeTest" time="48.691" classname="com_Milan_Test.WAddictionsTest"/>
  <testcase name="SenceWhenEnableconditionSinceWhenYearAlkoholTest" time="48.792" classname="com_Milan_Test.WAddictionsTest"/>
  <testcase name="SenceWhenEnableconditionSinceWhenYearTobacoTest" time="48.926" classname="com_Milan_Test.WAddictionsTest"/>
  <testcase name="SenceWhenEnableconditionSinceWhenDrugAddictionYearTest" time="50.848" classname="com_Milan_Test.WAddictionsTest"/>
  <testcase name="SinceWhenEnableconditionSinceWhenCaffeineAddictionTest" time="50.545" classname="com_Milan_Test.WAddictionsTest"/>
  <testcase name="SinceWhenEnableconditionSinceWhenMonthSmokeTest" time="50.573" classname="com_Milan_Test.WAddictionsTest"/>
  <testcase name="SinceWhenEnableconditionSinceWhenMonthAlkoholTest" time="49.388" classname="com_Milan_Test.WAddictionsTest"/>
  <testcase name="SinceWhenEnableconditionSinceWhenMonthTobocoTest" time="50.518" classname="com_Milan_Test.WAddictionsTest"/>
  <testcase name="SinceWhenEnableconditionSinceWhenMonthForDrugAdictionTest" time="52.086" classname="com_Milan_Test.WAddictionsTest"/>
  <testcase name="SinceWhenEnableconditionSinceWhenMonthForCaffeineAddictionTest" time="51.038" classname="com_Milan_Test.WAddictionsTest"/>
  <testcase name="saveAdictionsTest" time="57.653" classname="com_Milan_Test.WAddictionsTest"/>
  <testcase name="saveAdictionsTest" time="57.811" classname="com_Milan_Test.WAddictionsTest"/>
  <testcase name="saveAdictionsTest" time="59.325" classname="com_Milan_Test.WAddictionsTest"/>
  <testcase name="saveAdictionsTest" time="56.981" classname="com_Milan_Test.WAddictionsTest"/>
  <testcase name="saveAdictionsTest" time="56.315" classname="com_Milan_Test.WAddictionsTest"/>
  <testcase name="saveNewAdictions" time="0.000" classname="com_Milan_Test.WAddictionsTest">
    <error type="org.testng.TestNGException" message="
Cannot inject @Test annotated Method [saveNewAdictions] with [class java.lang.String, class java.lang.String, class java.lang.String, class java.lang.String, class java.lang.String, class java.lang.String].
For more information on native dependency injection please refer to http://testng.org/doc/documentation-main.html#native-dependency-injection">
      <![CDATA[org.testng.TestNGException: 
Cannot inject @Test annotated Method [saveNewAdictions] with [class java.lang.String, class java.lang.String, class java.lang.String, class java.lang.String, class java.lang.String, class java.lang.String].
For more information on native dependency injection please refer to http://testng.org/doc/documentation-main.html#native-dependency-injection
	at org.testng.internal.Parameters.checkParameterTypes(Parameters.java:244)
	at org.testng.internal.Parameters.createParameters(Parameters.java:172)
	at org.testng.internal.Parameters.createParameters(Parameters.java:458)
	at org.testng.internal.Parameters.handleParameters(Parameters.java:569)
	at org.testng.internal.Invoker.handleParameters(Invoker.java:1308)
	at org.testng.internal.Invoker.createParameters(Invoker.java:1036)
	at org.testng.internal.Invoker.invokeTestMethods(Invoker.java:1126)
	at org.testng.internal.TestMethodWorker.invokeTestMethods(TestMethodWorker.java:126)
	at org.testng.internal.TestMethodWorker.run(TestMethodWorker.java:109)
	at org.testng.TestRunner.privateRun(TestRunner.java:744)
	at org.testng.TestRunner.run(TestRunner.java:602)
	at org.testng.SuiteRunner.runTest(SuiteRunner.java:380)
	at org.testng.SuiteRunner.access$000(SuiteRunner.java:39)
	at org.testng.SuiteRunner$SuiteWorker.run(SuiteRunner.java:414)
	at org.testng.internal.thread.ThreadUtil$1.call(ThreadUtil.java:52)
	at java.util.concurrent.FutureTask.run(Unknown Source)
	at java.util.concurrent.ThreadPoolExecutor.runWorker(Unknown Source)
	at java.util.concurrent.ThreadPoolExecutor$Worker.run(Unknown Source)
	at java.lang.Thread.run(Unknown Source)
]]>
    </error>
  </testcase> <!-- saveNewAdictions -->
</testsuite> <!-- com_Milan_Test.WAddictionsTest -->
