<?xml version="1.0" encoding="UTF-8"?>
<!-- Generated by org.testng.reporters.JUnitReportReporter -->
<testsuite skipped="0" hostname="IVF111" name="com_Milan_Test.LoginPageTest" tests="4" failures="0" timestamp="09 Sep 2018 10:27:43 GMT" time="69.356" errors="0">
  <testcase name="InvalidusernameTest" time="13.058" classname="com_Milan_Test.LoginPageTest"/>
  <testcase name="InvalidPasswordTest" time="15.481" classname="com_Milan_Test.LoginPageTest"/>
  <testcase name="ButtonEnableConditionTest" time="9.769" classname="com_Milan_Test.LoginPageTest"/>
  <testcase name="LoginTest" time="31.048" classname="com_Milan_Test.LoginPageTest"/>
</testsuite> <!-- com_Milan_Test.LoginPageTest -->
