<?xml version="1.0" encoding="UTF-8"?>
<!-- Generated by org.testng.reporters.JUnitReportReporter -->
<testsuite skipped="0" hostname="IVF111" name="com_Milan_Test.WOPUCycyclePageTest" tests="6" failures="0" timestamp="01 Jun 2018 06:47:39 GMT" time="256.247" errors="0">
  <testcase name="SearchcycleTest" time="24.799" classname="com_Milan_Test.WOPUCycyclePageTest"/>
  <testcase name="NoofCyclesTest" time="58.452" classname="com_Milan_Test.WOPUCycyclePageTest"/>
  <testcase name="OPUsubtypeICSITest" time="58.650" classname="com_Milan_Test.WOPUCycyclePageTest"/>
  <testcase name="ARTCycleAvailabilityMessageTest" time="26.794" classname="com_Milan_Test.WOPUCycyclePageTest"/>
  <testcase name="DeleteARTCycleTest" time="28.995" classname="com_Milan_Test.WOPUCycyclePageTest"/>
  <testcase name="ClickonCycletabTest" time="58.557" classname="com_Milan_Test.WOPUCycyclePageTest"/>
</testsuite> <!-- com_Milan_Test.WOPUCycyclePageTest -->
