<?xml version="1.0" encoding="UTF-8"?>
<!-- Generated by org.testng.reporters.JUnitReportReporter -->
<testsuite skipped="2" hostname="IVF111" name="com_Milan_Test.SimulationChartPageTest" tests="5" failures="0" timestamp="27 Jul 2018 21:10:22 GMT" time="507.962" errors="0">
  <testcase name="SaveSimulationTest" time="115.431" classname="com_Milan_Test.SimulationChartPageTest"/>
  <testcase name="SimulationDrugValidationTest" time="122.362" classname="com_Milan_Test.SimulationChartPageTest"/>
  <testcase name="InvalidDateTest" time="270.169" classname="com_Milan_Test.SimulationChartPageTest"/>
  <testcase name="EnableconditionAddSimulationDrugTest" classname="com_Milan_Test.SimulationChartPageTest">
    <skipped/>
  </testcase> <!-- EnableconditionAddSimulationDrugTest -->
  <testcase name="AddDrugNames" classname="com_Milan_Test.SimulationChartPageTest">
    <skipped/>
  </testcase> <!-- AddDrugNames -->
</testsuite> <!-- com_Milan_Test.SimulationChartPageTest -->
