<?xml version="1.0" encoding="UTF-8"?>
<!-- Generated by org.testng.reporters.JUnitReportReporter -->
<testsuite skipped="0" hostname="IVF111" name="com_Milan_Test.WPastMedicationHistoryTest" tests="3" failures="0" timestamp="22 Jul 2018 17:29:53 GMT" time="168.899" errors="0">
  <testcase name="DrugNameTest" time="54.330" classname="com_Milan_Test.WPastMedicationHistoryTest"/>
  <testcase name="DrugNameFieldEnableconditionTest" time="59.188" classname="com_Milan_Test.WPastMedicationHistoryTest"/>
  <testcase name="pastMedicationHistorysetdataTest" time="55.381" classname="com_Milan_Test.WPastMedicationHistoryTest"/>
</testsuite> <!-- com_Milan_Test.WPastMedicationHistoryTest -->
