<?xml version="1.0" encoding="UTF-8"?>
<!-- Generated by org.testng.reporters.JUnitReportReporter -->
<testsuite skipped="0" hostname="IVF111" name="com_Milan_Test.WPastMedicationHistoryTest" tests="3" failures="0" timestamp="22 Jul 2018 22:02:53 GMT" time="172.152" errors="0">
  <testcase name="DrugNameTest" time="57.564" classname="com_Milan_Test.WPastMedicationHistoryTest"/>
  <testcase name="DrugNameFieldEnableconditionTest" time="59.659" classname="com_Milan_Test.WPastMedicationHistoryTest"/>
  <testcase name="pastMedicationHistorysetdataTest" time="54.929" classname="com_Milan_Test.WPastMedicationHistoryTest"/>
</testsuite> <!-- com_Milan_Test.WPastMedicationHistoryTest -->
