<?xml version="1.0" encoding="UTF-8"?>
<!-- Generated by org.testng.reporters.JUnitReportReporter -->
<testsuite skipped="0" hostname="IVF111" name="com_Milan_Test.EMRDashBoardPageTest" tests="7" failures="0" timestamp="13 Aug 2018 08:58:19 GMT" time="266.509" errors="0">
  <testcase name="ClickonWoomenPaientFieldTest" time="50.389" classname="com_Milan_Test.EMRDashBoardPageTest"/>
  <testcase name="ClickOnMenPaientHistory" time="51.114" classname="com_Milan_Test.EMRDashBoardPageTest"/>
  <testcase name="ClickOnDiagnosisTest" time="53.180" classname="com_Milan_Test.EMRDashBoardPageTest"/>
  <testcase name="ClickOnInvestigationTest" time="20.820" classname="com_Milan_Test.EMRDashBoardPageTest"/>
  <testcase name="ClickOnVitalTest" time="52.099" classname="com_Milan_Test.EMRDashBoardPageTest"/>
  <testcase name="ClickOnComplaintTest" time="19.667" classname="com_Milan_Test.EMRDashBoardPageTest"/>
  <testcase name="ClickOnSiemenProcessingTest" time="19.240" classname="com_Milan_Test.EMRDashBoardPageTest"/>
</testsuite> <!-- com_Milan_Test.EMRDashBoardPageTest -->
