<?xml version="1.0" encoding="UTF-8"?>
<!-- Generated by org.testng.reporters.JUnitReportReporter -->
<testsuite skipped="1" hostname="IVF111" name="com_Milan_Test.CycleListPageTest" tests="11" failures="0" timestamp="27 Jun 2018 13:41:02 GMT" time="976.008" errors="0">
  <testcase name="ClickonNewCycleTest" time="80.258" classname="com_Milan_Test.CycleListPageTest"/>
  <testcase name="CycleListTitleTest" time="74.693" classname="com_Milan_Test.CycleListPageTest"/>
  <testcase name="NewCycleButtonEnableConditionTest" time="74.148" classname="com_Milan_Test.CycleListPageTest"/>
  <testcase name="EnabledconditionARTTypeTest" time="80.880" classname="com_Milan_Test.CycleListPageTest"/>
  <testcase name="ProtocolandselectionTest" time="221.033" classname="com_Milan_Test.CycleListPageTest"/>
  <testcase name="MethodOfSemenCollectionTest" time="80.867" classname="com_Milan_Test.CycleListPageTest"/>
  <testcase name="SourceofspermPartnerTest" time="79.082" classname="com_Milan_Test.CycleListPageTest"/>
  <testcase name="SourceofSpermselectionDonorTest" time="79.991" classname="com_Milan_Test.CycleListPageTest"/>
  <testcase name="SimulationDrugTest" time="79.108" classname="com_Milan_Test.CycleListPageTest"/>
  <testcase name="SaveTheCycleTest" time="125.948" classname="com_Milan_Test.CycleListPageTest"/>
  <testcase name="ARTTypeOptionTest" classname="com_Milan_Test.CycleListPageTest">
    <skipped/>
  </testcase> <!-- ARTTypeOptionTest -->
</testsuite> <!-- com_Milan_Test.CycleListPageTest -->
