<?xml version="1.0" encoding="UTF-8"?>
<!-- Generated by org.testng.reporters.JUnitReportReporter -->
<testsuite skipped="3" hostname="IVF111" name="com_Milan_Test.EMRDashBoardPageTest" tests="4" failures="0" timestamp="28 May 2018 19:13:35 GMT" time="23.192" errors="0">
  <testcase name="ClickOnInvestigation" time="23.192" classname="com_Milan_Test.EMRDashBoardPageTest"/>
  <testcase name="ClickOnMenPaientHistory" classname="com_Milan_Test.EMRDashBoardPageTest">
    <skipped/>
  </testcase> <!-- ClickOnMenPaientHistory -->
  <testcase name="ClickonWoomenPaientFieldTest" classname="com_Milan_Test.EMRDashBoardPageTest">
    <skipped/>
  </testcase> <!-- ClickonWoomenPaientFieldTest -->
  <testcase name="ClickOnDiagnosisTest" classname="com_Milan_Test.EMRDashBoardPageTest">
    <skipped/>
  </testcase> <!-- ClickOnDiagnosisTest -->
</testsuite> <!-- com_Milan_Test.EMRDashBoardPageTest -->
