<?xml version="1.0" encoding="UTF-8"?>
<!-- Generated by org.testng.reporters.JUnitReportReporter -->
<testsuite skipped="0" hostname="IVF111" name="com_Milan_Test.WMenstrualHistoryTest" tests="8" failures="0" timestamp="11 Jul 2018 21:22:08 GMT" time="411.373" errors="0">
  <testcase name="AgeOfMenarcheRangeSartTest" time="51.390" classname="com_Milan_Test.WMenstrualHistoryTest"/>
  <testcase name="MenarcheRangeEndTest" time="51.117" classname="com_Milan_Test.WMenstrualHistoryTest"/>
  <testcase name="LMPcalenderdateSelectionTest" time="54.005" classname="com_Milan_Test.WMenstrualHistoryTest"/>
  <testcase name="AmenorrheaTypeTest" time="50.126" classname="com_Milan_Test.WMenstrualHistoryTest"/>
  <testcase name="SavevaluesTest" time="52.512" classname="com_Milan_Test.WMenstrualHistoryTest"/>
  <testcase name="CycleDurationTest" time="52.691" classname="com_Milan_Test.WMenstrualHistoryTest"/>
  <testcase name="MenstruationTest1" time="49.081" classname="com_Milan_Test.WMenstrualHistoryTest"/>
  <testcase name="MenstrualFlowtextTest" time="50.451" classname="com_Milan_Test.WMenstrualHistoryTest"/>
</testsuite> <!-- com_Milan_Test.WMenstrualHistoryTest -->
