<?xml version="1.0" encoding="UTF-8"?>
<!-- Generated by org.testng.reporters.JUnitReportReporter -->
<testsuite skipped="7" hostname="IVF111" name="com_Milan_Test.CycleListPageTest" tests="12" failures="0" timestamp="10 Jun 2018 09:57:31 GMT" time="1148.218" errors="0">
  <testcase name="ARTTypeOptionTest" time="169.814" classname="com_Milan_Test.CycleListPageTest">
    <skipped/>
  </testcase> <!-- ARTTypeOptionTest -->
  <testcase name="ARTTypeOptionTest" time="139.862" classname="com_Milan_Test.CycleListPageTest"/>
  <testcase name="NoofProtocolandselectionTest" time="140.866" classname="com_Milan_Test.CycleListPageTest">
    <skipped/>
  </testcase> <!-- NoofProtocolandselectionTest -->
  <testcase name="NoofProtocolandselectionTest" time="139.457" classname="com_Milan_Test.CycleListPageTest"/>
  <testcase name="NoofProtocolandselectionTest" time="140.557" classname="com_Milan_Test.CycleListPageTest">
    <skipped/>
  </testcase> <!-- NoofProtocolandselectionTest -->
  <testcase name="MethodofSemenCollectionTest" time="140.183" classname="com_Milan_Test.CycleListPageTest"/>
  <testcase name="MethodSourceofspermTest" time="136.544" classname="com_Milan_Test.CycleListPageTest"/>
  <testcase name="SourceofSpermselectionTest" time="140.935" classname="com_Milan_Test.CycleListPageTest"/>
  <testcase name="CycleListTitleTest" classname="com_Milan_Test.CycleListPageTest">
    <skipped/>
  </testcase> <!-- CycleListTitleTest -->
  <testcase name="EnabledconditionARTTypeTest" classname="com_Milan_Test.CycleListPageTest">
    <skipped/>
  </testcase> <!-- EnabledconditionARTTypeTest -->
  <testcase name="NewCycleButtonEnableConditionTest" classname="com_Milan_Test.CycleListPageTest">
    <skipped/>
  </testcase> <!-- NewCycleButtonEnableConditionTest -->
  <testcase name="ClickonNewCycleTest" classname="com_Milan_Test.CycleListPageTest">
    <skipped/>
  </testcase> <!-- ClickonNewCycleTest -->
</testsuite> <!-- com_Milan_Test.CycleListPageTest -->
