<?xml version="1.0" encoding="UTF-8"?>
<!-- Generated by org.testng.reporters.JUnitReportReporter -->
<testsuite skipped="0" hostname="IVF111" name="com_Milan_Test.WVitalsTest" tests="15" failures="0" timestamp="09 Jul 2018 16:39:15 GMT" time="826.772" errors="0">
  <testcase name="BPSystolicBundryValueTest" time="51.096" classname="com_Milan_Test.WVitalsTest"/>
  <testcase name="BMITest" time="53.796" classname="com_Milan_Test.WVitalsTest"/>
  <testcase name="BMITest" time="56.032" classname="com_Milan_Test.WVitalsTest"/>
  <testcase name="BPSystolicBundryValueTest" time="55.257" classname="com_Milan_Test.WVitalsTest"/>
  <testcase name="BMITest" time="53.857" classname="com_Milan_Test.WVitalsTest"/>
  <testcase name="BPSystolicBundryValueTest" time="57.745" classname="com_Milan_Test.WVitalsTest"/>
  <testcase name="BMITest" time="53.471" classname="com_Milan_Test.WVitalsTest"/>
  <testcase name="BPSystolicBundryValueTest" time="55.160" classname="com_Milan_Test.WVitalsTest"/>
  <testcase name="BMITest" time="56.913" classname="com_Milan_Test.WVitalsTest"/>
  <testcase name="BPSystolicBundryValueTest" time="51.670" classname="com_Milan_Test.WVitalsTest"/>
  <testcase name="SaveAllVitalsValuesTest" time="57.560" classname="com_Milan_Test.WVitalsTest"/>
  <testcase name="SaveAllVitalsValuesTest" time="57.403" classname="com_Milan_Test.WVitalsTest"/>
  <testcase name="SaveAllVitalsValuesTest" time="56.602" classname="com_Milan_Test.WVitalsTest"/>
  <testcase name="SaveAllVitalsValuesTest" time="54.749" classname="com_Milan_Test.WVitalsTest"/>
  <testcase name="SaveAllVitalsValuesTest" time="55.461" classname="com_Milan_Test.WVitalsTest"/>
</testsuite> <!-- com_Milan_Test.WVitalsTest -->
