<?xml version="1.0" encoding="UTF-8"?>
<!-- Generated by org.testng.reporters.JUnitReportReporter -->
<testsuite skipped="1" hostname="IVF111" name="com_Milan_Test.WPastMedicationHistoryTest" tests="3" failures="0" timestamp="15 May 2018 20:01:40 GMT" time="113.207" errors="0">
  <testcase name="DrugNameTest" time="57.072" classname="com_Milan_Test.WPastMedicationHistoryTest"/>
  <testcase name="DrugNameFieldEnableconditionTest" time="56.135" classname="com_Milan_Test.WPastMedicationHistoryTest"/>
  <testcase name="pastMedicationHistorysetdataTest" classname="com_Milan_Test.WPastMedicationHistoryTest">
    <skipped/>
  </testcase> <!-- pastMedicationHistorysetdataTest -->
</testsuite> <!-- com_Milan_Test.WPastMedicationHistoryTest -->
