<?xml version="1.0" encoding="UTF-8"?>
<!-- Generated by org.testng.reporters.JUnitReportReporter -->
<testsuite skipped="3" hostname="IVF111" name="com_Milan_Test.WOPUCycyclePageTest" tests="8" failures="0" timestamp="04 Jun 2018 19:28:08 GMT" time="182.911" errors="0">
  <testcase name="SearchcycleTest" time="24.699" classname="com_Milan_Test.WOPUCycyclePageTest"/>
  <testcase name="NoofCyclesTest" time="27.215" classname="com_Milan_Test.WOPUCycyclePageTest"/>
  <testcase name="ARTCycleAvailabilityMessageTest" time="27.643" classname="com_Milan_Test.WOPUCycyclePageTest"/>
  <testcase name="ClickonCycletabTest" time="51.547" classname="com_Milan_Test.WOPUCycyclePageTest">
    <skipped/>
  </testcase> <!-- ClickonCycletabTest -->
  <testcase name="ClickonCycletabTest" time="31.145" classname="com_Milan_Test.WOPUCycyclePageTest"/>
  <testcase name="NoofProtocolTest" time="20.662" classname="com_Milan_Test.WOPUCycyclePageTest"/>
  <testcase name="OPUsubtypeICSITest" classname="com_Milan_Test.WOPUCycyclePageTest">
    <skipped/>
  </testcase> <!-- OPUsubtypeICSITest -->
  <testcase name="DeleteARTCycleTest" classname="com_Milan_Test.WOPUCycyclePageTest">
    <skipped/>
  </testcase> <!-- DeleteARTCycleTest -->
</testsuite> <!-- com_Milan_Test.WOPUCycyclePageTest -->
