<?xml version="1.0" encoding="UTF-8"?>
<!-- Generated by org.testng.reporters.JUnitReportReporter -->
<testsuite skipped="4" hostname="IVF111" name="com_Milan_Test.WInvestigationPageTest" tests="5" failures="0" timestamp="28 May 2018 17:32:48 GMT" time="61.883" errors="0">
  <testcase name="OPUCycleTest" time="61.883" classname="com_Milan_Test.WInvestigationPageTest"/>
  <testcase name="IVFPACKAGEARTCyclecountTest" classname="com_Milan_Test.WInvestigationPageTest">
    <skipped/>
  </testcase> <!-- IVFPACKAGEARTCyclecountTest -->
  <testcase name="CycleCreationTest" classname="com_Milan_Test.WInvestigationPageTest">
    <skipped/>
  </testcase> <!-- CycleCreationTest -->
  <testcase name="OUIARTSubTypesTest" classname="com_Milan_Test.WInvestigationPageTest">
    <skipped/>
  </testcase> <!-- OUIARTSubTypesTest -->
  <testcase name="cycletypesTest" classname="com_Milan_Test.WInvestigationPageTest">
    <skipped/>
  </testcase> <!-- cycletypesTest -->
</testsuite> <!-- com_Milan_Test.WInvestigationPageTest -->
