<?xml version="1.0" encoding="UTF-8"?>
<!-- Generated by org.testng.reporters.JUnitReportReporter -->
<testsuite skipped="0" hostname="IVF11" name="com_Milan_Test.WPastMedicationHistoryTest" tests="2" failures="0" timestamp="27 Apr 2018 09:11:24 GMT" time="98.540" errors="0">
  <testcase name="DrugNameTest" time="46.712" classname="com_Milan_Test.WPastMedicationHistoryTest"/>
  <testcase name="DrugNameFieldEnableconditionTest" time="51.828" classname="com_Milan_Test.WPastMedicationHistoryTest"/>
</testsuite> <!-- com_Milan_Test.WPastMedicationHistoryTest -->
