<?xml version="1.0" encoding="UTF-8"?>
<!-- Generated by org.testng.reporters.JUnitReportReporter -->
<testsuite skipped="16" hostname="IVF111" name="com_Milan_Test.WAddictionsTest" tests="17" failures="0" timestamp="18 May 2018 10:09:39 GMT" time="0.000" errors="1">
  <testcase name="saveNewAdictions" time="0.000" classname="com_Milan_Test.WAddictionsTest">
    <error type="org.testng.TestNGException" message="
Cannot inject @Test annotated Method [saveNewAdictions] with [class java.lang.String, class java.lang.String, class java.lang.String, class java.lang.String, class java.lang.String, class java.lang.String].
For more information on native dependency injection please refer to http://testng.org/doc/documentation-main.html#native-dependency-injection">
      <![CDATA[org.testng.TestNGException: 
Cannot inject @Test annotated Method [saveNewAdictions] with [class java.lang.String, class java.lang.String, class java.lang.String, class java.lang.String, class java.lang.String, class java.lang.String].
For more information on native dependency injection please refer to http://testng.org/doc/documentation-main.html#native-dependency-injection
	at org.testng.internal.Parameters.checkParameterTypes(Parameters.java:244)
	at org.testng.internal.Parameters.createParameters(Parameters.java:172)
	at org.testng.internal.Parameters.createParameters(Parameters.java:458)
	at org.testng.internal.Parameters.handleParameters(Parameters.java:569)
	at org.testng.internal.Invoker.handleParameters(Invoker.java:1308)
	at org.testng.internal.Invoker.createParameters(Invoker.java:1036)
	at org.testng.internal.Invoker.invokeTestMethods(Invoker.java:1126)
	at org.testng.internal.TestMethodWorker.invokeTestMethods(TestMethodWorker.java:126)
	at org.testng.internal.TestMethodWorker.run(TestMethodWorker.java:109)
	at org.testng.TestRunner.privateRun(TestRunner.java:744)
	at org.testng.TestRunner.run(TestRunner.java:602)
	at org.testng.SuiteRunner.runTest(SuiteRunner.java:380)
	at org.testng.SuiteRunner.runSequentially(SuiteRunner.java:375)
	at org.testng.SuiteRunner.privateRun(SuiteRunner.java:340)
	at org.testng.SuiteRunner.run(SuiteRunner.java:289)
	at org.testng.SuiteRunnerWorker.runSuite(SuiteRunnerWorker.java:52)
	at org.testng.SuiteRunnerWorker.run(SuiteRunnerWorker.java:86)
	at org.testng.TestNG.runSuitesSequentially(TestNG.java:1301)
	at org.testng.TestNG.runSuitesLocally(TestNG.java:1226)
	at org.testng.TestNG.runSuites(TestNG.java:1144)
	at org.testng.TestNG.run(TestNG.java:1115)
	at org.testng.remote.AbstractRemoteTestNG.run(AbstractRemoteTestNG.java:114)
	at org.testng.remote.RemoteTestNG.initAndRun(RemoteTestNG.java:251)
	at org.testng.remote.RemoteTestNG.main(RemoteTestNG.java:77)
]]>
    </error>
  </testcase> <!-- saveNewAdictions -->
  <testcase name="SinceWhenEnableconditionSinceWhenCaffeineAddictionTest" classname="com_Milan_Test.WAddictionsTest">
    <skipped/>
  </testcase> <!-- SinceWhenEnableconditionSinceWhenCaffeineAddictionTest -->
  <testcase name="CurrentStatusEnableConditionAlkoholTest" classname="com_Milan_Test.WAddictionsTest">
    <skipped/>
  </testcase> <!-- CurrentStatusEnableConditionAlkoholTest -->
  <testcase name="SinceWhenEnableconditionSinceWhenMonthAlkoholTest" classname="com_Milan_Test.WAddictionsTest">
    <skipped/>
  </testcase> <!-- SinceWhenEnableconditionSinceWhenMonthAlkoholTest -->
  <testcase name="saveAdictions" classname="com_Milan_Test.WAddictionsTest">
    <skipped/>
  </testcase> <!-- saveAdictions -->
  <testcase name="SenceWhenEnableconditionSinceWhenYearAlkoholTest" classname="com_Milan_Test.WAddictionsTest">
    <skipped/>
  </testcase> <!-- SenceWhenEnableconditionSinceWhenYearAlkoholTest -->
  <testcase name="CurrentStatusEnableConditionCaffeineAddictionTest" classname="com_Milan_Test.WAddictionsTest">
    <skipped/>
  </testcase> <!-- CurrentStatusEnableConditionCaffeineAddictionTest -->
  <testcase name="SinceWhenEnableconditionSinceWhenMonthForCaffeineAddiction" classname="com_Milan_Test.WAddictionsTest">
    <skipped/>
  </testcase> <!-- SinceWhenEnableconditionSinceWhenMonthForCaffeineAddiction -->
  <testcase name="SinceWhenEnableconditionSinceWhenMonthForDrugAdictionTest" classname="com_Milan_Test.WAddictionsTest">
    <skipped/>
  </testcase> <!-- SinceWhenEnableconditionSinceWhenMonthForDrugAdictionTest -->
  <testcase name="CurrentStatusEnableConditionAdictionTest" classname="com_Milan_Test.WAddictionsTest">
    <skipped/>
  </testcase> <!-- CurrentStatusEnableConditionAdictionTest -->
  <testcase name="CurrentStatusEnableConditionSmokeTest" classname="com_Milan_Test.WAddictionsTest">
    <skipped/>
  </testcase> <!-- CurrentStatusEnableConditionSmokeTest -->
  <testcase name="SenceWhenEnableconditionSinceWhenDrugAddictionYearTest" classname="com_Milan_Test.WAddictionsTest">
    <skipped/>
  </testcase> <!-- SenceWhenEnableconditionSinceWhenDrugAddictionYearTest -->
  <testcase name="SenceWhenEnableconditionSinceWhenYearSmokeTest" classname="com_Milan_Test.WAddictionsTest">
    <skipped/>
  </testcase> <!-- SenceWhenEnableconditionSinceWhenYearSmokeTest -->
  <testcase name="SinceWhenEnableconditionSinceWhenMonthTobocoTest" classname="com_Milan_Test.WAddictionsTest">
    <skipped/>
  </testcase> <!-- SinceWhenEnableconditionSinceWhenMonthTobocoTest -->
  <testcase name="SenceWhenEnableconditionSinceWhenYearTobacoTest" classname="com_Milan_Test.WAddictionsTest">
    <skipped/>
  </testcase> <!-- SenceWhenEnableconditionSinceWhenYearTobacoTest -->
  <testcase name="CurrentStatusEnableConditionTobacoTest" classname="com_Milan_Test.WAddictionsTest">
    <skipped/>
  </testcase> <!-- CurrentStatusEnableConditionTobacoTest -->
  <testcase name="SinceWhenEnableconditionSinceWhenMonthSmokeTest" classname="com_Milan_Test.WAddictionsTest">
    <skipped/>
  </testcase> <!-- SinceWhenEnableconditionSinceWhenMonthSmokeTest -->
</testsuite> <!-- com_Milan_Test.WAddictionsTest -->
