<?xml version="1.0" encoding="UTF-8"?>
<!-- Generated by org.testng.reporters.JUnitReportReporter -->
<testsuite skipped="0" hostname="IVF11" name="com_Milan_Test.WcomplaintsTest" tests="2" failures="0" timestamp="05 May 2018 18:18:14 GMT" time="283.350" errors="0">
  <testcase name="NewPatientPresentingComplaintsTest" time="140.086" classname="com_Milan_Test.WcomplaintsTest"/>
  <testcase name="SaveTheComplaintsTest" time="143.264" classname="com_Milan_Test.WcomplaintsTest"/>
</testsuite> <!-- com_Milan_Test.WcomplaintsTest -->
