<?xml version="1.0" encoding="UTF-8"?>
<!-- Generated by org.testng.reporters.JUnitReportReporter -->
<testsuite skipped="1" hostname="IVF111" name="com_Milan_Test.WAllergiesTest" tests="7" failures="0" timestamp="19 Jul 2018 10:15:06 GMT" time="498.431" errors="0">
  <testcase name="AllergySelectionTest" time="152.909" classname="com_Milan_Test.WAllergiesTest">
    <skipped/>
  </testcase> <!-- AllergySelectionTest -->
  <testcase name="AllergySelectionTest" time="67.931" classname="com_Milan_Test.WAllergiesTest"/>
  <testcase name="FoodAllergyvalidationTest" time="68.699" classname="com_Milan_Test.WAllergiesTest"/>
  <testcase name="AddNewAllergiesTest" time="54.297" classname="com_Milan_Test.WAllergiesTest"/>
  <testcase name="AllergiesOnDashboardforNewPatientTest" time="50.746" classname="com_Milan_Test.WAllergiesTest"/>
  <testcase name="OptionSelectedOnAllergyCurrentStstusTest" time="50.528" classname="com_Milan_Test.WAllergiesTest"/>
  <testcase name="ExistingPatientDrugAllergyTypeTest" time="53.321" classname="com_Milan_Test.WAllergiesTest"/>
</testsuite> <!-- com_Milan_Test.WAllergiesTest -->
