<?xml version="1.0" encoding="UTF-8"?>
<!-- Generated by org.testng.reporters.JUnitReportReporter -->
<testsuite skipped="0" hostname="IVF111" name="com_Milan_Test.WSexsualHistoryTest" tests="11" failures="0" timestamp="13 Jul 2018 13:39:10 GMT" time="594.919" errors="0">
  <testcase name="InrelationshipsinceYearsTest" time="51.398" classname="com_Milan_Test.WSexsualHistoryTest"/>
  <testcase name="testRelationtlists" time="64.206" classname="com_Milan_Test.WSexsualHistoryTest"/>
  <testcase name="textboxSexualDysfunctionTest" time="53.128" classname="com_Milan_Test.WSexsualHistoryTest"/>
  <testcase name="FillSexsuslHistorytest" time="55.114" classname="com_Milan_Test.WSexsualHistoryTest"/>
  <testcase name="SexInrelationshipsinceMonthsTest" time="56.616" classname="com_Milan_Test.WSexsualHistoryTest"/>
  <testcase name="numberofcharacterexualDysfunctionTest" time="54.191" classname="com_Milan_Test.WSexsualHistoryTest"/>
  <testcase name="DyspareuniatextTest" time="50.221" classname="com_Milan_Test.WSexsualHistoryTest"/>
  <testcase name="Lubricationusedtext" time="50.950" classname="com_Milan_Test.WSexsualHistoryTest"/>
  <testcase name="Remarktexttest" time="53.642" classname="com_Milan_Test.WSexsualHistoryTest"/>
  <testcase name="TryingToConcieveSinceYearTest" time="52.434" classname="com_Milan_Test.WSexsualHistoryTest"/>
  <testcase name="TryingToConcieveSinceMonthTest" time="53.019" classname="com_Milan_Test.WSexsualHistoryTest"/>
</testsuite> <!-- com_Milan_Test.WSexsualHistoryTest -->
