<?xml version="1.0" encoding="UTF-8"?>
<!-- Generated by org.testng.reporters.JUnitReportReporter -->
<testsuite skipped="0" hostname="IVF111" name="com_Milan_Test.SearchPageTest" tests="2" failures="0" timestamp="28 May 2018 18:05:42 GMT" time="48.121" errors="0">
  <testcase name="SearchPatientUsingCalenderTest" time="27.812" classname="com_Milan_Test.SearchPageTest"/>
  <testcase name="SearchPatientUsingPatientTabTest" time="20.309" classname="com_Milan_Test.SearchPageTest"/>
</testsuite> <!-- com_Milan_Test.SearchPageTest -->
