<?xml version="1.0" encoding="UTF-8"?>
<!-- Generated by org.testng.reporters.JUnitReportReporter -->
<testsuite skipped="0" hostname="IVF111" name="com_Milan_Test.CycleOverviewPageTest" tests="4" failures="0" timestamp="22 Jul 2018 22:02:53 GMT" time="371.058" errors="0">
  <testcase name="ValueInSourceofSpermOptionTest" time="98.276" classname="com_Milan_Test.CycleOverviewPageTest"/>
  <testcase name="ValueInMethodOfSemenCollectionOptionTest" time="97.020" classname="com_Milan_Test.CycleOverviewPageTest"/>
  <testcase name="ValueInProtocolTest" time="88.090" classname="com_Milan_Test.CycleOverviewPageTest"/>
  <testcase name="ValueInARTTypeTest" time="87.672" classname="com_Milan_Test.CycleOverviewPageTest"/>
</testsuite> <!-- com_Milan_Test.CycleOverviewPageTest -->
