<?xml version="1.0" encoding="UTF-8"?>
<!-- Generated by org.testng.reporters.JUnitReportReporter -->
<testsuite skipped="1" hostname="IVF111" name="com_Milan_Test.HomePageTest" tests="4" failures="0" timestamp="28 Jul 2018 22:03:12 GMT" time="71.260" errors="0">
  <testcase name="SearchPatientUsingPatientTabTest" time="18.961" classname="com_Milan_Test.HomePageTest"/>
  <testcase name="SearchPatientUsingCalenderTest" time="28.825" classname="com_Milan_Test.HomePageTest"/>
  <testcase name="ClickOnCmrTest" time="23.474" classname="com_Milan_Test.HomePageTest"/>
  <testcase name="DatacreationTest" classname="com_Milan_Test.HomePageTest">
    <skipped/>
  </testcase> <!-- DatacreationTest -->
</testsuite> <!-- com_Milan_Test.HomePageTest -->
