<?xml version="1.0" encoding="UTF-8"?>
<!-- Generated by org.testng.reporters.JUnitReportReporter -->
<testsuite skipped="0" hostname="IVF111" name="com_Milan_Test.LoginPageTest" tests="4" failures="0" timestamp="11 Jul 2018 21:22:07 GMT" time="42.105" errors="0">
  <testcase name="InvalidusernameTest" time="9.851" classname="com_Milan_Test.LoginPageTest"/>
  <testcase name="InvalidPasswordTest" time="14.870" classname="com_Milan_Test.LoginPageTest"/>
  <testcase name="ButtonEnableConditionTest" time="6.676" classname="com_Milan_Test.LoginPageTest"/>
  <testcase name="LoginTest" time="10.708" classname="com_Milan_Test.LoginPageTest"/>
</testsuite> <!-- com_Milan_Test.LoginPageTest -->
