<?xml version="1.0" encoding="UTF-8"?>
<!-- Generated by org.testng.reporters.JUnitReportReporter -->
<testsuite skipped="0" hostname="IVF111" name="com_Milan_Test.WVitalsTest" tests="15" failures="0" timestamp="09 Sep 2018 10:27:43 GMT" time="903.033" errors="0">
  <testcase name="BPSystolicBundryValueTest" time="53.637" classname="com_Milan_Test.WVitalsTest"/>
  <testcase name="BPSystolicBundryValueTest" time="55.918" classname="com_Milan_Test.WVitalsTest"/>
  <testcase name="BPSystolicBundryValueTest" time="60.011" classname="com_Milan_Test.WVitalsTest"/>
  <testcase name="BPSystolicBundryValueTest" time="53.165" classname="com_Milan_Test.WVitalsTest"/>
  <testcase name="BMITest" time="55.089" classname="com_Milan_Test.WVitalsTest"/>
  <testcase name="BMITest" time="59.062" classname="com_Milan_Test.WVitalsTest"/>
  <testcase name="BPSystolicBundryValueTest" time="64.703" classname="com_Milan_Test.WVitalsTest"/>
  <testcase name="BMITest" time="56.929" classname="com_Milan_Test.WVitalsTest"/>
  <testcase name="BMITest" time="57.306" classname="com_Milan_Test.WVitalsTest"/>
  <testcase name="BMITest" time="66.797" classname="com_Milan_Test.WVitalsTest"/>
  <testcase name="SaveAllVitalsValuesTest" time="55.862" classname="com_Milan_Test.WVitalsTest"/>
  <testcase name="SaveAllVitalsValuesTest" time="67.327" classname="com_Milan_Test.WVitalsTest"/>
  <testcase name="SaveAllVitalsValuesTest" time="56.885" classname="com_Milan_Test.WVitalsTest"/>
  <testcase name="SaveAllVitalsValuesTest" time="67.802" classname="com_Milan_Test.WVitalsTest"/>
  <testcase name="SaveAllVitalsValuesTest" time="72.540" classname="com_Milan_Test.WVitalsTest"/>
</testsuite> <!-- com_Milan_Test.WVitalsTest -->
