<?xml version="1.0" encoding="UTF-8"?>
<!-- Generated by org.testng.reporters.JUnitReportReporter -->
<testsuite skipped="0" hostname="IVF111" name="com_Milan_Test.WomenHistoryPageTest" tests="11" failures="0" timestamp="20 Jun 2018 19:19:51 GMT" time="587.286" errors="0">
  <testcase name="SexualHistoryTest" time="51.184" classname="com_Milan_Test.WomenHistoryPageTest"/>
  <testcase name="ObstetricHistoryTest" time="50.473" classname="com_Milan_Test.WomenHistoryPageTest"/>
  <testcase name="MedicalHistoryTest" time="51.901" classname="com_Milan_Test.WomenHistoryPageTest"/>
  <testcase name="FamilyHistoryTest" time="78.784" classname="com_Milan_Test.WomenHistoryPageTest"/>
  <testcase name="SurgicalHistoryTest" time="49.952" classname="com_Milan_Test.WomenHistoryPageTest"/>
  <testcase name="PreviousTreatmentHistoryTest" time="52.481" classname="com_Milan_Test.WomenHistoryPageTest"/>
  <testcase name="pastMedicationHistoryTest" time="51.576" classname="com_Milan_Test.WomenHistoryPageTest"/>
  <testcase name="AllergiesTest" time="51.113" classname="com_Milan_Test.WomenHistoryPageTest"/>
  <testcase name="VaccinationTest" time="50.176" classname="com_Milan_Test.WomenHistoryPageTest"/>
  <testcase name="AddictionsTest" time="50.791" classname="com_Milan_Test.WomenHistoryPageTest"/>
  <testcase name="socialHistoryTest" time="48.855" classname="com_Milan_Test.WomenHistoryPageTest"/>
</testsuite> <!-- com_Milan_Test.WomenHistoryPageTest -->
