<?xml version="1.0" encoding="UTF-8"?>
<!-- Generated by org.testng.reporters.JUnitReportReporter -->
<testsuite skipped="4" hostname="IVF111" name="com_Milan_Test.SimulationChartPageTest" tests="8" failures="0" timestamp="26 Aug 2018 18:19:41 GMT" time="479.231" errors="0">
  <testcase name="SaveSimulationTest" time="88.118" classname="com_Milan_Test.SimulationChartPageTest">
    <skipped/>
  </testcase> <!-- SaveSimulationTest -->
  <testcase name="SaveSimulationTest" time="90.045" classname="com_Milan_Test.SimulationChartPageTest">
    <skipped/>
  </testcase> <!-- SaveSimulationTest -->
  <testcase name="SaveSimulationTest" time="64.491" classname="com_Milan_Test.SimulationChartPageTest"/>
  <testcase name="SimulationDrugValidationTest" time="73.470" classname="com_Milan_Test.SimulationChartPageTest"/>
  <testcase name="InvalidDateTest" time="104.475" classname="com_Milan_Test.SimulationChartPageTest"/>
  <testcase name="MessageonOPUPageTest" time="58.632" classname="com_Milan_Test.SimulationChartPageTest"/>
  <testcase name="EnableconditionAddSimulationDrugTest" classname="com_Milan_Test.SimulationChartPageTest">
    <skipped/>
  </testcase> <!-- EnableconditionAddSimulationDrugTest -->
  <testcase name="AddDrugNames" classname="com_Milan_Test.SimulationChartPageTest">
    <skipped/>
  </testcase> <!-- AddDrugNames -->
</testsuite> <!-- com_Milan_Test.SimulationChartPageTest -->
