<?xml version="1.0" encoding="UTF-8"?>
<!-- Generated by org.testng.reporters.JUnitReportReporter -->
<testsuite skipped="0" hostname="IVF111" name="com_Milan_Test.LoginPageTest" tests="4" failures="0" timestamp="04 Jun 2018 08:39:27 GMT" time="40.648" errors="0">
  <testcase name="InvalidusernameTest" time="10.232" classname="com_Milan_Test.LoginPageTest"/>
  <testcase name="InvalidPasswordTest" time="14.156" classname="com_Milan_Test.LoginPageTest"/>
  <testcase name="ButtonEnableConditionTest" time="7.613" classname="com_Milan_Test.LoginPageTest"/>
  <testcase name="LoginTest" time="8.647" classname="com_Milan_Test.LoginPageTest"/>
</testsuite> <!-- com_Milan_Test.LoginPageTest -->
