<?xml version="1.0" encoding="UTF-8"?>
<!-- Generated by org.testng.reporters.JUnitReportReporter -->
<testsuite skipped="0" hostname="IVF111" name="com_Milan_Test.WVitalsTest" tests="15" failures="0" timestamp="26 Aug 2018 18:19:40 GMT" time="820.390" errors="0">
  <testcase name="BMITest" time="53.472" classname="com_Milan_Test.WVitalsTest"/>
  <testcase name="BMITest" time="52.883" classname="com_Milan_Test.WVitalsTest"/>
  <testcase name="BMITest" time="53.727" classname="com_Milan_Test.WVitalsTest"/>
  <testcase name="BPSystolicBundryValueTest" time="50.422" classname="com_Milan_Test.WVitalsTest"/>
  <testcase name="BMITest" time="53.925" classname="com_Milan_Test.WVitalsTest"/>
  <testcase name="BMITest" time="55.853" classname="com_Milan_Test.WVitalsTest"/>
  <testcase name="BPSystolicBundryValueTest" time="52.970" classname="com_Milan_Test.WVitalsTest"/>
  <testcase name="BPSystolicBundryValueTest" time="52.354" classname="com_Milan_Test.WVitalsTest"/>
  <testcase name="BPSystolicBundryValueTest" time="51.410" classname="com_Milan_Test.WVitalsTest"/>
  <testcase name="BPSystolicBundryValueTest" time="55.873" classname="com_Milan_Test.WVitalsTest"/>
  <testcase name="SaveAllVitalsValuesTest" time="55.058" classname="com_Milan_Test.WVitalsTest"/>
  <testcase name="SaveAllVitalsValuesTest" time="56.342" classname="com_Milan_Test.WVitalsTest"/>
  <testcase name="SaveAllVitalsValuesTest" time="65.554" classname="com_Milan_Test.WVitalsTest"/>
  <testcase name="SaveAllVitalsValuesTest" time="54.227" classname="com_Milan_Test.WVitalsTest"/>
  <testcase name="SaveAllVitalsValuesTest" time="56.320" classname="com_Milan_Test.WVitalsTest"/>
</testsuite> <!-- com_Milan_Test.WVitalsTest -->
