<?xml version="1.0" encoding="UTF-8"?>
<!-- Generated by org.testng.reporters.JUnitReportReporter -->
<testsuite skipped="5" hostname="IVF111" name="com_Milan_Test.WAllergiesTest" tests="7" failures="0" timestamp="13 May 2018 13:58:34 GMT" time="581.720" errors="1">
  <testcase name="AddNewAllergiesTest" time="99.408" classname="com_Milan_Test.WAllergiesTest"/>
  <testcase name="ExistingPatientDrugAllergyTypeTest" time="121.795" classname="com_Milan_Test.WAllergiesTest">
    <error type="org.openqa.selenium.TimeoutException" message="Expected condition failed: waiting for visibility of element located by By.xpath: //span[text()=&#039;Queue Management&#039;]//following::i[3] (tried for 50 second(s) with 500 MILLISECONDS interval)">
      <![CDATA[org.openqa.selenium.TimeoutException: Expected condition failed: waiting for visibility of element located by By.xpath: //span[text()='Queue Management']//following::i[3] (tried for 50 second(s) with 500 MILLISECONDS interval)
	at org.openqa.selenium.support.ui.WebDriverWait.timeoutException(WebDriverWait.java:80)
	at org.openqa.selenium.support.ui.FluentWait.until(FluentWait.java:232)
	at com_milan_POM.HomePage.SearchusingCalender(HomePage.java:207)
	at com_Milan_Test.WAllergiesTest.ExistingPatientDrugAllergyTypeTest(WAllergiesTest.java:78)
	at sun.reflect.NativeMethodAccessorImpl.invoke0(Native Method)
	at sun.reflect.NativeMethodAccessorImpl.invoke(Unknown Source)
	at sun.reflect.DelegatingMethodAccessorImpl.invoke(Unknown Source)
	at java.lang.reflect.Method.invoke(Unknown Source)
	at org.testng.internal.MethodInvocationHelper.invokeMethod(MethodInvocationHelper.java:108)
	at org.testng.internal.Invoker.invokeMethod(Invoker.java:661)
	at org.testng.internal.Invoker.retryFailed(Invoker.java:1014)
	at org.testng.internal.Invoker.invokeTestMethods(Invoker.java:1215)
	at org.testng.internal.TestMethodWorker.invokeTestMethods(TestMethodWorker.java:126)
	at org.testng.internal.TestMethodWorker.run(TestMethodWorker.java:109)
	at org.testng.TestRunner.privateRun(TestRunner.java:744)
	at org.testng.TestRunner.run(TestRunner.java:602)
	at org.testng.SuiteRunner.runTest(SuiteRunner.java:380)
	at org.testng.SuiteRunner.access$000(SuiteRunner.java:39)
	at org.testng.SuiteRunner$SuiteWorker.run(SuiteRunner.java:414)
	at org.testng.internal.thread.ThreadUtil$1.call(ThreadUtil.java:52)
	at java.util.concurrent.FutureTask.run(Unknown Source)
	at java.util.concurrent.ThreadPoolExecutor.runWorker(Unknown Source)
	at java.util.concurrent.ThreadPoolExecutor$Worker.run(Unknown Source)
	at java.lang.Thread.run(Unknown Source)
Caused by: org.openqa.selenium.NoSuchElementException: Cannot locate an element using By.xpath: //span[text()='Queue Management']//following::i[3]
For documentation on this error, please visit: http://seleniumhq.org/exceptions/no_such_element.html
Build info: version: '3.5.3', revision: 'a88d25fe6b', time: '2017-08-29T12:42:44.417Z'
System info: host: 'IVF111', ip: '192.168.1.56', os.name: 'Windows 8.1', os.arch: 'amd64', os.version: '6.3', java.version: '1.8.0_161'
Driver info: driver.version: unknown
	at org.openqa.selenium.support.ui.ExpectedConditions.lambda$findElement$0(ExpectedConditions.java:883)
	at java.util.Optional.orElseThrow(Unknown Source)
	at org.openqa.selenium.support.ui.ExpectedConditions.findElement(ExpectedConditions.java:882)
	at org.openqa.selenium.support.ui.ExpectedConditions.access$000(ExpectedConditions.java:44)
	at org.openqa.selenium.support.ui.ExpectedConditions$7.apply(ExpectedConditions.java:206)
	at org.openqa.selenium.support.ui.ExpectedConditions$7.apply(ExpectedConditions.java:202)
	at org.openqa.selenium.support.ui.FluentWait.until(FluentWait.java:209)
	... 22 more
]]>
    </error>
  </testcase> <!-- ExistingPatientDrugAllergyTypeTest -->
  <testcase name="ExistingPatientDrugAllergyTypeTest" time="121.661" classname="com_Milan_Test.WAllergiesTest">
    <skipped/>
  </testcase> <!-- ExistingPatientDrugAllergyTypeTest -->
  <testcase name="ExistingPatientDrugAllergyTypeTest" time="119.932" classname="com_Milan_Test.WAllergiesTest">
    <skipped/>
  </testcase> <!-- ExistingPatientDrugAllergyTypeTest -->
  <testcase name="ExistingPatientDrugAllergyTypeTest" time="118.924" classname="com_Milan_Test.WAllergiesTest">
    <skipped/>
  </testcase> <!-- ExistingPatientDrugAllergyTypeTest -->
  <testcase name="OptionSelectedOnAllergyCurrentStstusTest" classname="com_Milan_Test.WAllergiesTest">
    <skipped/>
  </testcase> <!-- OptionSelectedOnAllergyCurrentStstusTest -->
  <testcase name="FoodAllergyvalidationTest" classname="com_Milan_Test.WAllergiesTest">
    <skipped/>
  </testcase> <!-- FoodAllergyvalidationTest -->
</testsuite> <!-- com_Milan_Test.WAllergiesTest -->
