<?xml version="1.0" encoding="UTF-8"?>
<!-- Generated by org.testng.reporters.JUnitReportReporter -->
<testsuite skipped="4" hostname="IVF111" name="com_Milan_Test.WOPUCycyclePageTest" tests="6" failures="0" timestamp="31 May 2018 15:22:31 GMT" time="84.061" errors="0">
  <testcase name="SearchcycleTest" time="23.814" classname="com_Milan_Test.WOPUCycyclePageTest"/>
  <testcase name="ClickonCycletabTest" time="60.247" classname="com_Milan_Test.WOPUCycyclePageTest"/>
  <testcase name="OPUsubtypeICSITest" classname="com_Milan_Test.WOPUCycyclePageTest">
    <skipped/>
  </testcase> <!-- OPUsubtypeICSITest -->
  <testcase name="DeleteARTCycleTest" classname="com_Milan_Test.WOPUCycyclePageTest">
    <skipped/>
  </testcase> <!-- DeleteARTCycleTest -->
  <testcase name="ARTCycleAvailabilityMessageTest" classname="com_Milan_Test.WOPUCycyclePageTest">
    <skipped/>
  </testcase> <!-- ARTCycleAvailabilityMessageTest -->
  <testcase name="NoofCyclesTest" classname="com_Milan_Test.WOPUCycyclePageTest">
    <skipped/>
  </testcase> <!-- NoofCyclesTest -->
</testsuite> <!-- com_Milan_Test.WOPUCycyclePageTest -->
