<?xml version="1.0" encoding="UTF-8"?>
<!-- Generated by org.testng.reporters.JUnitReportReporter -->
<testsuite skipped="0" hostname="IVF111" name="com_Milan_Test.WOPUCycyclePageTest" tests="9" failures="0" timestamp="13 Jul 2018 13:39:10 GMT" time="1057.703" errors="0">
  <testcase name="AddOneServiceAtleastMessageTest" time="24.603" classname="com_Milan_Test.WOPUCycyclePageTest"/>
  <testcase name="AleadySavedCycleTest" time="84.488" classname="com_Milan_Test.WOPUCycyclePageTest"/>
  <testcase name="SaveOPUsubtypeICSITest" time="127.239" classname="com_Milan_Test.WOPUCycyclePageTest"/>
  <testcase name="MessageforAlreadtyavailableCycleTest" time="219.148" classname="com_Milan_Test.WOPUCycyclePageTest"/>
  <testcase name="ARTCycleAvailabilityMessageBeforeSaveTheCycleTest" time="218.864" classname="com_Milan_Test.WOPUCycyclePageTest"/>
  <testcase name="SearchcycleTest" time="57.211" classname="com_Milan_Test.WOPUCycyclePageTest"/>
  <testcase name="DeleteTheSeviceBeforeSaveThecycleTest" time="72.376" classname="com_Milan_Test.WOPUCycyclePageTest"/>
  <testcase name="NoofCyclesTest" time="89.230" classname="com_Milan_Test.WOPUCycyclePageTest"/>
  <testcase name="ClickonCycletabTest" time="164.544" classname="com_Milan_Test.WOPUCycyclePageTest"/>
</testsuite> <!-- com_Milan_Test.WOPUCycyclePageTest -->
