<?xml version="1.0" encoding="UTF-8"?>
<!-- Generated by org.testng.reporters.JUnitReportReporter -->
<testsuite skipped="0" hostname="IVF111" name="com_Milan_Test.EMRDashBoardPageTest" tests="6" failures="0" timestamp="17 Jun 2018 19:29:07 GMT" time="258.175" errors="0">
  <testcase name="ClickonWoomenPaientFieldTest" time="49.999" classname="com_Milan_Test.EMRDashBoardPageTest"/>
  <testcase name="ClickOnMenPaientHistory" time="52.592" classname="com_Milan_Test.EMRDashBoardPageTest"/>
  <testcase name="ClickOnDiagnosisTest" time="53.978" classname="com_Milan_Test.EMRDashBoardPageTest"/>
  <testcase name="ClickOnInvestigationTest" time="24.177" classname="com_Milan_Test.EMRDashBoardPageTest"/>
  <testcase name="ClickOnVitalTest" time="52.601" classname="com_Milan_Test.EMRDashBoardPageTest"/>
  <testcase name="ClickOnComplaintTest" time="24.828" classname="com_Milan_Test.EMRDashBoardPageTest"/>
</testsuite> <!-- com_Milan_Test.EMRDashBoardPageTest -->
