<?xml version="1.0" encoding="UTF-8"?>
<!-- Generated by org.testng.reporters.JUnitReportReporter -->
<testsuite skipped="1" hostname="IVF111" name="com_Milan_Test.WVitalsTest" tests="16" failures="0" timestamp="07 Jul 2018 12:35:59 GMT" time="950.833" errors="0">
  <testcase name="BMITest" time="54.430" classname="com_Milan_Test.WVitalsTest"/>
  <testcase name="BPSystolicBundryValueTest" time="129.783" classname="com_Milan_Test.WVitalsTest"/>
  <testcase name="BMITest" time="55.802" classname="com_Milan_Test.WVitalsTest"/>
  <testcase name="BPSystolicBundryValueTest" time="53.056" classname="com_Milan_Test.WVitalsTest"/>
  <testcase name="BPSystolicBundryValueTest" time="55.420" classname="com_Milan_Test.WVitalsTest"/>
  <testcase name="BPSystolicBundryValueTest" time="52.088" classname="com_Milan_Test.WVitalsTest"/>
  <testcase name="BMITest" time="53.381" classname="com_Milan_Test.WVitalsTest"/>
  <testcase name="BMITest" time="56.502" classname="com_Milan_Test.WVitalsTest"/>
  <testcase name="BPSystolicBundryValueTest" time="50.914" classname="com_Milan_Test.WVitalsTest"/>
  <testcase name="BMITest" time="55.123" classname="com_Milan_Test.WVitalsTest"/>
  <testcase name="SaveAllVitalsValuesTest" time="58.515" classname="com_Milan_Test.WVitalsTest"/>
  <testcase name="SaveAllVitalsValuesTest" time="57.065" classname="com_Milan_Test.WVitalsTest"/>
  <testcase name="SaveAllVitalsValuesTest" time="52.873" classname="com_Milan_Test.WVitalsTest">
    <skipped/>
  </testcase> <!-- SaveAllVitalsValuesTest -->
  <testcase name="SaveAllVitalsValuesTest" time="56.825" classname="com_Milan_Test.WVitalsTest"/>
  <testcase name="SaveAllVitalsValuesTest" time="54.513" classname="com_Milan_Test.WVitalsTest"/>
  <testcase name="SaveAllVitalsValuesTest" time="54.543" classname="com_Milan_Test.WVitalsTest"/>
</testsuite> <!-- com_Milan_Test.WVitalsTest -->
