<?xml version="1.0" encoding="UTF-8"?>
<!-- Generated by org.testng.reporters.JUnitReportReporter -->
<testsuite skipped="2" hostname="IVF111" name="com_Milan_Test.EMRDashBoardPageTest" tests="6" failures="0" timestamp="06 Jun 2018 06:17:50 GMT" time="205.936" errors="0">
  <testcase name="ClickOnDiagnosisTest" time="22.598" classname="com_Milan_Test.EMRDashBoardPageTest"/>
  <testcase name="ClickOnInvestigationTest" time="22.440" classname="com_Milan_Test.EMRDashBoardPageTest"/>
  <testcase name="ClickOnVitalTest" time="54.779" classname="com_Milan_Test.EMRDashBoardPageTest"/>
  <testcase name="ClickOnComplaintTest" time="106.119" classname="com_Milan_Test.EMRDashBoardPageTest"/>
  <testcase name="ClickOnMenPaientHistory" classname="com_Milan_Test.EMRDashBoardPageTest">
    <skipped/>
  </testcase> <!-- ClickOnMenPaientHistory -->
  <testcase name="ClickonWoomenPaientFieldTest" classname="com_Milan_Test.EMRDashBoardPageTest">
    <skipped/>
  </testcase> <!-- ClickonWoomenPaientFieldTest -->
</testsuite> <!-- com_Milan_Test.EMRDashBoardPageTest -->
