<?xml version="1.0" encoding="UTF-8"?>
<!-- Generated by org.testng.reporters.JUnitReportReporter -->
<testsuite skipped="8" hostname="IVF111" name="com_Milan_Test.WMenstrualHistoryTest" tests="9" failures="0" timestamp="12 May 2018 19:51:59 GMT" time="54.822" errors="1">
  <testcase name="Setup" time="54.822" classname="com_Milan_Test.WMenstrualHistoryTest">
    <error type="org.openqa.selenium.TimeoutException" message="Expected condition failed: waiting for visibility of [[ChromeDriver: chrome on WIN8_1 (ef520f9bff84e6bd9a7865c5f37013ce)] -&gt; xpath: //a[@id=&#039;menuField_women&#039;]] (tried for 30 second(s) with 500 MILLISECONDS interval)
Build info: version: &#039;3.5.3&#039;, revision: &#039;a88d25fe6b&#039;, time: &#039;2017-08-29T12:42:44.417Z&#039;
System info: host: &#039;IVF111&#039;, ip: &#039;192.168.1.56&#039;, os.name: &#039;Windows 8.1&#039;, os.arch: &#039;amd64&#039;, os.version: &#039;6.3&#039;, java.version: &#039;1.8.0_161&#039;
Driver info: org.openqa.selenium.support.events.EventFiringWebDriver">
      <![CDATA[org.openqa.selenium.TimeoutException: Expected condition failed: waiting for visibility of [[ChromeDriver: chrome on WIN8_1 (ef520f9bff84e6bd9a7865c5f37013ce)] -> xpath: //a[@id='menuField_women']] (tried for 30 second(s) with 500 MILLISECONDS interval)
Build info: version: '3.5.3', revision: 'a88d25fe6b', time: '2017-08-29T12:42:44.417Z'
System info: host: 'IVF111', ip: '192.168.1.56', os.name: 'Windows 8.1', os.arch: 'amd64', os.version: '6.3', java.version: '1.8.0_161'
Driver info: org.openqa.selenium.support.events.EventFiringWebDriver
	at org.openqa.selenium.support.ui.WebDriverWait.timeoutException(WebDriverWait.java:80)
	at org.openqa.selenium.support.ui.FluentWait.until(FluentWait.java:232)
	at com_Milan_util.TestUtil.VisibleOn(TestUtil.java:38)
	at com_milan_POM.EMRDashBoardPage.clickOnWomenField(EMRDashBoardPage.java:46)
	at com_Milan_Test.WMenstrualHistoryTest.Setup(WMenstrualHistoryTest.java:44)
	at sun.reflect.NativeMethodAccessorImpl.invoke0(Native Method)
	at sun.reflect.NativeMethodAccessorImpl.invoke(Unknown Source)
	at sun.reflect.DelegatingMethodAccessorImpl.invoke(Unknown Source)
	at java.lang.reflect.Method.invoke(Unknown Source)
	at org.testng.internal.MethodInvocationHelper.invokeMethod(MethodInvocationHelper.java:108)
	at org.testng.internal.Invoker.invokeConfigurationMethod(Invoker.java:523)
	at org.testng.internal.Invoker.invokeConfigurations(Invoker.java:224)
	at org.testng.internal.Invoker.invokeMethod(Invoker.java:599)
	at org.testng.internal.Invoker.invokeTestMethod(Invoker.java:869)
	at org.testng.internal.Invoker.invokeTestMethods(Invoker.java:1193)
	at org.testng.internal.TestMethodWorker.invokeTestMethods(TestMethodWorker.java:126)
	at org.testng.internal.TestMethodWorker.run(TestMethodWorker.java:109)
	at org.testng.TestRunner.privateRun(TestRunner.java:744)
	at org.testng.TestRunner.run(TestRunner.java:602)
	at org.testng.SuiteRunner.runTest(SuiteRunner.java:380)
	at org.testng.SuiteRunner.access$000(SuiteRunner.java:39)
	at org.testng.SuiteRunner$SuiteWorker.run(SuiteRunner.java:414)
	at org.testng.internal.thread.ThreadUtil$1.call(ThreadUtil.java:52)
	at java.util.concurrent.FutureTask.run(Unknown Source)
	at java.util.concurrent.ThreadPoolExecutor.runWorker(Unknown Source)
	at java.util.concurrent.ThreadPoolExecutor$Worker.run(Unknown Source)
	at java.lang.Thread.run(Unknown Source)
]]>
    </error>
  </testcase> <!-- Setup -->
  <testcase name="CycleDurationTest" time="0.000" classname="com_Milan_Test.WMenstrualHistoryTest">
    <skipped/>
  </testcase> <!-- CycleDurationTest -->
  <testcase name="SavevaluesTest" time="0.000" classname="com_Milan_Test.WMenstrualHistoryTest">
    <skipped/>
  </testcase> <!-- SavevaluesTest -->
  <testcase name="MenstruationTest1" time="0.000" classname="com_Milan_Test.WMenstrualHistoryTest">
    <skipped/>
  </testcase> <!-- MenstruationTest1 -->
  <testcase name="MenstrualFlowtextTest" time="0.000" classname="com_Milan_Test.WMenstrualHistoryTest">
    <skipped/>
  </testcase> <!-- MenstrualFlowtextTest -->
  <testcase name="AgeOfMenarcheRangeSartTest" classname="com_Milan_Test.WMenstrualHistoryTest">
    <skipped/>
  </testcase> <!-- AgeOfMenarcheRangeSartTest -->
  <testcase name="AmenorrheaTypeTest" classname="com_Milan_Test.WMenstrualHistoryTest">
    <skipped/>
  </testcase> <!-- AmenorrheaTypeTest -->
  <testcase name="LMPcalenderdateSelectionTest" classname="com_Milan_Test.WMenstrualHistoryTest">
    <skipped/>
  </testcase> <!-- LMPcalenderdateSelectionTest -->
  <testcase name="MenarcheRangeEndTest" classname="com_Milan_Test.WMenstrualHistoryTest">
    <skipped/>
  </testcase> <!-- MenarcheRangeEndTest -->
</testsuite> <!-- com_Milan_Test.WMenstrualHistoryTest -->
