<?xml version="1.0" encoding="UTF-8"?>
<!-- Generated by org.testng.reporters.JUnitReportReporter -->
<testsuite skipped="0" hostname="IVF111" name="com_Milan_Test.LoginPageTest" tests="4" failures="0" timestamp="19 Jul 2018 18:16:06 GMT" time="41.153" errors="0">
  <testcase name="InvalidusernameTest" time="10.685" classname="com_Milan_Test.LoginPageTest"/>
  <testcase name="InvalidPasswordTest" time="14.023" classname="com_Milan_Test.LoginPageTest"/>
  <testcase name="ButtonEnableConditionTest" time="6.829" classname="com_Milan_Test.LoginPageTest"/>
  <testcase name="LoginTest" time="9.616" classname="com_Milan_Test.LoginPageTest"/>
</testsuite> <!-- com_Milan_Test.LoginPageTest -->
