<?xml version="1.0" encoding="UTF-8"?>
<!-- Generated by org.testng.reporters.JUnitReportReporter -->
<testsuite skipped="1" hostname="IVF111" name="com_Milan_Test.FemaleDiagnosisTest" tests="7" failures="0" timestamp="09 Jul 2018 16:39:15 GMT" time="357.482" errors="0">
  <testcase name="ClickOnOtherDiagnosisTest" time="75.777" classname="com_Milan_Test.FemaleDiagnosisTest"/>
  <testcase name="CodevalueTest" time="51.103" classname="com_Milan_Test.FemaleDiagnosisTest"/>
  <testcase name="AddFavoriteFromListTest" time="57.526" classname="com_Milan_Test.FemaleDiagnosisTest"/>
  <testcase name="UnFavoriteTheFavioriteTest" time="60.945" classname="com_Milan_Test.FemaleDiagnosisTest"/>
  <testcase name="TypeSelectionboxEnableconditionForOtherfavorireTest" time="54.906" classname="com_Milan_Test.FemaleDiagnosisTest"/>
  <testcase name="checkboxclickTest" time="57.225" classname="com_Milan_Test.FemaleDiagnosisTest"/>
  <testcase name="DeleteFromFavoriteTest" classname="com_Milan_Test.FemaleDiagnosisTest">
    <skipped/>
  </testcase> <!-- DeleteFromFavoriteTest -->
</testsuite> <!-- com_Milan_Test.FemaleDiagnosisTest -->
