<?xml version="1.0" encoding="UTF-8"?>
<!-- Generated by org.testng.reporters.JUnitReportReporter -->
<testsuite skipped="3" hostname="IVF111" name="com_Milan_Test.WObstetricHistoryPageTest" tests="18" failures="0" timestamp="20 Jul 2018 20:50:58 GMT" time="1159.901" errors="0">
  <testcase name="BirthWeightValueTextTest" time="51.504" classname="com_Milan_Test.WObstetricHistoryPageTest"/>
  <testcase name="BirthWeightEnableConditionTest" time="52.917" classname="com_Milan_Test.WObstetricHistoryPageTest"/>
  <testcase name="DeliveryTypeEnableconditionTest" time="52.660" classname="com_Milan_Test.WObstetricHistoryPageTest"/>
  <testcase name="LiveBirthEnableTest" time="50.935" classname="com_Milan_Test.WObstetricHistoryPageTest"/>
  <testcase name="RowGridEnableTest" time="52.469" classname="com_Milan_Test.WObstetricHistoryPageTest"/>
  <testcase name="StillBornEnableTest" time="50.330" classname="com_Milan_Test.WObstetricHistoryPageTest"/>
  <testcase name="EctopiccEnableCondititionTest" time="53.962" classname="com_Milan_Test.WObstetricHistoryPageTest"/>
  <testcase name="AbortionEnableCondititionTest" time="51.724" classname="com_Milan_Test.WObstetricHistoryPageTest"/>
  <testcase name="DeliveryEnableCondititionTest" time="54.837" classname="com_Milan_Test.WObstetricHistoryPageTest"/>
  <testcase name="ComplicationsEnableCondititionTest" time="50.803" classname="com_Milan_Test.WObstetricHistoryPageTest"/>
  <testcase name="CongenitalAnamolyEnableCondititionTest" time="52.006" classname="com_Milan_Test.WObstetricHistoryPageTest"/>
  <testcase name="LiveBirthPretermconditionTest" time="171.550" classname="com_Milan_Test.WObstetricHistoryPageTest"/>
  <testcase name="LiveBirthFullTermconditionTest" time="172.553" classname="com_Milan_Test.WObstetricHistoryPageTest"/>
  <testcase name="LiveBirthAbovePostTermconditionTest" time="171.524" classname="com_Milan_Test.WObstetricHistoryPageTest"/>
  <testcase name="SaveOutcometypesTest" time="70.127" classname="com_Milan_Test.WObstetricHistoryPageTest"/>
  <testcase name="ValueInEctopicTest" classname="com_Milan_Test.WObstetricHistoryPageTest">
    <skipped/>
  </testcase> <!-- ValueInEctopicTest -->
  <testcase name="ValueInAbortiontionTest" classname="com_Milan_Test.WObstetricHistoryPageTest">
    <skipped/>
  </testcase> <!-- ValueInAbortiontionTest -->
  <testcase name="ValueInLivebirthoptionTest" classname="com_Milan_Test.WObstetricHistoryPageTest">
    <skipped/>
  </testcase> <!-- ValueInLivebirthoptionTest -->
</testsuite> <!-- com_Milan_Test.WObstetricHistoryPageTest -->
