<?xml version="1.0" encoding="UTF-8"?>
<!-- Generated by org.testng.reporters.JUnitReportReporter -->
<testsuite skipped="0" hostname="IVF111" name="com_Milan_Test.WSexsualHistoryTest" tests="11" failures="0" timestamp="25 Jul 2018 21:03:57 GMT" time="573.369" errors="0">
  <testcase name="InrelationshipsinceYearsTest" time="49.930" classname="com_Milan_Test.WSexsualHistoryTest"/>
  <testcase name="testRelationtlists" time="52.224" classname="com_Milan_Test.WSexsualHistoryTest"/>
  <testcase name="textboxSexualDysfunctionTest" time="50.734" classname="com_Milan_Test.WSexsualHistoryTest"/>
  <testcase name="FillSexsuslHistorytest" time="56.967" classname="com_Milan_Test.WSexsualHistoryTest"/>
  <testcase name="SexInrelationshipsinceMonthsTest" time="56.530" classname="com_Milan_Test.WSexsualHistoryTest"/>
  <testcase name="numberofcharacterexualDysfunctionTest" time="49.881" classname="com_Milan_Test.WSexsualHistoryTest"/>
  <testcase name="DyspareuniatextTest" time="50.514" classname="com_Milan_Test.WSexsualHistoryTest"/>
  <testcase name="Lubricationusedtext" time="50.777" classname="com_Milan_Test.WSexsualHistoryTest"/>
  <testcase name="Remarktexttest" time="54.589" classname="com_Milan_Test.WSexsualHistoryTest"/>
  <testcase name="TryingToConcieveSinceYearTest" time="48.941" classname="com_Milan_Test.WSexsualHistoryTest"/>
  <testcase name="TryingToConcieveSinceMonthTest" time="52.282" classname="com_Milan_Test.WSexsualHistoryTest"/>
</testsuite> <!-- com_Milan_Test.WSexsualHistoryTest -->
