<?xml version="1.0" encoding="UTF-8"?>
<!-- Generated by org.testng.reporters.JUnitReportReporter -->
<testsuite skipped="1" hostname="IVF111" name="com_Milan_Test.WVitalsTest" tests="16" failures="0" timestamp="13 Jul 2018 13:39:10 GMT" time="952.780" errors="0">
  <testcase name="BPSystolicBundryValueTest" time="52.110" classname="com_Milan_Test.WVitalsTest"/>
  <testcase name="BMITest" time="56.472" classname="com_Milan_Test.WVitalsTest"/>
  <testcase name="BMITest" time="54.081" classname="com_Milan_Test.WVitalsTest"/>
  <testcase name="BMITest" time="54.559" classname="com_Milan_Test.WVitalsTest"/>
  <testcase name="BPSystolicBundryValueTest" time="129.845" classname="com_Milan_Test.WVitalsTest"/>
  <testcase name="BPSystolicBundryValueTest" time="53.502" classname="com_Milan_Test.WVitalsTest"/>
  <testcase name="BPSystolicBundryValueTest" time="53.030" classname="com_Milan_Test.WVitalsTest"/>
  <testcase name="BPSystolicBundryValueTest" time="54.135" classname="com_Milan_Test.WVitalsTest"/>
  <testcase name="BMITest" time="54.700" classname="com_Milan_Test.WVitalsTest"/>
  <testcase name="BMITest" time="55.323" classname="com_Milan_Test.WVitalsTest"/>
  <testcase name="SaveAllVitalsValuesTest" time="56.516" classname="com_Milan_Test.WVitalsTest"/>
  <testcase name="SaveAllVitalsValuesTest" time="53.170" classname="com_Milan_Test.WVitalsTest">
    <skipped/>
  </testcase> <!-- SaveAllVitalsValuesTest -->
  <testcase name="SaveAllVitalsValuesTest" time="56.531" classname="com_Milan_Test.WVitalsTest"/>
  <testcase name="SaveAllVitalsValuesTest" time="57.106" classname="com_Milan_Test.WVitalsTest"/>
  <testcase name="SaveAllVitalsValuesTest" time="55.789" classname="com_Milan_Test.WVitalsTest"/>
  <testcase name="SaveAllVitalsValuesTest" time="55.911" classname="com_Milan_Test.WVitalsTest"/>
</testsuite> <!-- com_Milan_Test.WVitalsTest -->
