<?xml version="1.0" encoding="UTF-8"?>
<!-- Generated by org.testng.reporters.JUnitReportReporter -->
<testsuite skipped="0" hostname="IVF111" name="com_Milan_Test.CycleOverviewPageTest" tests="5" failures="0" timestamp="09 Sep 2018 10:27:43 GMT" time="497.534" errors="0">
  <testcase name="ValueInSourceofSpermOptionTest" time="106.754" classname="com_Milan_Test.CycleOverviewPageTest"/>
  <testcase name="ValueInMethodOfSemenCollectionOptionTest" time="95.186" classname="com_Milan_Test.CycleOverviewPageTest"/>
  <testcase name="ValueInProtocolTest" time="85.951" classname="com_Milan_Test.CycleOverviewPageTest"/>
  <testcase name="ValueInARTTypeTest" time="111.003" classname="com_Milan_Test.CycleOverviewPageTest"/>
  <testcase name="ConcentTest" time="98.640" classname="com_Milan_Test.CycleOverviewPageTest"/>
</testsuite> <!-- com_Milan_Test.CycleOverviewPageTest -->
