<?xml version="1.0" encoding="UTF-8"?>
<!-- Generated by org.testng.reporters.JUnitReportReporter -->
<testsuite skipped="0" hostname="IVF111" name="com_Milan_Test.SearchPageTest" tests="2" failures="0" timestamp="05 Sep 2018 16:23:26 GMT" time="77.700" errors="0">
  <testcase name="SearchPatientUsingCalenderTest" time="27.419" classname="com_Milan_Test.SearchPageTest"/>
  <testcase name="SearchPatientUsingPatientTabTest" time="50.281" classname="com_Milan_Test.SearchPageTest"/>
</testsuite> <!-- com_Milan_Test.SearchPageTest -->
