<?xml version="1.0" encoding="UTF-8"?>
<!-- Generated by org.testng.reporters.JUnitReportReporter -->
<testsuite skipped="0" hostname="IVF111" name="com_Milan_Test.LoginPageTest" tests="4" failures="0" timestamp="02 Jul 2018 21:40:20 GMT" time="40.145" errors="0">
  <testcase name="InvalidusernameTest" time="9.938" classname="com_Milan_Test.LoginPageTest"/>
  <testcase name="InvalidPasswordTest" time="12.969" classname="com_Milan_Test.LoginPageTest"/>
  <testcase name="ButtonEnableConditionTest" time="8.031" classname="com_Milan_Test.LoginPageTest"/>
  <testcase name="LoginTest" time="9.207" classname="com_Milan_Test.LoginPageTest"/>
</testsuite> <!-- com_Milan_Test.LoginPageTest -->
