<?xml version="1.0" encoding="UTF-8"?>
<!-- Generated by org.testng.reporters.JUnitReportReporter -->
<testsuite skipped="5" hostname="IVF111" name="com_Milan_Test.WAllergiesTest" tests="6" failures="0" timestamp="31 May 2018 22:26:03 GMT" time="118.582" errors="0">
  <testcase name="AllergySelectionTest" time="118.582" classname="com_Milan_Test.WAllergiesTest"/>
  <testcase name="OptionSelectedOnAllergyCurrentStstusTest" classname="com_Milan_Test.WAllergiesTest">
    <skipped/>
  </testcase> <!-- OptionSelectedOnAllergyCurrentStstusTest -->
  <testcase name="SaveMessage" classname="com_Milan_Test.WAllergiesTest">
    <skipped/>
  </testcase> <!-- SaveMessage -->
  <testcase name="ExistingPatientDrugAllergyTypeTest" classname="com_Milan_Test.WAllergiesTest">
    <skipped/>
  </testcase> <!-- ExistingPatientDrugAllergyTypeTest -->
  <testcase name="FoodAllergyvalidationTest" classname="com_Milan_Test.WAllergiesTest">
    <skipped/>
  </testcase> <!-- FoodAllergyvalidationTest -->
  <testcase name="AddNewAllergiesTest" classname="com_Milan_Test.WAllergiesTest">
    <skipped/>
  </testcase> <!-- AddNewAllergiesTest -->
</testsuite> <!-- com_Milan_Test.WAllergiesTest -->
