<?xml version="1.0" encoding="UTF-8"?>
<!-- Generated by org.testng.reporters.JUnitReportReporter -->
<testsuite skipped="1" hostname="IVF111" name="com_Milan_Test.HomePageTest" tests="4" failures="0" timestamp="22 Jul 2018 22:02:53 GMT" time="72.283" errors="0">
  <testcase name="SearchPatientUsingPatientTabTest" time="17.367" classname="com_Milan_Test.HomePageTest"/>
  <testcase name="SearchPatientUsingCalenderTest" time="29.829" classname="com_Milan_Test.HomePageTest"/>
  <testcase name="ClickOnCmrTest" time="25.087" classname="com_Milan_Test.HomePageTest"/>
  <testcase name="DatacreationTest" classname="com_Milan_Test.HomePageTest">
    <skipped/>
  </testcase> <!-- DatacreationTest -->
</testsuite> <!-- com_Milan_Test.HomePageTest -->
