<?xml version="1.0" encoding="UTF-8"?>
<!-- Generated by org.testng.reporters.JUnitReportReporter -->
<testsuite skipped="0" hostname="IVF111" name="com_Milan_Test.LoginPageTest" tests="4" failures="0" timestamp="11 Jun 2018 09:52:51 GMT" time="52.228" errors="0">
  <testcase name="InvalidusernameTest" time="20.867" classname="com_Milan_Test.LoginPageTest"/>
  <testcase name="InvalidPasswordTest" time="12.868" classname="com_Milan_Test.LoginPageTest"/>
  <testcase name="ButtonEnableConditionTest" time="7.205" classname="com_Milan_Test.LoginPageTest"/>
  <testcase name="LoginTest" time="11.288" classname="com_Milan_Test.LoginPageTest"/>
</testsuite> <!-- com_Milan_Test.LoginPageTest -->
