<?xml version="1.0" encoding="UTF-8"?>
<!-- Generated by org.testng.reporters.JUnitReportReporter -->
<testsuite skipped="0" hostname="IVF111" name="com_Milan_Test.LoginPageTest" tests="4" failures="0" timestamp="22 Jul 2018 22:02:53 GMT" time="40.635" errors="0">
  <testcase name="InvalidusernameTest" time="9.739" classname="com_Milan_Test.LoginPageTest"/>
  <testcase name="InvalidPasswordTest" time="13.040" classname="com_Milan_Test.LoginPageTest"/>
  <testcase name="ButtonEnableConditionTest" time="7.460" classname="com_Milan_Test.LoginPageTest"/>
  <testcase name="LoginTest" time="10.396" classname="com_Milan_Test.LoginPageTest"/>
</testsuite> <!-- com_Milan_Test.LoginPageTest -->
