<?xml version="1.0" encoding="UTF-8"?>
<!-- Generated by org.testng.reporters.JUnitReportReporter -->
<testsuite skipped="1" hostname="IVF111" name="com_Milan_Test.EMRDashBoardPageTest" tests="7" failures="0" timestamp="07 Jul 2018 19:19:53 GMT" time="430.196" errors="0">
  <testcase name="ClickonWoomenPaientFieldTest" time="108.061" classname="com_Milan_Test.EMRDashBoardPageTest"/>
  <testcase name="ClickOnMenPaientHistory" time="108.971" classname="com_Milan_Test.EMRDashBoardPageTest"/>
  <testcase name="ClickOnDiagnosisTest" time="51.956" classname="com_Milan_Test.EMRDashBoardPageTest"/>
  <testcase name="ClickOnDiagnosisTest" time="41.936" classname="com_Milan_Test.EMRDashBoardPageTest">
    <skipped/>
  </testcase> <!-- ClickOnDiagnosisTest -->
  <testcase name="ClickOnInvestigationTest" time="22.189" classname="com_Milan_Test.EMRDashBoardPageTest"/>
  <testcase name="ClickOnVitalTest" time="74.496" classname="com_Milan_Test.EMRDashBoardPageTest"/>
  <testcase name="ClickOnComplaintTest" time="22.587" classname="com_Milan_Test.EMRDashBoardPageTest"/>
</testsuite> <!-- com_Milan_Test.EMRDashBoardPageTest -->
