<?xml version="1.0" encoding="UTF-8"?>
<!-- Generated by org.testng.reporters.JUnitReportReporter -->
<testsuite skipped="1" hostname="IVF111" name="com_Milan_Test.FemaleDiagnosisTest" tests="7" failures="0" timestamp="22 Jul 2018 17:29:53 GMT" time="364.012" errors="0">
  <testcase name="ClickOnOtherDiagnosisTest" time="73.445" classname="com_Milan_Test.FemaleDiagnosisTest"/>
  <testcase name="CodevalueTest" time="50.926" classname="com_Milan_Test.FemaleDiagnosisTest"/>
  <testcase name="AddFavoriteFromListTest" time="60.609" classname="com_Milan_Test.FemaleDiagnosisTest"/>
  <testcase name="UnFavoriteTheFavioriteTest" time="64.549" classname="com_Milan_Test.FemaleDiagnosisTest"/>
  <testcase name="TypeSelectionboxEnableconditionForOtherfavorireTest" time="56.555" classname="com_Milan_Test.FemaleDiagnosisTest"/>
  <testcase name="checkboxclickTest" time="57.928" classname="com_Milan_Test.FemaleDiagnosisTest"/>
  <testcase name="DeleteFromFavoriteTest" classname="com_Milan_Test.FemaleDiagnosisTest">
    <skipped/>
  </testcase> <!-- DeleteFromFavoriteTest -->
</testsuite> <!-- com_Milan_Test.FemaleDiagnosisTest -->
