<?xml version="1.0" encoding="UTF-8"?>
<!-- Generated by org.testng.reporters.JUnitReportReporter -->
<testsuite skipped="0" hostname="IVF111" name="com_Milan_Test.WSexsualHistoryTest" tests="11" failures="0" timestamp="31 Jul 2018 19:10:13 GMT" time="573.365" errors="0">
  <testcase name="InrelationshipsinceYearsTest" time="52.443" classname="com_Milan_Test.WSexsualHistoryTest"/>
  <testcase name="testRelationtlists" time="51.000" classname="com_Milan_Test.WSexsualHistoryTest"/>
  <testcase name="textboxSexualDysfunctionTest" time="49.885" classname="com_Milan_Test.WSexsualHistoryTest"/>
  <testcase name="FillSexsuslHistorytest" time="55.914" classname="com_Milan_Test.WSexsualHistoryTest"/>
  <testcase name="SexInrelationshipsinceMonthsTest" time="56.899" classname="com_Milan_Test.WSexsualHistoryTest"/>
  <testcase name="numberofcharacterexualDysfunctionTest" time="49.095" classname="com_Milan_Test.WSexsualHistoryTest"/>
  <testcase name="DyspareuniatextTest" time="52.998" classname="com_Milan_Test.WSexsualHistoryTest"/>
  <testcase name="Lubricationusedtext" time="49.615" classname="com_Milan_Test.WSexsualHistoryTest"/>
  <testcase name="Remarktexttest" time="54.630" classname="com_Milan_Test.WSexsualHistoryTest"/>
  <testcase name="TryingToConcieveSinceYearTest" time="50.821" classname="com_Milan_Test.WSexsualHistoryTest"/>
  <testcase name="TryingToConcieveSinceMonthTest" time="50.065" classname="com_Milan_Test.WSexsualHistoryTest"/>
</testsuite> <!-- com_Milan_Test.WSexsualHistoryTest -->
