<?xml version="1.0" encoding="UTF-8"?>
<!-- Generated by org.testng.reporters.JUnitReportReporter -->
<testsuite skipped="0" hostname="IVF111" name="com_Milan_Test.WOPUCycyclePageTest" tests="9" failures="0" timestamp="24 Jul 2018 17:43:29 GMT" time="740.250" errors="0">
  <testcase name="AddOneServiceAtleastMessageTest" time="25.444" classname="com_Milan_Test.WOPUCycyclePageTest"/>
  <testcase name="AleadySavedCycleTest" time="54.433" classname="com_Milan_Test.WOPUCycyclePageTest"/>
  <testcase name="SaveOPUsubtypeICSITest" time="54.846" classname="com_Milan_Test.WOPUCycyclePageTest"/>
  <testcase name="MessageforAlreadtyavailableCycleTest" time="104.537" classname="com_Milan_Test.WOPUCycyclePageTest"/>
  <testcase name="ARTCycleAvailabilityMessageBeforeSaveTheCycleTest" time="221.366" classname="com_Milan_Test.WOPUCycyclePageTest"/>
  <testcase name="SearchcycleTest" time="59.829" classname="com_Milan_Test.WOPUCycyclePageTest"/>
  <testcase name="DeleteTheSeviceBeforeSaveThecycleTest" time="78.927" classname="com_Milan_Test.WOPUCycyclePageTest"/>
  <testcase name="NoofCyclesTest" time="55.839" classname="com_Milan_Test.WOPUCycyclePageTest"/>
  <testcase name="ClickonCycletabTest" time="85.029" classname="com_Milan_Test.WOPUCycyclePageTest"/>
</testsuite> <!-- com_Milan_Test.WOPUCycyclePageTest -->
