<?xml version="1.0" encoding="UTF-8"?>
<!-- Generated by org.testng.reporters.JUnitReportReporter -->
<testsuite skipped="0" hostname="IVF111" name="com_Milan_Test.SearchPageTest" tests="2" failures="0" timestamp="13 May 2018 05:53:38 GMT" time="48.440" errors="0">
  <testcase name="SearchPatientUsingCalenderTest" time="27.022" classname="com_Milan_Test.SearchPageTest"/>
  <testcase name="SearchPatientUsingPatientTabTest" time="21.418" classname="com_Milan_Test.SearchPageTest"/>
</testsuite> <!-- com_Milan_Test.SearchPageTest -->
