<?xml version="1.0" encoding="UTF-8"?>
<!-- Generated by org.testng.reporters.JUnitReportReporter -->
<testsuite skipped="0" hostname="IVF111" name="com_Milan_Test.WAllergiesTest" tests="6" failures="0" timestamp="23 Jul 2018 19:26:50 GMT" time="327.043" errors="0">
  <testcase name="AllergySelectionTest" time="66.872" classname="com_Milan_Test.WAllergiesTest"/>
  <testcase name="FoodAllergyvalidationTest" time="52.252" classname="com_Milan_Test.WAllergiesTest"/>
  <testcase name="AddNewAllergiesTest" time="51.673" classname="com_Milan_Test.WAllergiesTest"/>
  <testcase name="AllergiesOnDashboardforNewPatientTest" time="51.691" classname="com_Milan_Test.WAllergiesTest"/>
  <testcase name="OptionSelectedOnAllergyCurrentStstusTest" time="53.270" classname="com_Milan_Test.WAllergiesTest"/>
  <testcase name="ExistingPatientDrugAllergyTypeTest" time="51.285" classname="com_Milan_Test.WAllergiesTest"/>
</testsuite> <!-- com_Milan_Test.WAllergiesTest -->
