<?xml version="1.0" encoding="UTF-8"?>
<!-- Generated by org.testng.reporters.JUnitReportReporter -->
<testsuite skipped="0" hostname="IVF111" name="com_Milan_Test.WPastMedicationHistoryTest" tests="3" failures="0" timestamp="16 Jul 2018 20:14:12 GMT" time="168.097" errors="0">
  <testcase name="DrugNameTest" time="57.440" classname="com_Milan_Test.WPastMedicationHistoryTest"/>
  <testcase name="DrugNameFieldEnableconditionTest" time="54.350" classname="com_Milan_Test.WPastMedicationHistoryTest"/>
  <testcase name="pastMedicationHistorysetdataTest" time="56.307" classname="com_Milan_Test.WPastMedicationHistoryTest"/>
</testsuite> <!-- com_Milan_Test.WPastMedicationHistoryTest -->
