<?xml version="1.0" encoding="UTF-8"?>
<!-- Generated by org.testng.reporters.JUnitReportReporter -->
<testsuite skipped="0" hostname="IVF111" name="com_Milan_Test.WAllergiesTest" tests="6" failures="0" timestamp="10 Sep 2018 05:29:13 GMT" time="376.036" errors="0">
  <testcase name="AllergySelectionTest" time="79.351" classname="com_Milan_Test.WAllergiesTest"/>
  <testcase name="FoodAllergyvalidationTest" time="65.263" classname="com_Milan_Test.WAllergiesTest"/>
  <testcase name="AddNewAllergiesTest" time="53.290" classname="com_Milan_Test.WAllergiesTest"/>
  <testcase name="AllergiesOnDashboardforNewPatientTest" time="62.360" classname="com_Milan_Test.WAllergiesTest"/>
  <testcase name="OptionSelectedOnAllergyCurrentStstusTest" time="63.066" classname="com_Milan_Test.WAllergiesTest"/>
  <testcase name="ExistingPatientDrugAllergyTypeTest" time="52.706" classname="com_Milan_Test.WAllergiesTest"/>
</testsuite> <!-- com_Milan_Test.WAllergiesTest -->
