<?xml version="1.0" encoding="UTF-8"?>
<!-- Generated by org.testng.reporters.JUnitReportReporter -->
<testsuite skipped="0" hostname="IVF111" name="com_Milan_Test.WObstetricHistoryPageTest" tests="18" failures="0" timestamp="02 Jul 2018 21:40:21 GMT" time="929.936" errors="0">
  <testcase name="BirthWeightValueTextTest" time="52.891" classname="com_Milan_Test.WObstetricHistoryPageTest"/>
  <testcase name="BirthWeightEnableConditionTest" time="50.900" classname="com_Milan_Test.WObstetricHistoryPageTest"/>
  <testcase name="ValueInAbortiontionTest" time="51.231" classname="com_Milan_Test.WObstetricHistoryPageTest"/>
  <testcase name="ValueInLivebirthoptionTest" time="50.270" classname="com_Milan_Test.WObstetricHistoryPageTest"/>
  <testcase name="ValueInEctopicTest" time="51.302" classname="com_Milan_Test.WObstetricHistoryPageTest"/>
  <testcase name="DeliveryTypeEnableconditionTest" time="50.860" classname="com_Milan_Test.WObstetricHistoryPageTest"/>
  <testcase name="LiveBirthEnableTest" time="49.492" classname="com_Milan_Test.WObstetricHistoryPageTest"/>
  <testcase name="RowGridEnableTest" time="51.768" classname="com_Milan_Test.WObstetricHistoryPageTest"/>
  <testcase name="StillBornEnableTest" time="50.732" classname="com_Milan_Test.WObstetricHistoryPageTest"/>
  <testcase name="EctopiccEnableCondititionTest" time="49.571" classname="com_Milan_Test.WObstetricHistoryPageTest"/>
  <testcase name="AbortionEnableCondititionTest" time="50.145" classname="com_Milan_Test.WObstetricHistoryPageTest"/>
  <testcase name="DeliveryEnableCondititionTest" time="52.179" classname="com_Milan_Test.WObstetricHistoryPageTest"/>
  <testcase name="ComplicationsEnableCondititionTest" time="48.203" classname="com_Milan_Test.WObstetricHistoryPageTest"/>
  <testcase name="CongenitalAnamolyEnableCondititionTest" time="53.067" classname="com_Milan_Test.WObstetricHistoryPageTest"/>
  <testcase name="LiveBirthPretermconditionTest" time="53.481" classname="com_Milan_Test.WObstetricHistoryPageTest"/>
  <testcase name="LiveBirthFullTermconditionTest" time="49.110" classname="com_Milan_Test.WObstetricHistoryPageTest"/>
  <testcase name="LiveBirthAbovePostTermconditionTest" time="49.654" classname="com_Milan_Test.WObstetricHistoryPageTest"/>
  <testcase name="SaveOutcometypesTest" time="65.080" classname="com_Milan_Test.WObstetricHistoryPageTest"/>
</testsuite> <!-- com_Milan_Test.WObstetricHistoryPageTest -->
