<?xml version="1.0" encoding="UTF-8"?>
<!-- Generated by org.testng.reporters.JUnitReportReporter -->
<testsuite skipped="4" hostname="IVF111" name="com_Milan_Test.SimulationChartPageTest" tests="7" failures="0" timestamp="28 Jul 2018 22:03:12 GMT" time="731.776" errors="0">
  <testcase name="SaveSimulationTest" time="232.800" classname="com_Milan_Test.SimulationChartPageTest">
    <skipped/>
  </testcase> <!-- SaveSimulationTest -->
  <testcase name="SaveSimulationTest" time="113.052" classname="com_Milan_Test.SimulationChartPageTest"/>
  <testcase name="SaveSimulationTest" time="113.934" classname="com_Milan_Test.SimulationChartPageTest">
    <skipped/>
  </testcase> <!-- SaveSimulationTest -->
  <testcase name="SimulationDrugValidationTest" time="119.742" classname="com_Milan_Test.SimulationChartPageTest"/>
  <testcase name="InvalidDateTest" time="152.248" classname="com_Milan_Test.SimulationChartPageTest"/>
  <testcase name="EnableconditionAddSimulationDrugTest" classname="com_Milan_Test.SimulationChartPageTest">
    <skipped/>
  </testcase> <!-- EnableconditionAddSimulationDrugTest -->
  <testcase name="AddDrugNames" classname="com_Milan_Test.SimulationChartPageTest">
    <skipped/>
  </testcase> <!-- AddDrugNames -->
</testsuite> <!-- com_Milan_Test.SimulationChartPageTest -->
