<?xml version="1.0" encoding="UTF-8"?>
<!-- Generated by org.testng.reporters.JUnitReportReporter -->
<testsuite skipped="0" hostname="IVF111" name="com_Milan_Test.WAddictionsTest" tests="21" failures="0" timestamp="25 Jul 2018 21:03:57 GMT" time="1318.323" errors="1">
  <testcase name="CurrentStatusEnableConditionSmokeTest" time="72.056" classname="com_Milan_Test.WAddictionsTest"/>
  <testcase name="CurrentStatusEnableConditionAlkoholTest" time="68.996" classname="com_Milan_Test.WAddictionsTest"/>
  <testcase name="CurrentStatusEnableConditionTobacoTest" time="71.846" classname="com_Milan_Test.WAddictionsTest"/>
  <testcase name="CurrentStatusEnableConditionAdictionTest" time="69.013" classname="com_Milan_Test.WAddictionsTest"/>
  <testcase name="CurrentStatusEnableConditionCaffeineAddictionTest" time="69.182" classname="com_Milan_Test.WAddictionsTest"/>
  <testcase name="SenceWhenEnableconditionSinceWhenYearSmokeTest" time="72.864" classname="com_Milan_Test.WAddictionsTest"/>
  <testcase name="SenceWhenEnableconditionSinceWhenYearAlkoholTest" time="49.694" classname="com_Milan_Test.WAddictionsTest"/>
  <testcase name="SenceWhenEnableconditionSinceWhenYearTobacoTest" time="70.905" classname="com_Milan_Test.WAddictionsTest"/>
  <testcase name="SenceWhenEnableconditionSinceWhenDrugAddictionYearTest" time="70.300" classname="com_Milan_Test.WAddictionsTest"/>
  <testcase name="SinceWhenEnableconditionSinceWhenCaffeineAddictionTest" time="69.813" classname="com_Milan_Test.WAddictionsTest"/>
  <testcase name="SinceWhenEnableconditionSinceWhenMonthSmokeTest" time="51.962" classname="com_Milan_Test.WAddictionsTest"/>
  <testcase name="SinceWhenEnableconditionSinceWhenMonthAlkoholTest" time="49.297" classname="com_Milan_Test.WAddictionsTest"/>
  <testcase name="SinceWhenEnableconditionSinceWhenMonthTobocoTest" time="51.657" classname="com_Milan_Test.WAddictionsTest"/>
  <testcase name="SinceWhenEnableconditionSinceWhenMonthForDrugAdictionTest" time="50.259" classname="com_Milan_Test.WAddictionsTest"/>
  <testcase name="SinceWhenEnableconditionSinceWhenMonthForCaffeineAddictionTest" time="49.695" classname="com_Milan_Test.WAddictionsTest"/>
  <testcase name="saveAdictionsTest" time="56.069" classname="com_Milan_Test.WAddictionsTest"/>
  <testcase name="saveAdictionsTest" time="59.320" classname="com_Milan_Test.WAddictionsTest"/>
  <testcase name="saveAdictionsTest" time="57.444" classname="com_Milan_Test.WAddictionsTest"/>
  <testcase name="saveAdictionsTest" time="56.279" classname="com_Milan_Test.WAddictionsTest"/>
  <testcase name="saveAdictionsTest" time="151.672" classname="com_Milan_Test.WAddictionsTest"/>
  <testcase name="saveNewAdictions" time="0.000" classname="com_Milan_Test.WAddictionsTest">
    <error type="org.testng.TestNGException" message="
Cannot inject @Test annotated Method [saveNewAdictions] with [class java.lang.String, class java.lang.String, class java.lang.String, class java.lang.String, class java.lang.String, class java.lang.String].
For more information on native dependency injection please refer to http://testng.org/doc/documentation-main.html#native-dependency-injection">
      <![CDATA[org.testng.TestNGException: 
Cannot inject @Test annotated Method [saveNewAdictions] with [class java.lang.String, class java.lang.String, class java.lang.String, class java.lang.String, class java.lang.String, class java.lang.String].
For more information on native dependency injection please refer to http://testng.org/doc/documentation-main.html#native-dependency-injection
	at org.testng.internal.Parameters.checkParameterTypes(Parameters.java:244)
	at org.testng.internal.Parameters.createParameters(Parameters.java:172)
	at org.testng.internal.Parameters.createParameters(Parameters.java:458)
	at org.testng.internal.Parameters.handleParameters(Parameters.java:569)
	at org.testng.internal.Invoker.handleParameters(Invoker.java:1308)
	at org.testng.internal.Invoker.createParameters(Invoker.java:1036)
	at org.testng.internal.Invoker.invokeTestMethods(Invoker.java:1126)
	at org.testng.internal.TestMethodWorker.invokeTestMethods(TestMethodWorker.java:126)
	at org.testng.internal.TestMethodWorker.run(TestMethodWorker.java:109)
	at org.testng.TestRunner.privateRun(TestRunner.java:744)
	at org.testng.TestRunner.run(TestRunner.java:602)
	at org.testng.SuiteRunner.runTest(SuiteRunner.java:380)
	at org.testng.SuiteRunner.access$000(SuiteRunner.java:39)
	at org.testng.SuiteRunner$SuiteWorker.run(SuiteRunner.java:414)
	at org.testng.internal.thread.ThreadUtil$1.call(ThreadUtil.java:52)
	at java.util.concurrent.FutureTask.run(Unknown Source)
	at java.util.concurrent.ThreadPoolExecutor.runWorker(Unknown Source)
	at java.util.concurrent.ThreadPoolExecutor$Worker.run(Unknown Source)
	at java.lang.Thread.run(Unknown Source)
]]>
    </error>
  </testcase> <!-- saveNewAdictions -->
</testsuite> <!-- com_Milan_Test.WAddictionsTest -->
