<?xml version="1.0" encoding="UTF-8"?>
<!-- Generated by org.testng.reporters.JUnitReportReporter -->
<testsuite skipped="3" hostname="IVF111" name="com_Milan_Test.WObstetricHistoryPageTest" tests="18" failures="0" timestamp="28 Jul 2018 22:03:12 GMT" time="1154.342" errors="0">
  <testcase name="BirthWeightValueTextTest" time="51.756" classname="com_Milan_Test.WObstetricHistoryPageTest"/>
  <testcase name="BirthWeightEnableConditionTest" time="50.218" classname="com_Milan_Test.WObstetricHistoryPageTest"/>
  <testcase name="DeliveryTypeEnableconditionTest" time="51.761" classname="com_Milan_Test.WObstetricHistoryPageTest"/>
  <testcase name="LiveBirthEnableTest" time="51.112" classname="com_Milan_Test.WObstetricHistoryPageTest"/>
  <testcase name="RowGridEnableTest" time="52.543" classname="com_Milan_Test.WObstetricHistoryPageTest"/>
  <testcase name="StillBornEnableTest" time="54.244" classname="com_Milan_Test.WObstetricHistoryPageTest"/>
  <testcase name="EctopiccEnableCondititionTest" time="50.666" classname="com_Milan_Test.WObstetricHistoryPageTest"/>
  <testcase name="AbortionEnableCondititionTest" time="51.183" classname="com_Milan_Test.WObstetricHistoryPageTest"/>
  <testcase name="DeliveryEnableCondititionTest" time="51.677" classname="com_Milan_Test.WObstetricHistoryPageTest"/>
  <testcase name="ComplicationsEnableCondititionTest" time="53.982" classname="com_Milan_Test.WObstetricHistoryPageTest"/>
  <testcase name="CongenitalAnamolyEnableCondititionTest" time="52.309" classname="com_Milan_Test.WObstetricHistoryPageTest"/>
  <testcase name="LiveBirthPretermconditionTest" time="172.806" classname="com_Milan_Test.WObstetricHistoryPageTest"/>
  <testcase name="LiveBirthFullTermconditionTest" time="171.111" classname="com_Milan_Test.WObstetricHistoryPageTest"/>
  <testcase name="LiveBirthAbovePostTermconditionTest" time="173.378" classname="com_Milan_Test.WObstetricHistoryPageTest"/>
  <testcase name="SaveOutcometypesTest" time="65.596" classname="com_Milan_Test.WObstetricHistoryPageTest"/>
  <testcase name="ValueInEctopicTest" classname="com_Milan_Test.WObstetricHistoryPageTest">
    <skipped/>
  </testcase> <!-- ValueInEctopicTest -->
  <testcase name="ValueInAbortiontionTest" classname="com_Milan_Test.WObstetricHistoryPageTest">
    <skipped/>
  </testcase> <!-- ValueInAbortiontionTest -->
  <testcase name="ValueInLivebirthoptionTest" classname="com_Milan_Test.WObstetricHistoryPageTest">
    <skipped/>
  </testcase> <!-- ValueInLivebirthoptionTest -->
</testsuite> <!-- com_Milan_Test.WObstetricHistoryPageTest -->
