<?xml version="1.0" encoding="UTF-8"?>
<!-- Generated by org.testng.reporters.JUnitReportReporter -->
<testsuite skipped="3" hostname="IVF111" name="com_Milan_Test.EMRDashBoardPageTest" tests="9" failures="0" timestamp="22 Jul 2018 17:29:53 GMT" time="319.045" errors="0">
  <testcase name="ClickonWoomenPaientFieldTest" time="49.029" classname="com_Milan_Test.EMRDashBoardPageTest"/>
  <testcase name="ClickOnMenPaientHistory" time="22.547" classname="com_Milan_Test.EMRDashBoardPageTest">
    <skipped/>
  </testcase> <!-- ClickOnMenPaientHistory -->
  <testcase name="ClickOnMenPaientHistory" time="20.930" classname="com_Milan_Test.EMRDashBoardPageTest">
    <skipped/>
  </testcase> <!-- ClickOnMenPaientHistory -->
  <testcase name="ClickOnMenPaientHistory" time="19.942" classname="com_Milan_Test.EMRDashBoardPageTest">
    <skipped/>
  </testcase> <!-- ClickOnMenPaientHistory -->
  <testcase name="ClickOnMenPaientHistory" time="52.214" classname="com_Milan_Test.EMRDashBoardPageTest"/>
  <testcase name="ClickOnDiagnosisTest" time="54.021" classname="com_Milan_Test.EMRDashBoardPageTest"/>
  <testcase name="ClickOnInvestigationTest" time="22.531" classname="com_Milan_Test.EMRDashBoardPageTest"/>
  <testcase name="ClickOnVitalTest" time="53.042" classname="com_Milan_Test.EMRDashBoardPageTest"/>
  <testcase name="ClickOnComplaintTest" time="24.789" classname="com_Milan_Test.EMRDashBoardPageTest"/>
</testsuite> <!-- com_Milan_Test.EMRDashBoardPageTest -->
