<?xml version="1.0" encoding="UTF-8"?>
<!-- Generated by org.testng.reporters.JUnitReportReporter -->
<testsuite skipped="4" hostname="IVF111" name="com_Milan_Test.SimulationChartPageTest" tests="7" failures="0" timestamp="20 Jul 2018 20:50:58 GMT" time="617.989" errors="0">
  <testcase name="SaveSimulationTest" time="114.160" classname="com_Milan_Test.SimulationChartPageTest"/>
  <testcase name="SaveSimulationTest" time="113.486" classname="com_Milan_Test.SimulationChartPageTest">
    <skipped/>
  </testcase> <!-- SaveSimulationTest -->
  <testcase name="SaveSimulationTest" time="114.812" classname="com_Milan_Test.SimulationChartPageTest">
    <skipped/>
  </testcase> <!-- SaveSimulationTest -->
  <testcase name="SimulationDrugValidationTest" time="122.723" classname="com_Milan_Test.SimulationChartPageTest"/>
  <testcase name="InvalidDateTest" time="152.808" classname="com_Milan_Test.SimulationChartPageTest"/>
  <testcase name="EnableconditionAddSimulationDrugTest" classname="com_Milan_Test.SimulationChartPageTest">
    <skipped/>
  </testcase> <!-- EnableconditionAddSimulationDrugTest -->
  <testcase name="AddDrugNames" classname="com_Milan_Test.SimulationChartPageTest">
    <skipped/>
  </testcase> <!-- AddDrugNames -->
</testsuite> <!-- com_Milan_Test.SimulationChartPageTest -->
