<?xml version="1.0" encoding="UTF-8"?>
<!-- Generated by org.testng.reporters.JUnitReportReporter -->
<testsuite skipped="0" hostname="IVF111" name="com_Milan_Test.WPastMedicationHistoryTest" tests="3" failures="0" timestamp="25 Jun 2018 18:51:48 GMT" time="168.829" errors="0">
  <testcase name="DrugNameTest" time="56.877" classname="com_Milan_Test.WPastMedicationHistoryTest"/>
  <testcase name="DrugNameFieldEnableconditionTest" time="55.110" classname="com_Milan_Test.WPastMedicationHistoryTest"/>
  <testcase name="pastMedicationHistorysetdataTest" time="56.842" classname="com_Milan_Test.WPastMedicationHistoryTest"/>
</testsuite> <!-- com_Milan_Test.WPastMedicationHistoryTest -->
