<?xml version="1.0" encoding="UTF-8"?>
<!-- Generated by org.testng.reporters.JUnitReportReporter -->
<testsuite skipped="1" hostname="IVF111" name="com_Milan_Test.CycleListPageTest" tests="2" failures="0" timestamp="26 Jul 2018 05:25:54 GMT" time="108.119" errors="0">
  <testcase name="SimulationDrugTest" time="108.119" classname="com_Milan_Test.CycleListPageTest"/>
  <testcase name="CycleListTitleTest" classname="com_Milan_Test.CycleListPageTest">
    <skipped/>
  </testcase> <!-- CycleListTitleTest -->
</testsuite> <!-- com_Milan_Test.CycleListPageTest -->
