<?xml version="1.0" encoding="UTF-8"?>
<!-- Generated by org.testng.reporters.JUnitReportReporter -->
<testsuite skipped="0" hostname="IVF111" name="com_Milan_Test.SearchPageTest" tests="2" failures="0" timestamp="23 Jul 2018 19:26:50 GMT" time="75.662" errors="0">
  <testcase name="SearchPatientUsingCalenderTest" time="27.816" classname="com_Milan_Test.SearchPageTest"/>
  <testcase name="SearchPatientUsingPatientTabTest" time="47.846" classname="com_Milan_Test.SearchPageTest"/>
</testsuite> <!-- com_Milan_Test.SearchPageTest -->
