<?xml version="1.0" encoding="UTF-8"?>
<!-- Generated by org.testng.reporters.JUnitReportReporter -->
<testsuite skipped="0" hostname="IVF111" name="com_Milan_Test.WomenHistoryPageTest" tests="11" failures="0" timestamp="08 Jun 2018 20:30:01 GMT" time="802.210" errors="0">
  <testcase name="SexualHistoryTest" time="70.304" classname="com_Milan_Test.WomenHistoryPageTest"/>
  <testcase name="ObstetricHistoryTest" time="68.334" classname="com_Milan_Test.WomenHistoryPageTest"/>
  <testcase name="MedicalHistoryTest" time="70.568" classname="com_Milan_Test.WomenHistoryPageTest"/>
  <testcase name="FamilyHistoryTest" time="100.143" classname="com_Milan_Test.WomenHistoryPageTest"/>
  <testcase name="SurgicalHistoryTest" time="69.464" classname="com_Milan_Test.WomenHistoryPageTest"/>
  <testcase name="PreviousTreatmentHistoryTest" time="71.540" classname="com_Milan_Test.WomenHistoryPageTest"/>
  <testcase name="pastMedicationHistoryTest" time="70.833" classname="com_Milan_Test.WomenHistoryPageTest"/>
  <testcase name="AllergiesTest" time="69.479" classname="com_Milan_Test.WomenHistoryPageTest"/>
  <testcase name="VaccinationTest" time="68.268" classname="com_Milan_Test.WomenHistoryPageTest"/>
  <testcase name="AddictionsTest" time="71.935" classname="com_Milan_Test.WomenHistoryPageTest"/>
  <testcase name="socialHistoryTest" time="71.342" classname="com_Milan_Test.WomenHistoryPageTest"/>
</testsuite> <!-- com_Milan_Test.WomenHistoryPageTest -->
