<?xml version="1.0" encoding="UTF-8"?>
<!-- Generated by org.testng.reporters.JUnitReportReporter -->
<testsuite skipped="8" hostname="IVF111" name="com_Milan_Test.CycleListPageTest" tests="12" failures="1" timestamp="28 Jun 2018 19:26:11 GMT" time="495.298" errors="0">
  <testcase name="ClickonNewCycleTest" time="194.355" classname="com_Milan_Test.CycleListPageTest"/>
  <testcase name="CycleListTitleTest" time="74.884" classname="com_Milan_Test.CycleListPageTest"/>
  <testcase name="NewCycleButtonEnableConditionTest" time="75.681" classname="com_Milan_Test.CycleListPageTest"/>
  <testcase name="EnabledconditionARTTypeTest" time="73.118" classname="com_Milan_Test.CycleListPageTest">
    <skipped/>
  </testcase> <!-- EnabledconditionARTTypeTest -->
  <testcase name="EnabledconditionARTTypeTest" time="77.260" classname="com_Milan_Test.CycleListPageTest">
    <failure type="java.lang.AssertionError" message="expected [true] but found [false]">
      <![CDATA[java.lang.AssertionError: expected [true] but found [false]
	at org.testng.Assert.fail(Assert.java:93)
	at org.testng.Assert.failNotEquals(Assert.java:512)
	at org.testng.Assert.assertTrue(Assert.java:41)
	at org.testng.Assert.assertTrue(Assert.java:51)
	at com_Milan_Test.CycleListPageTest.EnabledconditionARTTypeTest(CycleListPageTest.java:154)
	at sun.reflect.NativeMethodAccessorImpl.invoke0(Native Method)
	at sun.reflect.NativeMethodAccessorImpl.invoke(Unknown Source)
	at sun.reflect.DelegatingMethodAccessorImpl.invoke(Unknown Source)
	at java.lang.reflect.Method.invoke(Unknown Source)
	at org.testng.internal.MethodInvocationHelper.invokeMethod(MethodInvocationHelper.java:108)
	at org.testng.internal.Invoker.invokeMethod(Invoker.java:661)
	at org.testng.internal.Invoker.retryFailed(Invoker.java:1014)
	at org.testng.internal.Invoker.invokeTestMethods(Invoker.java:1215)
	at org.testng.internal.TestMethodWorker.invokeTestMethods(TestMethodWorker.java:126)
	at org.testng.internal.TestMethodWorker.run(TestMethodWorker.java:109)
	at org.testng.TestRunner.privateRun(TestRunner.java:744)
	at org.testng.TestRunner.run(TestRunner.java:602)
	at org.testng.SuiteRunner.runTest(SuiteRunner.java:380)
	at org.testng.SuiteRunner.access$000(SuiteRunner.java:39)
	at org.testng.SuiteRunner$SuiteWorker.run(SuiteRunner.java:414)
	at org.testng.internal.thread.ThreadUtil$1.call(ThreadUtil.java:52)
	at java.util.concurrent.FutureTask.run(Unknown Source)
	at java.util.concurrent.ThreadPoolExecutor.runWorker(Unknown Source)
	at java.util.concurrent.ThreadPoolExecutor$Worker.run(Unknown Source)
	at java.lang.Thread.run(Unknown Source)
]]>
    </failure>
  </testcase> <!-- EnabledconditionARTTypeTest -->
  <testcase name="ProtocolandselectionTest" time="0.000" classname="com_Milan_Test.CycleListPageTest">
    <skipped/>
  </testcase> <!-- ProtocolandselectionTest -->
  <testcase name="MethodOfSemenCollectionTest" time="0.000" classname="com_Milan_Test.CycleListPageTest">
    <skipped/>
  </testcase> <!-- MethodOfSemenCollectionTest -->
  <testcase name="SourceofspermPartnerTest" time="0.000" classname="com_Milan_Test.CycleListPageTest">
    <skipped/>
  </testcase> <!-- SourceofspermPartnerTest -->
  <testcase name="SourceofSpermselectionDonorTest" time="0.000" classname="com_Milan_Test.CycleListPageTest">
    <skipped/>
  </testcase> <!-- SourceofSpermselectionDonorTest -->
  <testcase name="SimulationDrugTest" time="0.000" classname="com_Milan_Test.CycleListPageTest">
    <skipped/>
  </testcase> <!-- SimulationDrugTest -->
  <testcase name="SaveTheCycleTest" time="0.000" classname="com_Milan_Test.CycleListPageTest">
    <skipped/>
  </testcase> <!-- SaveTheCycleTest -->
  <testcase name="ARTTypeOptionTest" classname="com_Milan_Test.CycleListPageTest">
    <skipped/>
  </testcase> <!-- ARTTypeOptionTest -->
</testsuite> <!-- com_Milan_Test.CycleListPageTest -->
