<?xml version="1.0" encoding="UTF-8"?>
<!-- Generated by org.testng.reporters.JUnitReportReporter -->
<testsuite skipped="1" hostname="IVF111" name="com_Milan_Test.HomePageTest" tests="4" failures="0" timestamp="26 Aug 2018 18:19:41 GMT" time="71.549" errors="0">
  <testcase name="SearchPatientUsingPatientTabTest" time="18.204" classname="com_Milan_Test.HomePageTest"/>
  <testcase name="SearchPatientUsingCalenderTest" time="30.260" classname="com_Milan_Test.HomePageTest"/>
  <testcase name="ClickOnCmrTest" time="23.085" classname="com_Milan_Test.HomePageTest"/>
  <testcase name="DatacreationTest" classname="com_Milan_Test.HomePageTest">
    <skipped/>
  </testcase> <!-- DatacreationTest -->
</testsuite> <!-- com_Milan_Test.HomePageTest -->
