<?xml version="1.0" encoding="UTF-8"?>
<!-- Generated by org.testng.reporters.JUnitReportReporter -->
<testsuite skipped="2" hostname="IVF111" name="com_Milan_Test.WcomplaintsTest" tests="5" failures="0" timestamp="31 Jul 2018 19:10:13 GMT" time="353.785" errors="0">
  <testcase name="NumberOfComplaintsTest" time="55.599" classname="com_Milan_Test.WcomplaintsTest"/>
  <testcase name="SaveTheComplaintsTest" time="57.440" classname="com_Milan_Test.WcomplaintsTest"/>
  <testcase name="SaveTheComplaintsTest" time="155.382" classname="com_Milan_Test.WcomplaintsTest">
    <skipped/>
  </testcase> <!-- SaveTheComplaintsTest -->
  <testcase name="SaveTheComplaintsTest" time="56.319" classname="com_Milan_Test.WcomplaintsTest">
    <skipped/>
  </testcase> <!-- SaveTheComplaintsTest -->
  <testcase name="NextFollowUpTest" time="29.045" classname="com_Milan_Test.WcomplaintsTest"/>
</testsuite> <!-- com_Milan_Test.WcomplaintsTest -->
