<?xml version="1.0" encoding="UTF-8"?>
<!-- Generated by org.testng.reporters.JUnitReportReporter -->
<testsuite skipped="2" hostname="IVF111" name="com_Milan_Test.WInvestigationPageTest" tests="4" failures="0" timestamp="28 Jun 2018 19:26:11 GMT" time="56.930" errors="0">
  <testcase name="IVFPACKAGEARTCyclecountTest" time="29.092" classname="com_Milan_Test.WInvestigationPageTest"/>
  <testcase name="OUIARTSubTypesTest" time="27.838" classname="com_Milan_Test.WInvestigationPageTest"/>
  <testcase name="OPUCycleTest" classname="com_Milan_Test.WInvestigationPageTest">
    <skipped/>
  </testcase> <!-- OPUCycleTest -->
  <testcase name="CycleCreationTest" classname="com_Milan_Test.WInvestigationPageTest">
    <skipped/>
  </testcase> <!-- CycleCreationTest -->
</testsuite> <!-- com_Milan_Test.WInvestigationPageTest -->
