<?xml version="1.0" encoding="UTF-8"?>
<!-- Generated by org.testng.reporters.JUnitReportReporter -->
<testsuite skipped="0" hostname="IVF111" name="com_Milan_Test.CycleOverviewPageTest" tests="4" failures="0" timestamp="28 Jun 2018 15:39:33 GMT" time="414.517" errors="0">
  <testcase name="ValueInSourceofSpermOptionTest" time="104.382" classname="com_Milan_Test.CycleOverviewPageTest"/>
  <testcase name="ValueInMethodOfSemenCollectionOptionTest" time="104.280" classname="com_Milan_Test.CycleOverviewPageTest"/>
  <testcase name="ValueInProtocolTest" time="104.761" classname="com_Milan_Test.CycleOverviewPageTest"/>
  <testcase name="ValueInARTTypeTest" time="101.094" classname="com_Milan_Test.CycleOverviewPageTest"/>
</testsuite> <!-- com_Milan_Test.CycleOverviewPageTest -->
