<?xml version="1.0" encoding="UTF-8"?>
<!-- Generated by org.testng.reporters.JUnitReportReporter -->
<testsuite skipped="4" hostname="IVF11" name="com_Milan_Test.FemaleDiagnosisTest" tests="5" failures="0" timestamp="01 May 2018 14:14:16 GMT" time="42.754" errors="0">
  <testcase name="TypeSelectionboxEnableconditionTest" time="42.754" classname="com_Milan_Test.FemaleDiagnosisTest"/>
  <testcase name="FavoriteTheFavoriteIconTest" classname="com_Milan_Test.FemaleDiagnosisTest">
    <skipped/>
  </testcase> <!-- FavoriteTheFavoriteIconTest -->
  <testcase name="CodevalueTest" classname="com_Milan_Test.FemaleDiagnosisTest">
    <skipped/>
  </testcase> <!-- CodevalueTest -->
  <testcase name="ClickOnOtherDiagnosisTest" classname="com_Milan_Test.FemaleDiagnosisTest">
    <skipped/>
  </testcase> <!-- ClickOnOtherDiagnosisTest -->
  <testcase name="UnFavoriteTheFavioriteTest" classname="com_Milan_Test.FemaleDiagnosisTest">
    <skipped/>
  </testcase> <!-- UnFavoriteTheFavioriteTest -->
</testsuite> <!-- com_Milan_Test.FemaleDiagnosisTest -->
