<?xml version="1.0" encoding="UTF-8"?>
<!-- Generated by org.testng.reporters.JUnitReportReporter -->
<testsuite skipped="2" hostname="IVF111" name="com_Milan_Test.WInvestigationPageTest" tests="3" failures="0" timestamp="23 May 2018 13:53:34 GMT" time="32.377" errors="0">
  <testcase name="OUIARTSubTypesTest" time="32.377" classname="com_Milan_Test.WInvestigationPageTest"/>
  <testcase name="IVFPACKAGEARTCyclecountTest" classname="com_Milan_Test.WInvestigationPageTest">
    <skipped/>
  </testcase> <!-- IVFPACKAGEARTCyclecountTest -->
  <testcase name="CycleCreationTest" classname="com_Milan_Test.WInvestigationPageTest">
    <skipped/>
  </testcase> <!-- CycleCreationTest -->
</testsuite> <!-- com_Milan_Test.WInvestigationPageTest -->
