<?xml version="1.0" encoding="UTF-8"?>
<!-- Generated by org.testng.reporters.JUnitReportReporter -->
<testsuite skipped="0" hostname="IVF111" name="com_Milan_Test.WAddictionsTest" tests="21" failures="0" timestamp="27 Jul 2018 21:10:22 GMT" time="1434.125" errors="1">
  <testcase name="CurrentStatusEnableConditionSmokeTest" time="73.301" classname="com_Milan_Test.WAddictionsTest"/>
  <testcase name="CurrentStatusEnableConditionAlkoholTest" time="72.873" classname="com_Milan_Test.WAddictionsTest"/>
  <testcase name="CurrentStatusEnableConditionTobacoTest" time="69.897" classname="com_Milan_Test.WAddictionsTest"/>
  <testcase name="CurrentStatusEnableConditionAdictionTest" time="70.935" classname="com_Milan_Test.WAddictionsTest"/>
  <testcase name="CurrentStatusEnableConditionCaffeineAddictionTest" time="72.966" classname="com_Milan_Test.WAddictionsTest"/>
  <testcase name="SenceWhenEnableconditionSinceWhenYearSmokeTest" time="73.497" classname="com_Milan_Test.WAddictionsTest"/>
  <testcase name="SenceWhenEnableconditionSinceWhenYearAlkoholTest" time="51.490" classname="com_Milan_Test.WAddictionsTest"/>
  <testcase name="SenceWhenEnableconditionSinceWhenYearTobacoTest" time="71.632" classname="com_Milan_Test.WAddictionsTest"/>
  <testcase name="SenceWhenEnableconditionSinceWhenDrugAddictionYearTest" time="69.550" classname="com_Milan_Test.WAddictionsTest"/>
  <testcase name="SinceWhenEnableconditionSinceWhenCaffeineAddictionTest" time="72.908" classname="com_Milan_Test.WAddictionsTest"/>
  <testcase name="SinceWhenEnableconditionSinceWhenMonthSmokeTest" time="51.747" classname="com_Milan_Test.WAddictionsTest"/>
  <testcase name="SinceWhenEnableconditionSinceWhenMonthAlkoholTest" time="51.124" classname="com_Milan_Test.WAddictionsTest"/>
  <testcase name="SinceWhenEnableconditionSinceWhenMonthTobocoTest" time="51.030" classname="com_Milan_Test.WAddictionsTest"/>
  <testcase name="SinceWhenEnableconditionSinceWhenMonthForDrugAdictionTest" time="52.778" classname="com_Milan_Test.WAddictionsTest"/>
  <testcase name="SinceWhenEnableconditionSinceWhenMonthForCaffeineAddictionTest" time="51.718" classname="com_Milan_Test.WAddictionsTest"/>
  <testcase name="saveAdictionsTest" time="58.297" classname="com_Milan_Test.WAddictionsTest"/>
  <testcase name="saveAdictionsTest" time="150.695" classname="com_Milan_Test.WAddictionsTest"/>
  <testcase name="saveAdictionsTest" time="57.972" classname="com_Milan_Test.WAddictionsTest"/>
  <testcase name="saveAdictionsTest" time="151.536" classname="com_Milan_Test.WAddictionsTest"/>
  <testcase name="saveAdictionsTest" time="58.179" classname="com_Milan_Test.WAddictionsTest"/>
  <testcase name="saveNewAdictions" time="0.000" classname="com_Milan_Test.WAddictionsTest">
    <error type="org.testng.TestNGException" message="
Cannot inject @Test annotated Method [saveNewAdictions] with [class java.lang.String, class java.lang.String, class java.lang.String, class java.lang.String, class java.lang.String, class java.lang.String].
For more information on native dependency injection please refer to http://testng.org/doc/documentation-main.html#native-dependency-injection">
      <![CDATA[org.testng.TestNGException: 
Cannot inject @Test annotated Method [saveNewAdictions] with [class java.lang.String, class java.lang.String, class java.lang.String, class java.lang.String, class java.lang.String, class java.lang.String].
For more information on native dependency injection please refer to http://testng.org/doc/documentation-main.html#native-dependency-injection
	at org.testng.internal.Parameters.checkParameterTypes(Parameters.java:244)
	at org.testng.internal.Parameters.createParameters(Parameters.java:172)
	at org.testng.internal.Parameters.createParameters(Parameters.java:458)
	at org.testng.internal.Parameters.handleParameters(Parameters.java:569)
	at org.testng.internal.Invoker.handleParameters(Invoker.java:1308)
	at org.testng.internal.Invoker.createParameters(Invoker.java:1036)
	at org.testng.internal.Invoker.invokeTestMethods(Invoker.java:1126)
	at org.testng.internal.TestMethodWorker.invokeTestMethods(TestMethodWorker.java:126)
	at org.testng.internal.TestMethodWorker.run(TestMethodWorker.java:109)
	at org.testng.TestRunner.privateRun(TestRunner.java:744)
	at org.testng.TestRunner.run(TestRunner.java:602)
	at org.testng.SuiteRunner.runTest(SuiteRunner.java:380)
	at org.testng.SuiteRunner.access$000(SuiteRunner.java:39)
	at org.testng.SuiteRunner$SuiteWorker.run(SuiteRunner.java:414)
	at org.testng.internal.thread.ThreadUtil$1.call(ThreadUtil.java:52)
	at java.util.concurrent.FutureTask.run(FutureTask.java:266)
	at java.util.concurrent.ThreadPoolExecutor.runWorker(ThreadPoolExecutor.java:1149)
	at java.util.concurrent.ThreadPoolExecutor$Worker.run(ThreadPoolExecutor.java:624)
	at java.lang.Thread.run(Thread.java:748)
]]>
    </error>
  </testcase> <!-- saveNewAdictions -->
</testsuite> <!-- com_Milan_Test.WAddictionsTest -->
