<?xml version="1.0" encoding="UTF-8"?>
<!-- Generated by org.testng.reporters.JUnitReportReporter -->
<testsuite skipped="0" hostname="IVF111" name="com_Milan_Test.LoginPageTest" tests="4" failures="0" timestamp="19 Jun 2018 18:23:55 GMT" time="37.545" errors="0">
  <testcase name="InvalidusernameTest" time="9.431" classname="com_Milan_Test.LoginPageTest"/>
  <testcase name="InvalidPasswordTest" time="12.695" classname="com_Milan_Test.LoginPageTest"/>
  <testcase name="ButtonEnableConditionTest" time="6.269" classname="com_Milan_Test.LoginPageTest"/>
  <testcase name="LoginTest" time="9.150" classname="com_Milan_Test.LoginPageTest"/>
</testsuite> <!-- com_Milan_Test.LoginPageTest -->
