<?xml version="1.0" encoding="UTF-8"?>
<!-- Generated by org.testng.reporters.JUnitReportReporter -->
<testsuite skipped="0" hostname="IVF111" name="com_Milan_Test.WSexsualHistoryTest" tests="1" failures="0" timestamp="06 Jun 2018 06:47:48 GMT" time="52.504" errors="0">
  <testcase name="testRelationtlists" time="52.504" classname="com_Milan_Test.WSexsualHistoryTest"/>
</testsuite> <!-- com_Milan_Test.WSexsualHistoryTest -->
