<?xml version="1.0" encoding="UTF-8"?>
<!-- Generated by org.testng.reporters.JUnitReportReporter -->
<testsuite skipped="12" hostname="IVF111" name="com_Milan_Test.CycleListPageTest" tests="13" failures="0" timestamp="19 Jul 2018 10:15:06 GMT" time="210.406" errors="1">
  <testcase name="Setup" time="210.406" classname="com_Milan_Test.CycleListPageTest">
    <error type="org.openqa.selenium.NoSuchElementException" message="Cannot locate element with text: OPU
For documentation on this error, please visit: http://seleniumhq.org/exceptions/no_such_element.html
Build info: version: &#039;3.5.3&#039;, revision: &#039;a88d25fe6b&#039;, time: &#039;2017-08-29T12:42:44.417Z&#039;
System info: host: &#039;IVF111&#039;, ip: &#039;192.168.1.56&#039;, os.name: &#039;Windows 8.1&#039;, os.arch: &#039;amd64&#039;, os.version: &#039;6.3&#039;, java.version: &#039;1.8.0_161&#039;
Driver info: driver.version: unknown">
      <![CDATA[org.openqa.selenium.NoSuchElementException: Cannot locate element with text: OPU
For documentation on this error, please visit: http://seleniumhq.org/exceptions/no_such_element.html
Build info: version: '3.5.3', revision: 'a88d25fe6b', time: '2017-08-29T12:42:44.417Z'
System info: host: 'IVF111', ip: '192.168.1.56', os.name: 'Windows 8.1', os.arch: 'amd64', os.version: '6.3', java.version: '1.8.0_161'
Driver info: driver.version: unknown
	at org.openqa.selenium.support.ui.Select.selectByVisibleText(Select.java:151)
	at com_milan_POM.WOPUCycyclePage.subtypedataentry(WOPUCycyclePage.java:212)
	at com_milan_POM.WOPUCycyclePage.SaveOPUsubtypeICSI(WOPUCycyclePage.java:255)
	at com_Milan_Test.CycleListPageTest.Setup(CycleListPageTest.java:64)
	at sun.reflect.NativeMethodAccessorImpl.invoke0(Native Method)
	at sun.reflect.NativeMethodAccessorImpl.invoke(Unknown Source)
	at sun.reflect.DelegatingMethodAccessorImpl.invoke(Unknown Source)
	at java.lang.reflect.Method.invoke(Unknown Source)
	at org.testng.internal.MethodInvocationHelper.invokeMethod(MethodInvocationHelper.java:108)
	at org.testng.internal.Invoker.invokeConfigurationMethod(Invoker.java:523)
	at org.testng.internal.Invoker.invokeConfigurations(Invoker.java:224)
	at org.testng.internal.Invoker.invokeMethod(Invoker.java:599)
	at org.testng.internal.Invoker.invokeTestMethod(Invoker.java:869)
	at org.testng.internal.Invoker.invokeTestMethods(Invoker.java:1193)
	at org.testng.internal.TestMethodWorker.invokeTestMethods(TestMethodWorker.java:126)
	at org.testng.internal.TestMethodWorker.run(TestMethodWorker.java:109)
	at org.testng.TestRunner.privateRun(TestRunner.java:744)
	at org.testng.TestRunner.run(TestRunner.java:602)
	at org.testng.SuiteRunner.runTest(SuiteRunner.java:380)
	at org.testng.SuiteRunner.access$000(SuiteRunner.java:39)
	at org.testng.SuiteRunner$SuiteWorker.run(SuiteRunner.java:414)
	at org.testng.internal.thread.ThreadUtil$1.call(ThreadUtil.java:52)
	at java.util.concurrent.FutureTask.run(Unknown Source)
	at java.util.concurrent.ThreadPoolExecutor.runWorker(Unknown Source)
	at java.util.concurrent.ThreadPoolExecutor$Worker.run(Unknown Source)
	at java.lang.Thread.run(Unknown Source)
]]>
    </error>
  </testcase> <!-- Setup -->
  <testcase name="NewCycleButtonEnableConditionTest" time="0.000" classname="com_Milan_Test.CycleListPageTest">
    <skipped/>
  </testcase> <!-- NewCycleButtonEnableConditionTest -->
  <testcase name="CycleListTitleTest" time="0.000" classname="com_Milan_Test.CycleListPageTest">
    <skipped/>
  </testcase> <!-- CycleListTitleTest -->
  <testcase name="ClickonNewCycleTest" time="0.000" classname="com_Milan_Test.CycleListPageTest">
    <skipped/>
  </testcase> <!-- ClickonNewCycleTest -->
  <testcase name="EnabledconditionARTTypeTest" time="0.000" classname="com_Milan_Test.CycleListPageTest">
    <skipped/>
  </testcase> <!-- EnabledconditionARTTypeTest -->
  <testcase name="ARTTypeOptionTest" time="0.000" classname="com_Milan_Test.CycleListPageTest">
    <skipped/>
  </testcase> <!-- ARTTypeOptionTest -->
  <testcase name="ProtocolandselectionTest" time="0.000" classname="com_Milan_Test.CycleListPageTest">
    <skipped/>
  </testcase> <!-- ProtocolandselectionTest -->
  <testcase name="MethodOfSemenCollectionTest" time="0.000" classname="com_Milan_Test.CycleListPageTest">
    <skipped/>
  </testcase> <!-- MethodOfSemenCollectionTest -->
  <testcase name="SourceofspermPartnerTest" time="0.000" classname="com_Milan_Test.CycleListPageTest">
    <skipped/>
  </testcase> <!-- SourceofspermPartnerTest -->
  <testcase name="SourceofSpermselectionDonorTest" time="0.000" classname="com_Milan_Test.CycleListPageTest">
    <skipped/>
  </testcase> <!-- SourceofSpermselectionDonorTest -->
  <testcase name="SimulationDrugTest" time="0.000" classname="com_Milan_Test.CycleListPageTest">
    <skipped/>
  </testcase> <!-- SimulationDrugTest -->
  <testcase name="LMPDateTest" time="0.000" classname="com_Milan_Test.CycleListPageTest">
    <skipped/>
  </testcase> <!-- LMPDateTest -->
  <testcase name="SaveTheCycleTest" time="0.000" classname="com_Milan_Test.CycleListPageTest">
    <skipped/>
  </testcase> <!-- SaveTheCycleTest -->
</testsuite> <!-- com_Milan_Test.CycleListPageTest -->
