<?xml version="1.0" encoding="UTF-8"?>
<!-- Generated by org.testng.reporters.JUnitReportReporter -->
<testsuite skipped="0" hostname="IVF111" name="com_Milan_Test.WcomplaintsTest" tests="3" failures="0" timestamp="19 Jul 2018 10:15:06 GMT" time="94.614" errors="0">
  <testcase name="NumberOfComplaintsTest" time="24.118" classname="com_Milan_Test.WcomplaintsTest"/>
  <testcase name="SaveTheComplaintsTest" time="44.655" classname="com_Milan_Test.WcomplaintsTest"/>
  <testcase name="NextFollowUpTest" time="25.841" classname="com_Milan_Test.WcomplaintsTest"/>
</testsuite> <!-- com_Milan_Test.WcomplaintsTest -->
