<?xml version="1.0" encoding="UTF-8"?>
<!-- Generated by org.testng.reporters.JUnitReportReporter -->
<testsuite skipped="0" hostname="IVF111" name="com_Milan_Test.WVitalsTest" tests="15" failures="0" timestamp="11 Jul 2018 21:22:07 GMT" time="813.831" errors="0">
  <testcase name="BPSystolicBundryValueTest" time="53.977" classname="com_Milan_Test.WVitalsTest"/>
  <testcase name="BPSystolicBundryValueTest" time="52.423" classname="com_Milan_Test.WVitalsTest"/>
  <testcase name="BMITest" time="52.833" classname="com_Milan_Test.WVitalsTest"/>
  <testcase name="BMITest" time="54.410" classname="com_Milan_Test.WVitalsTest"/>
  <testcase name="BPSystolicBundryValueTest" time="53.513" classname="com_Milan_Test.WVitalsTest"/>
  <testcase name="BMITest" time="54.956" classname="com_Milan_Test.WVitalsTest"/>
  <testcase name="BPSystolicBundryValueTest" time="52.574" classname="com_Milan_Test.WVitalsTest"/>
  <testcase name="BPSystolicBundryValueTest" time="53.864" classname="com_Milan_Test.WVitalsTest"/>
  <testcase name="BMITest" time="53.769" classname="com_Milan_Test.WVitalsTest"/>
  <testcase name="BMITest" time="56.724" classname="com_Milan_Test.WVitalsTest"/>
  <testcase name="SaveAllVitalsValuesTest" time="55.822" classname="com_Milan_Test.WVitalsTest"/>
  <testcase name="SaveAllVitalsValuesTest" time="55.014" classname="com_Milan_Test.WVitalsTest"/>
  <testcase name="SaveAllVitalsValuesTest" time="55.402" classname="com_Milan_Test.WVitalsTest"/>
  <testcase name="SaveAllVitalsValuesTest" time="54.844" classname="com_Milan_Test.WVitalsTest"/>
  <testcase name="SaveAllVitalsValuesTest" time="53.706" classname="com_Milan_Test.WVitalsTest"/>
</testsuite> <!-- com_Milan_Test.WVitalsTest -->
