<?xml version="1.0" encoding="UTF-8"?>
<!-- Generated by org.testng.reporters.JUnitReportReporter -->
<testsuite skipped="10" hostname="IVF111" name="com_Milan_Test.WSexsualHistoryTest" tests="11" failures="0" timestamp="13 May 2018 13:58:34 GMT" time="52.181" errors="0">
  <testcase name="TryingToConcieveSinceMonthTest" time="52.181" classname="com_Milan_Test.WSexsualHistoryTest"/>
  <testcase name="testRelationtlists" classname="com_Milan_Test.WSexsualHistoryTest">
    <skipped/>
  </testcase> <!-- testRelationtlists -->
  <testcase name="FillSexsuslHistorytest" classname="com_Milan_Test.WSexsualHistoryTest">
    <skipped/>
  </testcase> <!-- FillSexsuslHistorytest -->
  <testcase name="DyspareuniatextTest" classname="com_Milan_Test.WSexsualHistoryTest">
    <skipped/>
  </testcase> <!-- DyspareuniatextTest -->
  <testcase name="Remarktexttest" classname="com_Milan_Test.WSexsualHistoryTest">
    <skipped/>
  </testcase> <!-- Remarktexttest -->
  <testcase name="numberofcharacterexualDysfunctionTest" classname="com_Milan_Test.WSexsualHistoryTest">
    <skipped/>
  </testcase> <!-- numberofcharacterexualDysfunctionTest -->
  <testcase name="SexInrelationshipsinceMonthsTest" classname="com_Milan_Test.WSexsualHistoryTest">
    <skipped/>
  </testcase> <!-- SexInrelationshipsinceMonthsTest -->
  <testcase name="TryingToConcieveSinceYearTest" classname="com_Milan_Test.WSexsualHistoryTest">
    <skipped/>
  </testcase> <!-- TryingToConcieveSinceYearTest -->
  <testcase name="textboxSexualDysfunctionTest" classname="com_Milan_Test.WSexsualHistoryTest">
    <skipped/>
  </testcase> <!-- textboxSexualDysfunctionTest -->
  <testcase name="Lubricationusedtext" classname="com_Milan_Test.WSexsualHistoryTest">
    <skipped/>
  </testcase> <!-- Lubricationusedtext -->
  <testcase name="InrelationshipsinceYearsTest" classname="com_Milan_Test.WSexsualHistoryTest">
    <skipped/>
  </testcase> <!-- InrelationshipsinceYearsTest -->
</testsuite> <!-- com_Milan_Test.WSexsualHistoryTest -->
