<?xml version="1.0" encoding="UTF-8"?>
<!-- Generated by org.testng.reporters.JUnitReportReporter -->
<testsuite skipped="2" hostname="IVF11" name="com_Milan_Test.WcomplaintsTest" tests="3" failures="0" timestamp="06 May 2018 17:53:50 GMT" time="60.558" errors="0">
  <testcase name="NextFollowUpTest" time="60.558" classname="com_Milan_Test.WcomplaintsTest"/>
  <testcase name="NewPatientPresentingComplaintsTest" classname="com_Milan_Test.WcomplaintsTest">
    <skipped/>
  </testcase> <!-- NewPatientPresentingComplaintsTest -->
  <testcase name="SaveTheComplaintsTest" classname="com_Milan_Test.WcomplaintsTest">
    <skipped/>
  </testcase> <!-- SaveTheComplaintsTest -->
</testsuite> <!-- com_Milan_Test.WcomplaintsTest -->
