<?xml version="1.0" encoding="UTF-8"?>
<!-- Generated by org.testng.reporters.JUnitReportReporter -->
<testsuite skipped="2" hostname="IVF111" name="com_Milan_Test.EMRDashBoardPageTest" tests="6" failures="0" timestamp="31 May 2018 22:26:03 GMT" time="205.823" errors="0">
  <testcase name="ClickOnDiagnosisTest" time="53.627" classname="com_Milan_Test.EMRDashBoardPageTest"/>
  <testcase name="ClickOnInvestigationTest" time="20.777" classname="com_Milan_Test.EMRDashBoardPageTest"/>
  <testcase name="ClickOnVitalTest" time="53.716" classname="com_Milan_Test.EMRDashBoardPageTest"/>
  <testcase name="ClickOnComplaintTest" time="77.703" classname="com_Milan_Test.EMRDashBoardPageTest"/>
  <testcase name="ClickOnMenPaientHistory" classname="com_Milan_Test.EMRDashBoardPageTest">
    <skipped/>
  </testcase> <!-- ClickOnMenPaientHistory -->
  <testcase name="ClickonWoomenPaientFieldTest" classname="com_Milan_Test.EMRDashBoardPageTest">
    <skipped/>
  </testcase> <!-- ClickonWoomenPaientFieldTest -->
</testsuite> <!-- com_Milan_Test.EMRDashBoardPageTest -->
