<?xml version="1.0" encoding="UTF-8"?>
<!-- Generated by org.testng.reporters.JUnitReportReporter -->
<testsuite skipped="0" hostname="IVF111" name="com_Milan_Test.CycleOverviewPageTest" tests="5" failures="0" timestamp="22 Jun 2018 09:10:50 GMT" time="517.973" errors="0">
  <testcase name="ValueInSourceofSpermOptionTest" time="110.454" classname="com_Milan_Test.CycleOverviewPageTest"/>
  <testcase name="ValueInMethodOfSemenCollectionOptionTest" time="104.104" classname="com_Milan_Test.CycleOverviewPageTest"/>
  <testcase name="ValueInProtocolTest" time="106.103" classname="com_Milan_Test.CycleOverviewPageTest"/>
  <testcase name="ValueInARTTypeTest" time="98.863" classname="com_Milan_Test.CycleOverviewPageTest"/>
  <testcase name="EnableconditionAddSimulationDrugTest" time="98.449" classname="com_Milan_Test.CycleOverviewPageTest"/>
</testsuite> <!-- com_Milan_Test.CycleOverviewPageTest -->
