<?xml version="1.0" encoding="UTF-8"?>
<!-- Generated by org.testng.reporters.JUnitReportReporter -->
<testsuite skipped="0" hostname="IVF111" name="com_Milan_Test.EMRDashBoardPageTest" tests="6" failures="0" timestamp="23 Jul 2018 19:26:50 GMT" time="253.962" errors="0">
  <testcase name="ClickonWoomenPaientFieldTest" time="52.714" classname="com_Milan_Test.EMRDashBoardPageTest"/>
  <testcase name="ClickOnMenPaientHistory" time="50.596" classname="com_Milan_Test.EMRDashBoardPageTest"/>
  <testcase name="ClickOnDiagnosisTest" time="54.314" classname="com_Milan_Test.EMRDashBoardPageTest"/>
  <testcase name="ClickOnInvestigationTest" time="20.706" classname="com_Milan_Test.EMRDashBoardPageTest"/>
  <testcase name="ClickOnVitalTest" time="51.538" classname="com_Milan_Test.EMRDashBoardPageTest"/>
  <testcase name="ClickOnComplaintTest" time="24.094" classname="com_Milan_Test.EMRDashBoardPageTest"/>
</testsuite> <!-- com_Milan_Test.EMRDashBoardPageTest -->
