<?xml version="1.0" encoding="UTF-8"?>
<!-- Generated by org.testng.reporters.JUnitReportReporter -->
<testsuite skipped="0" hostname="IVF111" name="com_Milan_Test.WVitalsTest" tests="15" failures="0" timestamp="16 Jul 2018 20:14:12 GMT" time="817.404" errors="0">
  <testcase name="BPSystolicBundryValueTest" time="50.699" classname="com_Milan_Test.WVitalsTest"/>
  <testcase name="BMITest" time="56.204" classname="com_Milan_Test.WVitalsTest"/>
  <testcase name="BMITest" time="57.549" classname="com_Milan_Test.WVitalsTest"/>
  <testcase name="BPSystolicBundryValueTest" time="52.992" classname="com_Milan_Test.WVitalsTest"/>
  <testcase name="BPSystolicBundryValueTest" time="52.644" classname="com_Milan_Test.WVitalsTest"/>
  <testcase name="BMITest" time="58.306" classname="com_Milan_Test.WVitalsTest"/>
  <testcase name="BMITest" time="53.619" classname="com_Milan_Test.WVitalsTest"/>
  <testcase name="BPSystolicBundryValueTest" time="52.044" classname="com_Milan_Test.WVitalsTest"/>
  <testcase name="BPSystolicBundryValueTest" time="52.845" classname="com_Milan_Test.WVitalsTest"/>
  <testcase name="BMITest" time="56.890" classname="com_Milan_Test.WVitalsTest"/>
  <testcase name="SaveAllVitalsValuesTest" time="53.512" classname="com_Milan_Test.WVitalsTest"/>
  <testcase name="SaveAllVitalsValuesTest" time="56.160" classname="com_Milan_Test.WVitalsTest"/>
  <testcase name="SaveAllVitalsValuesTest" time="53.747" classname="com_Milan_Test.WVitalsTest"/>
  <testcase name="SaveAllVitalsValuesTest" time="55.219" classname="com_Milan_Test.WVitalsTest"/>
  <testcase name="SaveAllVitalsValuesTest" time="54.974" classname="com_Milan_Test.WVitalsTest"/>
</testsuite> <!-- com_Milan_Test.WVitalsTest -->
