<?xml version="1.0" encoding="UTF-8"?>
<!-- Generated by org.testng.reporters.JUnitReportReporter -->
<testsuite skipped="0" hostname="IVF111" name="com_Milan_Test.WAllergiesTest" tests="6" failures="0" timestamp="26 Jul 2018 04:58:55 GMT" time="418.383" errors="0">
  <testcase name="AllergySelectionTest" time="162.286" classname="com_Milan_Test.WAllergiesTest"/>
  <testcase name="FoodAllergyvalidationTest" time="51.552" classname="com_Milan_Test.WAllergiesTest"/>
  <testcase name="AddNewAllergiesTest" time="51.862" classname="com_Milan_Test.WAllergiesTest"/>
  <testcase name="AllergiesOnDashboardforNewPatientTest" time="50.212" classname="com_Milan_Test.WAllergiesTest"/>
  <testcase name="OptionSelectedOnAllergyCurrentStstusTest" time="51.079" classname="com_Milan_Test.WAllergiesTest"/>
  <testcase name="ExistingPatientDrugAllergyTypeTest" time="51.392" classname="com_Milan_Test.WAllergiesTest"/>
</testsuite> <!-- com_Milan_Test.WAllergiesTest -->
