<?xml version="1.0" encoding="UTF-8"?>
<!-- Generated by org.testng.reporters.JUnitReportReporter -->
<testsuite skipped="0" hostname="IVF111" name="com_Milan_Test.WMenstrualHistoryTest" tests="8" failures="0" timestamp="22 Jun 2018 09:10:51 GMT" time="419.979" errors="0">
  <testcase name="AgeOfMenarcheRangeSartTest" time="51.942" classname="com_Milan_Test.WMenstrualHistoryTest"/>
  <testcase name="MenarcheRangeEndTest" time="52.947" classname="com_Milan_Test.WMenstrualHistoryTest"/>
  <testcase name="LMPcalenderdateSelectionTest" time="51.901" classname="com_Milan_Test.WMenstrualHistoryTest"/>
  <testcase name="AmenorrheaTypeTest" time="54.396" classname="com_Milan_Test.WMenstrualHistoryTest"/>
  <testcase name="CycleDurationTest" time="49.623" classname="com_Milan_Test.WMenstrualHistoryTest"/>
  <testcase name="SavevaluesTest" time="52.462" classname="com_Milan_Test.WMenstrualHistoryTest"/>
  <testcase name="MenstruationTest1" time="57.739" classname="com_Milan_Test.WMenstrualHistoryTest"/>
  <testcase name="MenstrualFlowtextTest" time="48.969" classname="com_Milan_Test.WMenstrualHistoryTest"/>
</testsuite> <!-- com_Milan_Test.WMenstrualHistoryTest -->
