<?xml version="1.0" encoding="UTF-8"?>
<!-- Generated by org.testng.reporters.JUnitReportReporter -->
<testsuite skipped="1" hostname="IVF111" name="com_Milan_Test.WInvestigationPageTest" tests="2" failures="0" timestamp="21 May 2018 18:26:39 GMT" time="28.377" errors="0">
  <testcase name="subcycle" time="28.377" classname="com_Milan_Test.WInvestigationPageTest"/>
  <testcase name="CycleCreationTest" classname="com_Milan_Test.WInvestigationPageTest">
    <skipped/>
  </testcase> <!-- CycleCreationTest -->
</testsuite> <!-- com_Milan_Test.WInvestigationPageTest -->
