<?xml version="1.0" encoding="UTF-8"?>
<!-- Generated by org.testng.reporters.JUnitReportReporter -->
<testsuite skipped="0" hostname="IVF111" name="com_Milan_Test.CycleOverviewPageTest" tests="4" failures="0" timestamp="25 Jul 2018 05:44:23 GMT" time="369.112" errors="0">
  <testcase name="ValueInSourceofSpermOptionTest" time="95.615" classname="com_Milan_Test.CycleOverviewPageTest"/>
  <testcase name="ValueInMethodOfSemenCollectionOptionTest" time="97.638" classname="com_Milan_Test.CycleOverviewPageTest"/>
  <testcase name="ValueInProtocolTest" time="85.900" classname="com_Milan_Test.CycleOverviewPageTest"/>
  <testcase name="ValueInARTTypeTest" time="89.959" classname="com_Milan_Test.CycleOverviewPageTest"/>
</testsuite> <!-- com_Milan_Test.CycleOverviewPageTest -->
