<?xml version="1.0" encoding="UTF-8"?>
<!-- Generated by org.testng.reporters.JUnitReportReporter -->
<testsuite skipped="5" hostname="IVF111" name="com_Milan_Test.WAllergiesTest" tests="6" failures="0" timestamp="19 Jun 2018 18:23:55 GMT" time="121.314" errors="0">
  <testcase name="AllergySelectionTest" time="121.314" classname="com_Milan_Test.WAllergiesTest"/>
  <testcase name="OptionSelectedOnAllergyCurrentStstusTest" classname="com_Milan_Test.WAllergiesTest">
    <skipped/>
  </testcase> <!-- OptionSelectedOnAllergyCurrentStstusTest -->
  <testcase name="SaveMessage" classname="com_Milan_Test.WAllergiesTest">
    <skipped/>
  </testcase> <!-- SaveMessage -->
  <testcase name="ExistingPatientDrugAllergyTypeTest" classname="com_Milan_Test.WAllergiesTest">
    <skipped/>
  </testcase> <!-- ExistingPatientDrugAllergyTypeTest -->
  <testcase name="AddNewAllergiesTest" classname="com_Milan_Test.WAllergiesTest">
    <skipped/>
  </testcase> <!-- AddNewAllergiesTest -->
  <testcase name="FoodAllergyvalidationTest" classname="com_Milan_Test.WAllergiesTest">
    <skipped/>
  </testcase> <!-- FoodAllergyvalidationTest -->
</testsuite> <!-- com_Milan_Test.WAllergiesTest -->
