<?xml version="1.0" encoding="UTF-8"?>
<!-- Generated by org.testng.reporters.JUnitReportReporter -->
<testsuite skipped="3" hostname="IVF111" name="com_Milan_Test.CycleListPageTest" tests="15" failures="0" timestamp="16 Aug 2018 15:56:10 GMT" time="827.293" errors="0">
  <testcase name="NewCycleButtonEnableConditionTest" time="57.041" classname="com_Milan_Test.CycleListPageTest"/>
  <testcase name="CycleListTitleTest" time="54.541" classname="com_Milan_Test.CycleListPageTest"/>
  <testcase name="ClickonNewCycleTest" time="54.727" classname="com_Milan_Test.CycleListPageTest"/>
  <testcase name="EnabledconditionARTTypeTest" time="56.878" classname="com_Milan_Test.CycleListPageTest"/>
  <testcase name="ARTTypeOptionTest" time="59.062" classname="com_Milan_Test.CycleListPageTest"/>
  <testcase name="ProtocolandselectionTest" time="64.607" classname="com_Milan_Test.CycleListPageTest"/>
  <testcase name="MethodOfSemenCollectionTest" time="61.633" classname="com_Milan_Test.CycleListPageTest"/>
  <testcase name="SourceofspermPartnerTest" time="53.684" classname="com_Milan_Test.CycleListPageTest"/>
  <testcase name="SourceofSpermselectionDonorTest" time="61.130" classname="com_Milan_Test.CycleListPageTest"/>
  <testcase name="SimulationDrugTest" time="61.360" classname="com_Milan_Test.CycleListPageTest"/>
  <testcase name="LMPDateTest" time="57.684" classname="com_Milan_Test.CycleListPageTest"/>
  <testcase name="SaveTheCycleTest" time="62.018" classname="com_Milan_Test.CycleListPageTest">
    <skipped/>
  </testcase> <!-- SaveTheCycleTest -->
  <testcase name="SaveTheCycleTest" time="60.070" classname="com_Milan_Test.CycleListPageTest"/>
  <testcase name="SaveTheCycleTest" time="62.858" classname="com_Milan_Test.CycleListPageTest">
    <skipped/>
  </testcase> <!-- SaveTheCycleTest -->
  <testcase name="LMPDateTest1" classname="com_Milan_Test.CycleListPageTest">
    <skipped/>
  </testcase> <!-- LMPDateTest1 -->
</testsuite> <!-- com_Milan_Test.CycleListPageTest -->
