<?xml version="1.0" encoding="UTF-8"?>
<!-- Generated by org.testng.reporters.JUnitReportReporter -->
<testsuite skipped="1" hostname="IVF111" name="com_Milan_Test.SimulationChartPageTest" tests="6" failures="0" timestamp="06 Sep 2018 10:16:37 GMT" time="412.346" errors="0">
  <testcase name="EnableconditionAddSimulationDrugTest" time="61.329" classname="com_Milan_Test.SimulationChartPageTest"/>
  <testcase name="SaveSimulationTest" time="69.338" classname="com_Milan_Test.SimulationChartPageTest"/>
  <testcase name="SimulationDrugValidationTest" time="91.667" classname="com_Milan_Test.SimulationChartPageTest"/>
  <testcase name="InvalidDateTest" time="113.028" classname="com_Milan_Test.SimulationChartPageTest"/>
  <testcase name="MessageonOPUPageTest" time="76.984" classname="com_Milan_Test.SimulationChartPageTest"/>
  <testcase name="AddDrugNames" classname="com_Milan_Test.SimulationChartPageTest">
    <skipped/>
  </testcase> <!-- AddDrugNames -->
</testsuite> <!-- com_Milan_Test.SimulationChartPageTest -->
