<?xml version="1.0" encoding="UTF-8"?>
<!-- Generated by org.testng.reporters.JUnitReportReporter -->
<testsuite skipped="0" hostname="IVF111" name="com_Milan_Test.WOPUCycyclePageTest" tests="5" failures="0" timestamp="30 May 2018 18:34:41 GMT" time="271.325" errors="0">
  <testcase name="NoofCyclesTest" time="28.217" classname="com_Milan_Test.WOPUCycyclePageTest"/>
  <testcase name="SelectSubTypeCycleTest" time="59.719" classname="com_Milan_Test.WOPUCycyclePageTest"/>
  <testcase name="ARTCycleAvailabilityMessageTest" time="27.411" classname="com_Milan_Test.WOPUCycyclePageTest"/>
  <testcase name="DeleteARTCycleTest" time="41.114" classname="com_Milan_Test.WOPUCycyclePageTest"/>
  <testcase name="ClickonCycletabTest" time="114.864" classname="com_Milan_Test.WOPUCycyclePageTest"/>
</testsuite> <!-- com_Milan_Test.WOPUCycyclePageTest -->
