<?xml version="1.0" encoding="UTF-8"?>
<!-- Generated by org.testng.reporters.JUnitReportReporter -->
<testsuite skipped="0" hostname="IVF111" name="com_Milan_Test.WomenHistoryPageTest" tests="11" failures="0" timestamp="26 Aug 2018 18:19:41 GMT" time="606.468" errors="0">
  <testcase name="SexualHistoryTest" time="49.747" classname="com_Milan_Test.WomenHistoryPageTest"/>
  <testcase name="ObstetricHistoryTest" time="52.178" classname="com_Milan_Test.WomenHistoryPageTest"/>
  <testcase name="MedicalHistoryTest" time="50.407" classname="com_Milan_Test.WomenHistoryPageTest"/>
  <testcase name="FamilyHistoryTest" time="82.375" classname="com_Milan_Test.WomenHistoryPageTest"/>
  <testcase name="SurgicalHistoryTest" time="50.092" classname="com_Milan_Test.WomenHistoryPageTest"/>
  <testcase name="PreviousTreatmentHistoryTest" time="53.702" classname="com_Milan_Test.WomenHistoryPageTest"/>
  <testcase name="pastMedicationHistoryTest" time="52.661" classname="com_Milan_Test.WomenHistoryPageTest"/>
  <testcase name="AllergiesTest" time="52.249" classname="com_Milan_Test.WomenHistoryPageTest"/>
  <testcase name="AddictionsTest" time="49.606" classname="com_Milan_Test.WomenHistoryPageTest"/>
  <testcase name="VaccinationTest" time="60.052" classname="com_Milan_Test.WomenHistoryPageTest"/>
  <testcase name="socialHistoryTest" time="53.399" classname="com_Milan_Test.WomenHistoryPageTest"/>
</testsuite> <!-- com_Milan_Test.WomenHistoryPageTest -->
