<?xml version="1.0" encoding="UTF-8"?>
<!-- Generated by org.testng.reporters.JUnitReportReporter -->
<testsuite skipped="0" hostname="IVF111" name="com_Milan_Test.WOPUCycyclePageTest" tests="6" failures="0" timestamp="04 Jun 2018 08:55:43 GMT" time="252.457" errors="0">
  <testcase name="SearchcycleTest" time="26.085" classname="com_Milan_Test.WOPUCycyclePageTest"/>
  <testcase name="NoofCyclesTest" time="59.417" classname="com_Milan_Test.WOPUCycyclePageTest"/>
  <testcase name="OPUsubtypeICSITest" time="59.369" classname="com_Milan_Test.WOPUCycyclePageTest"/>
  <testcase name="ARTCycleAvailabilityMessageTest" time="27.790" classname="com_Milan_Test.WOPUCycyclePageTest"/>
  <testcase name="DeleteARTCycleTest" time="22.061" classname="com_Milan_Test.WOPUCycyclePageTest"/>
  <testcase name="ClickonCycletabTest" time="57.735" classname="com_Milan_Test.WOPUCycyclePageTest"/>
</testsuite> <!-- com_Milan_Test.WOPUCycyclePageTest -->
