<?xml version="1.0" encoding="UTF-8"?>
<!-- Generated by org.testng.reporters.JUnitReportReporter -->
<testsuite skipped="3" hostname="IVF111" name="com_Milan_Test.CycleListPageTest" tests="14" failures="0" timestamp="23 Jul 2018 19:26:50 GMT" time="1414.120" errors="0">
  <testcase name="NewCycleButtonEnableConditionTest" time="104.787" classname="com_Milan_Test.CycleListPageTest"/>
  <testcase name="ClickonNewCycleTest" time="104.418" classname="com_Milan_Test.CycleListPageTest"/>
  <testcase name="EnabledconditionARTTypeTest" time="106.304" classname="com_Milan_Test.CycleListPageTest"/>
  <testcase name="ARTTypeOptionTest" time="110.769" classname="com_Milan_Test.CycleListPageTest"/>
  <testcase name="ProtocolandselectionTest" time="116.738" classname="com_Milan_Test.CycleListPageTest"/>
  <testcase name="MethodOfSemenCollectionTest" time="110.601" classname="com_Milan_Test.CycleListPageTest"/>
  <testcase name="SourceofspermPartnerTest" time="105.789" classname="com_Milan_Test.CycleListPageTest"/>
  <testcase name="SourceofSpermselectionDonorTest" time="110.168" classname="com_Milan_Test.CycleListPageTest"/>
  <testcase name="SimulationDrugTest" time="111.470" classname="com_Milan_Test.CycleListPageTest">
    <skipped/>
  </testcase> <!-- SimulationDrugTest -->
  <testcase name="SimulationDrugTest" time="109.087" classname="com_Milan_Test.CycleListPageTest"/>
  <testcase name="SimulationDrugTest" time="107.676" classname="com_Milan_Test.CycleListPageTest">
    <skipped/>
  </testcase> <!-- SimulationDrugTest -->
  <testcase name="LMPDateTest" time="108.061" classname="com_Milan_Test.CycleListPageTest"/>
  <testcase name="SaveTheCycleTest" time="108.252" classname="com_Milan_Test.CycleListPageTest"/>
  <testcase name="CycleListTitleTest" classname="com_Milan_Test.CycleListPageTest">
    <skipped/>
  </testcase> <!-- CycleListTitleTest -->
</testsuite> <!-- com_Milan_Test.CycleListPageTest -->
