<?xml version="1.0" encoding="UTF-8"?>
<!-- Generated by org.testng.reporters.JUnitReportReporter -->
<testsuite skipped="1" hostname="IVF111" name="com_Milan_Test.WPastMedicationHistoryTest" tests="3" failures="0" timestamp="13 May 2018 13:58:34 GMT" time="116.201" errors="0">
  <testcase name="DrugNameTest" time="57.975" classname="com_Milan_Test.WPastMedicationHistoryTest"/>
  <testcase name="DrugNameFieldEnableconditionTest" time="58.226" classname="com_Milan_Test.WPastMedicationHistoryTest"/>
  <testcase name="pastMedicationHistorysetdataTest" classname="com_Milan_Test.WPastMedicationHistoryTest">
    <skipped/>
  </testcase> <!-- pastMedicationHistorysetdataTest -->
</testsuite> <!-- com_Milan_Test.WPastMedicationHistoryTest -->
