<?xml version="1.0" encoding="UTF-8"?>
<!-- Generated by org.testng.reporters.JUnitReportReporter -->
<testsuite skipped="2" hostname="IVF111" name="com_Milan_Test.SimulationChartPageTest" tests="5" failures="0" timestamp="24 Jul 2018 17:43:29 GMT" time="235.609" errors="0">
  <testcase name="SaveSimulationTest" time="63.830" classname="com_Milan_Test.SimulationChartPageTest"/>
  <testcase name="SimulationDrugValidationTest" time="69.021" classname="com_Milan_Test.SimulationChartPageTest"/>
  <testcase name="InvalidDateTest" time="102.758" classname="com_Milan_Test.SimulationChartPageTest"/>
  <testcase name="EnableconditionAddSimulationDrugTest" classname="com_Milan_Test.SimulationChartPageTest">
    <skipped/>
  </testcase> <!-- EnableconditionAddSimulationDrugTest -->
  <testcase name="AddDrugNames" classname="com_Milan_Test.SimulationChartPageTest">
    <skipped/>
  </testcase> <!-- AddDrugNames -->
</testsuite> <!-- com_Milan_Test.SimulationChartPageTest -->
