<?xml version="1.0" encoding="UTF-8"?>
<!-- Generated by org.testng.reporters.JUnitReportReporter -->
<testsuite skipped="1" hostname="IVF111" name="com_Milan_Test.CycleOverviewPageTest" tests="5" failures="0" timestamp="13 Aug 2018 08:58:19 GMT" time="486.561" errors="0">
  <testcase name="ValueInSourceofSpermOptionTest" time="97.144" classname="com_Milan_Test.CycleOverviewPageTest">
    <skipped/>
  </testcase> <!-- ValueInSourceofSpermOptionTest -->
  <testcase name="ValueInSourceofSpermOptionTest" time="95.822" classname="com_Milan_Test.CycleOverviewPageTest"/>
  <testcase name="ValueInMethodOfSemenCollectionOptionTest" time="119.569" classname="com_Milan_Test.CycleOverviewPageTest"/>
  <testcase name="ValueInProtocolTest" time="84.850" classname="com_Milan_Test.CycleOverviewPageTest"/>
  <testcase name="ValueInARTTypeTest" time="89.176" classname="com_Milan_Test.CycleOverviewPageTest"/>
</testsuite> <!-- com_Milan_Test.CycleOverviewPageTest -->
