<?xml version="1.0" encoding="UTF-8"?>
<!-- Generated by org.testng.reporters.JUnitReportReporter -->
<testsuite skipped="2" hostname="IVF111" name="com_Milan_Test.WInvestigationPageTest" tests="4" failures="0" timestamp="27 Jun 2018 20:52:03 GMT" time="55.241" errors="0">
  <testcase name="IVFPACKAGEARTCyclecountTest" time="27.017" classname="com_Milan_Test.WInvestigationPageTest"/>
  <testcase name="OUIARTSubTypesTest" time="28.224" classname="com_Milan_Test.WInvestigationPageTest"/>
  <testcase name="OPUCycleTest" classname="com_Milan_Test.WInvestigationPageTest">
    <skipped/>
  </testcase> <!-- OPUCycleTest -->
  <testcase name="CycleCreationTest" classname="com_Milan_Test.WInvestigationPageTest">
    <skipped/>
  </testcase> <!-- CycleCreationTest -->
</testsuite> <!-- com_Milan_Test.WInvestigationPageTest -->
