<?xml version="1.0" encoding="UTF-8"?>
<!-- Generated by org.testng.reporters.JUnitReportReporter -->
<testsuite skipped="0" hostname="IVF111" name="com_Milan_Test.WMenstrualHistoryTest" tests="10" failures="0" timestamp="22 Aug 2018 16:17:17 GMT" time="535.766" errors="0">
  <testcase name="AgeOfMenarcheRangeSartTest" time="48.870" classname="com_Milan_Test.WMenstrualHistoryTest"/>
  <testcase name="MenarcheRangeEndTest" time="49.765" classname="com_Milan_Test.WMenstrualHistoryTest"/>
  <testcase name="LMPcalenderdateSelectionTest" time="56.927" classname="com_Milan_Test.WMenstrualHistoryTest"/>
  <testcase name="AmenorrheaTypeTest" time="52.734" classname="com_Milan_Test.WMenstrualHistoryTest"/>
  <testcase name="SavevaluesTest" time="53.718" classname="com_Milan_Test.WMenstrualHistoryTest"/>
  <testcase name="CycleDurationTest" time="50.587" classname="com_Milan_Test.WMenstrualHistoryTest"/>
  <testcase name="MenstruationTest1" time="59.932" classname="com_Milan_Test.WMenstrualHistoryTest"/>
  <testcase name="MenstrualFlowtextTest" time="49.472" classname="com_Milan_Test.WMenstrualHistoryTest"/>
  <testcase name="MenstrualFlowTextTest" time="59.241" classname="com_Milan_Test.WMenstrualHistoryTest"/>
  <testcase name="SaveWMenstrualHistoryTest" time="54.520" classname="com_Milan_Test.WMenstrualHistoryTest"/>
</testsuite> <!-- com_Milan_Test.WMenstrualHistoryTest -->
