<?xml version="1.0" encoding="UTF-8"?>
<!-- Generated by org.testng.reporters.JUnitReportReporter -->
<testsuite skipped="1" hostname="IVF111" name="com_Milan_Test.FemaleDiagnosisTest" tests="7" failures="0" timestamp="04 Jun 2018 05:18:53 GMT" time="339.126" errors="0">
  <testcase name="ClickOnOtherDiagnosisTest" time="55.442" classname="com_Milan_Test.FemaleDiagnosisTest"/>
  <testcase name="CodevalueTest" time="52.891" classname="com_Milan_Test.FemaleDiagnosisTest"/>
  <testcase name="AddFavoriteFromListTest" time="58.652" classname="com_Milan_Test.FemaleDiagnosisTest"/>
  <testcase name="UnFavoriteTheFavioriteTest" time="60.918" classname="com_Milan_Test.FemaleDiagnosisTest"/>
  <testcase name="TypeSelectionboxEnableconditionForOtherfavorireTest" time="52.530" classname="com_Milan_Test.FemaleDiagnosisTest"/>
  <testcase name="checkboxclickTest" time="58.693" classname="com_Milan_Test.FemaleDiagnosisTest"/>
  <testcase name="DeleteFromFavoriteTest" classname="com_Milan_Test.FemaleDiagnosisTest">
    <skipped/>
  </testcase> <!-- DeleteFromFavoriteTest -->
</testsuite> <!-- com_Milan_Test.FemaleDiagnosisTest -->
