<?xml version="1.0" encoding="UTF-8"?>
<!-- Generated by org.testng.reporters.JUnitReportReporter -->
<testsuite skipped="1" hostname="IVF111" name="com_Milan_Test.HomePageTest" tests="4" failures="0" timestamp="19 Jul 2018 18:16:06 GMT" time="73.885" errors="0">
  <testcase name="SearchPatientUsingPatientTabTest" time="19.360" classname="com_Milan_Test.HomePageTest"/>
  <testcase name="SearchPatientUsingCalenderTest" time="30.056" classname="com_Milan_Test.HomePageTest"/>
  <testcase name="ClickOnCmrTest" time="24.469" classname="com_Milan_Test.HomePageTest"/>
  <testcase name="DatacreationTest" classname="com_Milan_Test.HomePageTest">
    <skipped/>
  </testcase> <!-- DatacreationTest -->
</testsuite> <!-- com_Milan_Test.HomePageTest -->
