<?xml version="1.0" encoding="UTF-8"?>
<!-- Generated by org.testng.reporters.JUnitReportReporter -->
<testsuite skipped="2" hostname="IVF11" name="com_Milan_Test.HomePageTest" tests="3" failures="0" timestamp="06 May 2018 11:46:24 GMT" time="111.200" errors="0">
  <testcase name="SearchPatientUsingPatientTabTest" time="111.200" classname="com_Milan_Test.HomePageTest"/>
  <testcase name="SearchPatientUsingCalenderTest" classname="com_Milan_Test.HomePageTest">
    <skipped/>
  </testcase> <!-- SearchPatientUsingCalenderTest -->
  <testcase name="ClickOnCmrTest" classname="com_Milan_Test.HomePageTest">
    <skipped/>
  </testcase> <!-- ClickOnCmrTest -->
</testsuite> <!-- com_Milan_Test.HomePageTest -->
