<?xml version="1.0" encoding="UTF-8"?>
<!-- Generated by org.testng.reporters.JUnitReportReporter -->
<testsuite skipped="2" hostname="IVF111" name="com_Milan_Test.SimulationChartPageTest" tests="6" failures="0" timestamp="09 Sep 2018 10:27:43 GMT" time="280.498" errors="0">
  <testcase name="EnableconditionAddSimulationDrugTest" time="62.746" classname="com_Milan_Test.SimulationChartPageTest"/>
  <testcase name="SaveSimulationTest" time="68.755" classname="com_Milan_Test.SimulationChartPageTest"/>
  <testcase name="SimulationDrugValidationTest" time="73.847" classname="com_Milan_Test.SimulationChartPageTest"/>
  <testcase name="MessageonOPUPageTest" time="75.150" classname="com_Milan_Test.SimulationChartPageTest"/>
  <testcase name="InvalidDateTest" classname="com_Milan_Test.SimulationChartPageTest">
    <skipped/>
  </testcase> <!-- InvalidDateTest -->
  <testcase name="AddDrugNames" classname="com_Milan_Test.SimulationChartPageTest">
    <skipped/>
  </testcase> <!-- AddDrugNames -->
</testsuite> <!-- com_Milan_Test.SimulationChartPageTest -->
