<?xml version="1.0" encoding="UTF-8"?>
<!-- Generated by org.testng.reporters.JUnitReportReporter -->
<testsuite skipped="0" hostname="IVF111" name="com_Milan_Test.WomenHistoryPageTest" tests="11" failures="0" timestamp="07 Jul 2018 12:35:59 GMT" time="596.329" errors="0">
  <testcase name="SexualHistoryTest" time="53.971" classname="com_Milan_Test.WomenHistoryPageTest"/>
  <testcase name="ObstetricHistoryTest" time="50.285" classname="com_Milan_Test.WomenHistoryPageTest"/>
  <testcase name="MedicalHistoryTest" time="52.727" classname="com_Milan_Test.WomenHistoryPageTest"/>
  <testcase name="FamilyHistoryTest" time="81.576" classname="com_Milan_Test.WomenHistoryPageTest"/>
  <testcase name="SurgicalHistoryTest" time="49.384" classname="com_Milan_Test.WomenHistoryPageTest"/>
  <testcase name="PreviousTreatmentHistoryTest" time="50.809" classname="com_Milan_Test.WomenHistoryPageTest"/>
  <testcase name="pastMedicationHistoryTest" time="50.171" classname="com_Milan_Test.WomenHistoryPageTest"/>
  <testcase name="AllergiesTest" time="51.931" classname="com_Milan_Test.WomenHistoryPageTest"/>
  <testcase name="VaccinationTest" time="52.660" classname="com_Milan_Test.WomenHistoryPageTest"/>
  <testcase name="AddictionsTest" time="51.754" classname="com_Milan_Test.WomenHistoryPageTest"/>
  <testcase name="socialHistoryTest" time="51.061" classname="com_Milan_Test.WomenHistoryPageTest"/>
</testsuite> <!-- com_Milan_Test.WomenHistoryPageTest -->
