<?xml version="1.0" encoding="UTF-8"?>
<!-- Generated by org.testng.reporters.JUnitReportReporter -->
<testsuite skipped="2" hostname="IVF111" name="com_Milan_Test.WInvestigationPageTest" tests="4" failures="0" timestamp="26 Jun 2018 20:07:15 GMT" time="65.605" errors="0">
  <testcase name="IVFPACKAGEARTCyclecountTest" time="25.527" classname="com_Milan_Test.WInvestigationPageTest"/>
  <testcase name="OUIARTSubTypesTest" time="40.078" classname="com_Milan_Test.WInvestigationPageTest"/>
  <testcase name="OPUCycleTest" classname="com_Milan_Test.WInvestigationPageTest">
    <skipped/>
  </testcase> <!-- OPUCycleTest -->
  <testcase name="CycleCreationTest" classname="com_Milan_Test.WInvestigationPageTest">
    <skipped/>
  </testcase> <!-- CycleCreationTest -->
</testsuite> <!-- com_Milan_Test.WInvestigationPageTest -->
