<?xml version="1.0" encoding="UTF-8"?>
<!-- Generated by org.testng.reporters.JUnitReportReporter -->
<testsuite skipped="9" hostname="IVF111" name="com_Milan_Test.SimulationChartPageTest" tests="14" failures="0" timestamp="16 Jul 2018 20:14:12 GMT" time="1660.534" errors="3">
  <testcase name="AddDrugNames" time="109.351" classname="com_Milan_Test.SimulationChartPageTest"/>
  <testcase name="EnableconditionAddSimulationDrugTest" time="108.596" classname="com_Milan_Test.SimulationChartPageTest"/>
  <testcase name="SaveSimulationTest" time="107.342" classname="com_Milan_Test.SimulationChartPageTest">
    <skipped/>
  </testcase> <!-- SaveSimulationTest -->
  <testcase name="SaveSimulationTest" time="109.685" classname="com_Milan_Test.SimulationChartPageTest">
    <skipped/>
  </testcase> <!-- SaveSimulationTest -->
  <testcase name="SaveSimulationTest" time="109.215" classname="com_Milan_Test.SimulationChartPageTest">
    <error type="java.lang.ClassCastException" message="org.openqa.selenium.support.ui.Select cannot be cast to org.openqa.selenium.WebElement">
      <![CDATA[java.lang.ClassCastException: org.openqa.selenium.support.ui.Select cannot be cast to org.openqa.selenium.WebElement
	at com_Milan_util.TestUtil.ActionForMovetoElementSelect(TestUtil.java:156)
	at com_milan_POM.StimulationChartPage.SaveSimulation(StimulationChartPage.java:151)
	at com_Milan_Test.SimulationChartPageTest.SaveSimulationTest(SimulationChartPageTest.java:111)
	at sun.reflect.NativeMethodAccessorImpl.invoke0(Native Method)
	at sun.reflect.NativeMethodAccessorImpl.invoke(Unknown Source)
	at sun.reflect.DelegatingMethodAccessorImpl.invoke(Unknown Source)
	at java.lang.reflect.Method.invoke(Unknown Source)
	at org.testng.internal.MethodInvocationHelper.invokeMethod(MethodInvocationHelper.java:108)
	at org.testng.internal.Invoker.invokeMethod(Invoker.java:661)
	at org.testng.internal.Invoker.retryFailed(Invoker.java:1014)
	at org.testng.internal.Invoker.invokeTestMethods(Invoker.java:1215)
	at org.testng.internal.TestMethodWorker.invokeTestMethods(TestMethodWorker.java:126)
	at org.testng.internal.TestMethodWorker.run(TestMethodWorker.java:109)
	at org.testng.TestRunner.privateRun(TestRunner.java:744)
	at org.testng.TestRunner.run(TestRunner.java:602)
	at org.testng.SuiteRunner.runTest(SuiteRunner.java:380)
	at org.testng.SuiteRunner.access$000(SuiteRunner.java:39)
	at org.testng.SuiteRunner$SuiteWorker.run(SuiteRunner.java:414)
	at org.testng.internal.thread.ThreadUtil$1.call(ThreadUtil.java:52)
	at java.util.concurrent.FutureTask.run(Unknown Source)
	at java.util.concurrent.ThreadPoolExecutor.runWorker(Unknown Source)
	at java.util.concurrent.ThreadPoolExecutor$Worker.run(Unknown Source)
	at java.lang.Thread.run(Unknown Source)
]]>
    </error>
  </testcase> <!-- SaveSimulationTest -->
  <testcase name="SaveSimulationTest" time="106.961" classname="com_Milan_Test.SimulationChartPageTest">
    <skipped/>
  </testcase> <!-- SaveSimulationTest -->
  <testcase name="SimulationDrugValidationTest" time="110.149" classname="com_Milan_Test.SimulationChartPageTest">
    <skipped/>
  </testcase> <!-- SimulationDrugValidationTest -->
  <testcase name="SimulationDrugValidationTest" time="114.079" classname="com_Milan_Test.SimulationChartPageTest">
    <skipped/>
  </testcase> <!-- SimulationDrugValidationTest -->
  <testcase name="SimulationDrugValidationTest" time="110.663" classname="com_Milan_Test.SimulationChartPageTest">
    <error type="java.lang.ClassCastException" message="org.openqa.selenium.support.ui.Select cannot be cast to org.openqa.selenium.WebElement">
      <![CDATA[java.lang.ClassCastException: org.openqa.selenium.support.ui.Select cannot be cast to org.openqa.selenium.WebElement
	at com_Milan_util.TestUtil.ActionForMovetoElementSelect(TestUtil.java:156)
	at com_milan_POM.StimulationChartPage.SaveSimulation(StimulationChartPage.java:151)
	at com_milan_POM.StimulationChartPage.SimulationDrugValidation(StimulationChartPage.java:182)
	at com_Milan_Test.SimulationChartPageTest.SimulationDrugValidationTest(SimulationChartPageTest.java:120)
	at sun.reflect.NativeMethodAccessorImpl.invoke0(Native Method)
	at sun.reflect.NativeMethodAccessorImpl.invoke(Unknown Source)
	at sun.reflect.DelegatingMethodAccessorImpl.invoke(Unknown Source)
	at java.lang.reflect.Method.invoke(Unknown Source)
	at org.testng.internal.MethodInvocationHelper.invokeMethod(MethodInvocationHelper.java:108)
	at org.testng.internal.Invoker.invokeMethod(Invoker.java:661)
	at org.testng.internal.Invoker.retryFailed(Invoker.java:1014)
	at org.testng.internal.Invoker.invokeTestMethods(Invoker.java:1215)
	at org.testng.internal.TestMethodWorker.invokeTestMethods(TestMethodWorker.java:126)
	at org.testng.internal.TestMethodWorker.run(TestMethodWorker.java:109)
	at org.testng.TestRunner.privateRun(TestRunner.java:744)
	at org.testng.TestRunner.run(TestRunner.java:602)
	at org.testng.SuiteRunner.runTest(SuiteRunner.java:380)
	at org.testng.SuiteRunner.access$000(SuiteRunner.java:39)
	at org.testng.SuiteRunner$SuiteWorker.run(SuiteRunner.java:414)
	at org.testng.internal.thread.ThreadUtil$1.call(ThreadUtil.java:52)
	at java.util.concurrent.FutureTask.run(Unknown Source)
	at java.util.concurrent.ThreadPoolExecutor.runWorker(Unknown Source)
	at java.util.concurrent.ThreadPoolExecutor$Worker.run(Unknown Source)
	at java.lang.Thread.run(Unknown Source)
]]>
    </error>
  </testcase> <!-- SimulationDrugValidationTest -->
  <testcase name="SimulationDrugValidationTest" time="109.755" classname="com_Milan_Test.SimulationChartPageTest">
    <skipped/>
  </testcase> <!-- SimulationDrugValidationTest -->
  <testcase name="InvalidDateTest" time="141.853" classname="com_Milan_Test.SimulationChartPageTest">
    <skipped/>
  </testcase> <!-- InvalidDateTest -->
  <testcase name="InvalidDateTest" time="141.970" classname="com_Milan_Test.SimulationChartPageTest">
    <error type="java.lang.ClassCastException" message="org.openqa.selenium.support.ui.Select cannot be cast to org.openqa.selenium.WebElement">
      <![CDATA[java.lang.ClassCastException: org.openqa.selenium.support.ui.Select cannot be cast to org.openqa.selenium.WebElement
	at com_Milan_util.TestUtil.ActionForMovetoElementSelect(TestUtil.java:156)
	at com_milan_POM.StimulationChartPage.SaveSimulation(StimulationChartPage.java:151)
	at com_milan_POM.StimulationChartPage.InvalidDate(StimulationChartPage.java:240)
	at com_Milan_Test.SimulationChartPageTest.InvalidDateTest(SimulationChartPageTest.java:129)
	at sun.reflect.NativeMethodAccessorImpl.invoke0(Native Method)
	at sun.reflect.NativeMethodAccessorImpl.invoke(Unknown Source)
	at sun.reflect.DelegatingMethodAccessorImpl.invoke(Unknown Source)
	at java.lang.reflect.Method.invoke(Unknown Source)
	at org.testng.internal.MethodInvocationHelper.invokeMethod(MethodInvocationHelper.java:108)
	at org.testng.internal.Invoker.invokeMethod(Invoker.java:661)
	at org.testng.internal.Invoker.retryFailed(Invoker.java:1014)
	at org.testng.internal.Invoker.invokeTestMethods(Invoker.java:1215)
	at org.testng.internal.TestMethodWorker.invokeTestMethods(TestMethodWorker.java:126)
	at org.testng.internal.TestMethodWorker.run(TestMethodWorker.java:109)
	at org.testng.TestRunner.privateRun(TestRunner.java:744)
	at org.testng.TestRunner.run(TestRunner.java:602)
	at org.testng.SuiteRunner.runTest(SuiteRunner.java:380)
	at org.testng.SuiteRunner.access$000(SuiteRunner.java:39)
	at org.testng.SuiteRunner$SuiteWorker.run(SuiteRunner.java:414)
	at org.testng.internal.thread.ThreadUtil$1.call(ThreadUtil.java:52)
	at java.util.concurrent.FutureTask.run(Unknown Source)
	at java.util.concurrent.ThreadPoolExecutor.runWorker(Unknown Source)
	at java.util.concurrent.ThreadPoolExecutor$Worker.run(Unknown Source)
	at java.lang.Thread.run(Unknown Source)
]]>
    </error>
  </testcase> <!-- InvalidDateTest -->
  <testcase name="InvalidDateTest" time="140.353" classname="com_Milan_Test.SimulationChartPageTest">
    <skipped/>
  </testcase> <!-- InvalidDateTest -->
  <testcase name="InvalidDateTest" time="140.562" classname="com_Milan_Test.SimulationChartPageTest">
    <skipped/>
  </testcase> <!-- InvalidDateTest -->
</testsuite> <!-- com_Milan_Test.SimulationChartPageTest -->
