<?xml version="1.0" encoding="UTF-8"?>
<!-- Generated by org.testng.reporters.JUnitReportReporter -->
<testsuite skipped="0" hostname="IVF111" name="com_Milan_Test.WOPUCycyclePageTest" tests="9" failures="0" timestamp="05 Sep 2018 16:23:26 GMT" time="1154.426" errors="0">
  <testcase name="AddOneServiceAtleastMessageTest" time="25.183" classname="com_Milan_Test.WOPUCycyclePageTest"/>
  <testcase name="AleadySavedCycleTest" time="85.398" classname="com_Milan_Test.WOPUCycyclePageTest"/>
  <testcase name="SaveOPUsubtypeICSITest" time="135.284" classname="com_Milan_Test.WOPUCycyclePageTest"/>
  <testcase name="MessageforAlreadtyavailableCycleTest" time="230.071" classname="com_Milan_Test.WOPUCycyclePageTest"/>
  <testcase name="ARTCycleAvailabilityMessageBeforeSaveTheCycleTest" time="230.825" classname="com_Milan_Test.WOPUCycyclePageTest"/>
  <testcase name="SearchcycleTest" time="57.411" classname="com_Milan_Test.WOPUCycyclePageTest"/>
  <testcase name="DeleteTheSeviceBeforeSaveThecycleTest" time="132.799" classname="com_Milan_Test.WOPUCycyclePageTest"/>
  <testcase name="NoofCyclesTest" time="91.121" classname="com_Milan_Test.WOPUCycyclePageTest"/>
  <testcase name="ClickonCycletabTest" time="166.334" classname="com_Milan_Test.WOPUCycyclePageTest"/>
</testsuite> <!-- com_Milan_Test.WOPUCycyclePageTest -->
