<?xml version="1.0" encoding="UTF-8"?>
<!-- Generated by org.testng.reporters.JUnitReportReporter -->
<testsuite skipped="0" hostname="IVF111" name="com_Milan_Test.WVitalsTest" tests="15" failures="0" timestamp="23 Jul 2018 19:26:50 GMT" time="808.885" errors="0">
  <testcase name="BMITest" time="54.173" classname="com_Milan_Test.WVitalsTest"/>
  <testcase name="BMITest" time="52.353" classname="com_Milan_Test.WVitalsTest"/>
  <testcase name="BPSystolicBundryValueTest" time="52.547" classname="com_Milan_Test.WVitalsTest"/>
  <testcase name="BMITest" time="53.284" classname="com_Milan_Test.WVitalsTest"/>
  <testcase name="BMITest" time="56.760" classname="com_Milan_Test.WVitalsTest"/>
  <testcase name="BPSystolicBundryValueTest" time="50.355" classname="com_Milan_Test.WVitalsTest"/>
  <testcase name="BMITest" time="54.974" classname="com_Milan_Test.WVitalsTest"/>
  <testcase name="BPSystolicBundryValueTest" time="54.701" classname="com_Milan_Test.WVitalsTest"/>
  <testcase name="BPSystolicBundryValueTest" time="53.445" classname="com_Milan_Test.WVitalsTest"/>
  <testcase name="BPSystolicBundryValueTest" time="53.360" classname="com_Milan_Test.WVitalsTest"/>
  <testcase name="SaveAllVitalsValuesTest" time="54.225" classname="com_Milan_Test.WVitalsTest"/>
  <testcase name="SaveAllVitalsValuesTest" time="55.432" classname="com_Milan_Test.WVitalsTest"/>
  <testcase name="SaveAllVitalsValuesTest" time="56.391" classname="com_Milan_Test.WVitalsTest"/>
  <testcase name="SaveAllVitalsValuesTest" time="52.963" classname="com_Milan_Test.WVitalsTest"/>
  <testcase name="SaveAllVitalsValuesTest" time="53.922" classname="com_Milan_Test.WVitalsTest"/>
</testsuite> <!-- com_Milan_Test.WVitalsTest -->
