<?xml version="1.0" encoding="UTF-8"?>
<!-- Generated by org.testng.reporters.JUnitReportReporter -->
<testsuite skipped="0" hostname="IVF111" name="com_Milan_Test.WVitalsTest" tests="15" failures="0" timestamp="19 Jul 2018 10:15:06 GMT" time="861.664" errors="0">
  <testcase name="BPSystolicBundryValueTest" time="53.451" classname="com_Milan_Test.WVitalsTest"/>
  <testcase name="BMITest" time="56.946" classname="com_Milan_Test.WVitalsTest"/>
  <testcase name="BMITest" time="52.472" classname="com_Milan_Test.WVitalsTest"/>
  <testcase name="BMITest" time="54.942" classname="com_Milan_Test.WVitalsTest"/>
  <testcase name="BPSystolicBundryValueTest" time="58.192" classname="com_Milan_Test.WVitalsTest"/>
  <testcase name="BPSystolicBundryValueTest" time="54.365" classname="com_Milan_Test.WVitalsTest"/>
  <testcase name="BPSystolicBundryValueTest" time="54.847" classname="com_Milan_Test.WVitalsTest"/>
  <testcase name="BMITest" time="87.093" classname="com_Milan_Test.WVitalsTest"/>
  <testcase name="BMITest" time="57.398" classname="com_Milan_Test.WVitalsTest"/>
  <testcase name="BPSystolicBundryValueTest" time="52.595" classname="com_Milan_Test.WVitalsTest"/>
  <testcase name="SaveAllVitalsValuesTest" time="56.633" classname="com_Milan_Test.WVitalsTest"/>
  <testcase name="SaveAllVitalsValuesTest" time="55.862" classname="com_Milan_Test.WVitalsTest"/>
  <testcase name="SaveAllVitalsValuesTest" time="55.601" classname="com_Milan_Test.WVitalsTest"/>
  <testcase name="SaveAllVitalsValuesTest" time="53.811" classname="com_Milan_Test.WVitalsTest"/>
  <testcase name="SaveAllVitalsValuesTest" time="57.456" classname="com_Milan_Test.WVitalsTest"/>
</testsuite> <!-- com_Milan_Test.WVitalsTest -->
