<?xml version="1.0" encoding="UTF-8"?>
<!-- Generated by org.testng.reporters.JUnitReportReporter -->
<testsuite skipped="0" hostname="IVF111" name="com_Milan_Test.SimulationChartPageTest" tests="5" failures="0" timestamp="19 Jul 2018 10:15:06 GMT" time="362.261" errors="0">
  <testcase name="AddDrugNames" time="62.631" classname="com_Milan_Test.SimulationChartPageTest"/>
  <testcase name="EnableconditionAddSimulationDrugTest" time="60.113" classname="com_Milan_Test.SimulationChartPageTest"/>
  <testcase name="SaveSimulationTest" time="63.882" classname="com_Milan_Test.SimulationChartPageTest"/>
  <testcase name="SimulationDrugValidationTest" time="71.624" classname="com_Milan_Test.SimulationChartPageTest"/>
  <testcase name="InvalidDateTest" time="104.011" classname="com_Milan_Test.SimulationChartPageTest"/>
</testsuite> <!-- com_Milan_Test.SimulationChartPageTest -->
