<?xml version="1.0" encoding="UTF-8"?>
<!-- Generated by org.testng.reporters.JUnitReportReporter -->
<testsuite skipped="2" hostname="IVF111" name="com_Milan_Test.CycleListPageTest" tests="14" failures="0" timestamp="09 Jul 2018 16:39:15 GMT" time="2026.533" errors="0">
  <testcase name="NewCycleButtonEnableConditionTest" time="72.603" classname="com_Milan_Test.CycleListPageTest"/>
  <testcase name="CycleListTitleTest" time="76.537" classname="com_Milan_Test.CycleListPageTest"/>
  <testcase name="ClickonNewCycleTest" time="76.109" classname="com_Milan_Test.CycleListPageTest"/>
  <testcase name="EnabledconditionARTTypeTest" time="81.866" classname="com_Milan_Test.CycleListPageTest"/>
  <testcase name="ARTTypeOptionTest" time="138.246" classname="com_Milan_Test.CycleListPageTest"/>
  <testcase name="ProtocolandselectionTest" time="141.245" classname="com_Milan_Test.CycleListPageTest"/>
  <testcase name="MethodOfSemenCollectionTest" time="255.432" classname="com_Milan_Test.CycleListPageTest">
    <skipped/>
  </testcase> <!-- MethodOfSemenCollectionTest -->
  <testcase name="MethodOfSemenCollectionTest" time="142.507" classname="com_Milan_Test.CycleListPageTest"/>
  <testcase name="SourceofspermPartnerTest" time="141.315" classname="com_Milan_Test.CycleListPageTest"/>
  <testcase name="SourceofSpermselectionDonorTest" time="255.567" classname="com_Milan_Test.CycleListPageTest"/>
  <testcase name="SimulationDrugTest" time="141.751" classname="com_Milan_Test.CycleListPageTest"/>
  <testcase name="LMPDateTest" time="142.930" classname="com_Milan_Test.CycleListPageTest"/>
  <testcase name="SaveTheCycleTest" time="277.235" classname="com_Milan_Test.CycleListPageTest">
    <skipped/>
  </testcase> <!-- SaveTheCycleTest -->
  <testcase name="SaveTheCycleTest" time="83.190" classname="com_Milan_Test.CycleListPageTest"/>
</testsuite> <!-- com_Milan_Test.CycleListPageTest -->
