<?xml version="1.0" encoding="UTF-8"?>
<!-- Generated by org.testng.reporters.JUnitReportReporter -->
<testsuite skipped="4" hostname="IVF111" name="com_Milan_Test.CycleListPageTest" tests="9" failures="0" timestamp="08 Jun 2018 20:30:00 GMT" time="230.083" errors="0">
  <testcase name="ARTTypeOptionTest" time="43.956" classname="com_Milan_Test.CycleListPageTest"/>
  <testcase name="NoofProtocolandselectionTest" time="47.067" classname="com_Milan_Test.CycleListPageTest"/>
  <testcase name="MethodofSemenCollectionTest" time="46.142" classname="com_Milan_Test.CycleListPageTest"/>
  <testcase name="MethodSourceofspermTest" time="46.340" classname="com_Milan_Test.CycleListPageTest"/>
  <testcase name="SourceofSpermselectionTest" time="46.578" classname="com_Milan_Test.CycleListPageTest"/>
  <testcase name="CycleListTitleTest" classname="com_Milan_Test.CycleListPageTest">
    <skipped/>
  </testcase> <!-- CycleListTitleTest -->
  <testcase name="EnabledconditionARTTypeTest" classname="com_Milan_Test.CycleListPageTest">
    <skipped/>
  </testcase> <!-- EnabledconditionARTTypeTest -->
  <testcase name="NewCycleButtonEnableConditionTest" classname="com_Milan_Test.CycleListPageTest">
    <skipped/>
  </testcase> <!-- NewCycleButtonEnableConditionTest -->
  <testcase name="ClickonNewCycleTest" classname="com_Milan_Test.CycleListPageTest">
    <skipped/>
  </testcase> <!-- ClickonNewCycleTest -->
</testsuite> <!-- com_Milan_Test.CycleListPageTest -->
