<?xml version="1.0" encoding="UTF-8"?>
<!-- Generated by org.testng.reporters.JUnitReportReporter -->
<testsuite skipped="0" hostname="IVF111" name="com_Milan_Test.WSexsualHistoryTest" tests="11" failures="0" timestamp="27 Jul 2018 21:10:22 GMT" time="578.414" errors="0">
  <testcase name="InrelationshipsinceYearsTest" time="50.153" classname="com_Milan_Test.WSexsualHistoryTest"/>
  <testcase name="testRelationtlists" time="54.609" classname="com_Milan_Test.WSexsualHistoryTest"/>
  <testcase name="textboxSexualDysfunctionTest" time="51.973" classname="com_Milan_Test.WSexsualHistoryTest"/>
  <testcase name="FillSexsuslHistorytest" time="56.719" classname="com_Milan_Test.WSexsualHistoryTest"/>
  <testcase name="SexInrelationshipsinceMonthsTest" time="55.535" classname="com_Milan_Test.WSexsualHistoryTest"/>
  <testcase name="numberofcharacterexualDysfunctionTest" time="51.661" classname="com_Milan_Test.WSexsualHistoryTest"/>
  <testcase name="DyspareuniatextTest" time="53.146" classname="com_Milan_Test.WSexsualHistoryTest"/>
  <testcase name="Lubricationusedtext" time="50.330" classname="com_Milan_Test.WSexsualHistoryTest"/>
  <testcase name="Remarktexttest" time="53.417" classname="com_Milan_Test.WSexsualHistoryTest"/>
  <testcase name="TryingToConcieveSinceYearTest" time="51.255" classname="com_Milan_Test.WSexsualHistoryTest"/>
  <testcase name="TryingToConcieveSinceMonthTest" time="49.616" classname="com_Milan_Test.WSexsualHistoryTest"/>
</testsuite> <!-- com_Milan_Test.WSexsualHistoryTest -->
