<?xml version="1.0" encoding="UTF-8"?>
<!-- Generated by org.testng.reporters.JUnitReportReporter -->
<testsuite skipped="0" hostname="IVF111" name="com_Milan_Test.EMRDashBoardPageTest" tests="7" failures="0" timestamp="15 Aug 2018 12:55:13 GMT" time="276.038" errors="0">
  <testcase name="ClickonWoomenPaientFieldTest" time="52.038" classname="com_Milan_Test.EMRDashBoardPageTest"/>
  <testcase name="ClickOnMenPaientHistory" time="53.261" classname="com_Milan_Test.EMRDashBoardPageTest"/>
  <testcase name="ClickOnDiagnosisTest" time="52.751" classname="com_Milan_Test.EMRDashBoardPageTest"/>
  <testcase name="ClickOnInvestigationTest" time="22.682" classname="com_Milan_Test.EMRDashBoardPageTest"/>
  <testcase name="ClickOnVitalTest" time="50.765" classname="com_Milan_Test.EMRDashBoardPageTest"/>
  <testcase name="ClickOnComplaintTest" time="21.903" classname="com_Milan_Test.EMRDashBoardPageTest"/>
  <testcase name="ClickOnSiemenProcessingTest" time="22.638" classname="com_Milan_Test.EMRDashBoardPageTest"/>
</testsuite> <!-- com_Milan_Test.EMRDashBoardPageTest -->
