<?xml version="1.0" encoding="UTF-8"?>
<!-- Generated by org.testng.reporters.JUnitReportReporter -->
<testsuite skipped="0" hostname="IVF111" name="com_Milan_Test.WOPUCycyclePageTest" tests="9" failures="0" timestamp="25 Jul 2018 21:03:57 GMT" time="1055.885" errors="0">
  <testcase name="AddOneServiceAtleastMessageTest" time="26.012" classname="com_Milan_Test.WOPUCycyclePageTest"/>
  <testcase name="AleadySavedCycleTest" time="84.688" classname="com_Milan_Test.WOPUCycyclePageTest"/>
  <testcase name="SaveOPUsubtypeICSITest" time="122.449" classname="com_Milan_Test.WOPUCycyclePageTest"/>
  <testcase name="MessageforAlreadtyavailableCycleTest" time="221.590" classname="com_Milan_Test.WOPUCycyclePageTest"/>
  <testcase name="ARTCycleAvailabilityMessageBeforeSaveTheCycleTest" time="218.489" classname="com_Milan_Test.WOPUCycyclePageTest"/>
  <testcase name="SearchcycleTest" time="56.237" classname="com_Milan_Test.WOPUCycyclePageTest"/>
  <testcase name="DeleteTheSeviceBeforeSaveThecycleTest" time="75.717" classname="com_Milan_Test.WOPUCycyclePageTest"/>
  <testcase name="NoofCyclesTest" time="86.369" classname="com_Milan_Test.WOPUCycyclePageTest"/>
  <testcase name="ClickonCycletabTest" time="164.334" classname="com_Milan_Test.WOPUCycyclePageTest"/>
</testsuite> <!-- com_Milan_Test.WOPUCycyclePageTest -->
