<?xml version="1.0" encoding="UTF-8"?>
<!-- Generated by org.testng.reporters.JUnitReportReporter -->
<testsuite skipped="2" hostname="IVF111" name="com_Milan_Test.WOPUCycyclePageTest" tests="6" failures="0" timestamp="10 Jun 2018 09:57:32 GMT" time="344.917" errors="0">
  <testcase name="ARTCycleAvailabilityMessageTest" time="85.747" classname="com_Milan_Test.WOPUCycyclePageTest"/>
  <testcase name="SearchcycleTest" time="29.346" classname="com_Milan_Test.WOPUCycyclePageTest"/>
  <testcase name="SaveOPUsubtypeICSITest" time="139.657" classname="com_Milan_Test.WOPUCycyclePageTest"/>
  <testcase name="ClickonCycletabTest" time="90.167" classname="com_Milan_Test.WOPUCycyclePageTest"/>
  <testcase name="DeleteARTCycleTest" classname="com_Milan_Test.WOPUCycyclePageTest">
    <skipped/>
  </testcase> <!-- DeleteARTCycleTest -->
  <testcase name="NoofCyclesTest" classname="com_Milan_Test.WOPUCycyclePageTest">
    <skipped/>
  </testcase> <!-- NoofCyclesTest -->
</testsuite> <!-- com_Milan_Test.WOPUCycyclePageTest -->
