<?xml version="1.0" encoding="UTF-8"?>
<!-- Generated by org.testng.reporters.JUnitReportReporter -->
<testsuite skipped="0" hostname="IVF111" name="com_Milan_Test.LoginPageTest" tests="4" failures="0" timestamp="03 Jul 2018 19:16:33 GMT" time="39.941" errors="0">
  <testcase name="InvalidusernameTest" time="11.263" classname="com_Milan_Test.LoginPageTest"/>
  <testcase name="InvalidPasswordTest" time="12.984" classname="com_Milan_Test.LoginPageTest"/>
  <testcase name="ButtonEnableConditionTest" time="6.183" classname="com_Milan_Test.LoginPageTest"/>
  <testcase name="LoginTest" time="9.511" classname="com_Milan_Test.LoginPageTest"/>
</testsuite> <!-- com_Milan_Test.LoginPageTest -->
