<?xml version="1.0" encoding="UTF-8"?>
<!-- Generated by org.testng.reporters.JUnitReportReporter -->
<testsuite skipped="4" hostname="IVF111" name="com_Milan_Test.FemaleDiagnosisTest" tests="10" failures="0" timestamp="22 Jun 2018 09:10:51 GMT" time="586.222" errors="1">
  <testcase name="ClickOnOtherDiagnosisTest" time="77.665" classname="com_Milan_Test.FemaleDiagnosisTest">
    <error type="org.openqa.selenium.TimeoutException" message="Expected condition failed: waiting for visibility of [[ChromeDriver: chrome on WIN8_1 (53e866b156091c4a27835ff93f455c18)] -&gt; xpath: //div[@id=&#039;toasty&#039;]] (tried for 20 second(s) with 500 MILLISECONDS interval)
Build info: version: &#039;3.5.3&#039;, revision: &#039;a88d25fe6b&#039;, time: &#039;2017-08-29T12:42:44.417Z&#039;
System info: host: &#039;IVF111&#039;, ip: &#039;192.168.1.56&#039;, os.name: &#039;Windows 8.1&#039;, os.arch: &#039;amd64&#039;, os.version: &#039;6.3&#039;, java.version: &#039;1.8.0_161&#039;
Driver info: org.openqa.selenium.support.events.EventFiringWebDriver">
      <![CDATA[org.openqa.selenium.TimeoutException: Expected condition failed: waiting for visibility of [[ChromeDriver: chrome on WIN8_1 (53e866b156091c4a27835ff93f455c18)] -> xpath: //div[@id='toasty']] (tried for 20 second(s) with 500 MILLISECONDS interval)
Build info: version: '3.5.3', revision: 'a88d25fe6b', time: '2017-08-29T12:42:44.417Z'
System info: host: 'IVF111', ip: '192.168.1.56', os.name: 'Windows 8.1', os.arch: 'amd64', os.version: '6.3', java.version: '1.8.0_161'
Driver info: org.openqa.selenium.support.events.EventFiringWebDriver
	at org.openqa.selenium.support.ui.WebDriverWait.timeoutException(WebDriverWait.java:80)
	at org.openqa.selenium.support.ui.FluentWait.until(FluentWait.java:232)
	at com_Milan_util.TestUtil.VisibleOn(TestUtil.java:38)
	at com_milan_POM.FemaleDiagnosisPage.CodeUpdatedMessage(FemaleDiagnosisPage.java:116)
	at com_Milan_Test.FemaleDiagnosisTest.ClickOnOtherDiagnosisTest(FemaleDiagnosisTest.java:54)
	at sun.reflect.NativeMethodAccessorImpl.invoke0(Native Method)
	at sun.reflect.NativeMethodAccessorImpl.invoke(Unknown Source)
	at sun.reflect.DelegatingMethodAccessorImpl.invoke(Unknown Source)
	at java.lang.reflect.Method.invoke(Unknown Source)
	at org.testng.internal.MethodInvocationHelper.invokeMethod(MethodInvocationHelper.java:108)
	at org.testng.internal.Invoker.invokeMethod(Invoker.java:661)
	at org.testng.internal.Invoker.retryFailed(Invoker.java:1014)
	at org.testng.internal.Invoker.invokeTestMethods(Invoker.java:1215)
	at org.testng.internal.TestMethodWorker.invokeTestMethods(TestMethodWorker.java:126)
	at org.testng.internal.TestMethodWorker.run(TestMethodWorker.java:109)
	at org.testng.TestRunner.privateRun(TestRunner.java:744)
	at org.testng.TestRunner.run(TestRunner.java:602)
	at org.testng.SuiteRunner.runTest(SuiteRunner.java:380)
	at org.testng.SuiteRunner.access$000(SuiteRunner.java:39)
	at org.testng.SuiteRunner$SuiteWorker.run(SuiteRunner.java:414)
	at org.testng.internal.thread.ThreadUtil$1.call(ThreadUtil.java:52)
	at java.util.concurrent.FutureTask.run(Unknown Source)
	at java.util.concurrent.ThreadPoolExecutor.runWorker(Unknown Source)
	at java.util.concurrent.ThreadPoolExecutor$Worker.run(Unknown Source)
	at java.lang.Thread.run(Unknown Source)
]]>
    </error>
  </testcase> <!-- ClickOnOtherDiagnosisTest -->
  <testcase name="ClickOnOtherDiagnosisTest" time="73.982" classname="com_Milan_Test.FemaleDiagnosisTest">
    <skipped/>
  </testcase> <!-- ClickOnOtherDiagnosisTest -->
  <testcase name="ClickOnOtherDiagnosisTest" time="75.063" classname="com_Milan_Test.FemaleDiagnosisTest">
    <skipped/>
  </testcase> <!-- ClickOnOtherDiagnosisTest -->
  <testcase name="ClickOnOtherDiagnosisTest" time="73.085" classname="com_Milan_Test.FemaleDiagnosisTest">
    <skipped/>
  </testcase> <!-- ClickOnOtherDiagnosisTest -->
  <testcase name="CodevalueTest" time="52.645" classname="com_Milan_Test.FemaleDiagnosisTest"/>
  <testcase name="AddFavoriteFromListTest" time="60.185" classname="com_Milan_Test.FemaleDiagnosisTest"/>
  <testcase name="UnFavoriteTheFavioriteTest" time="62.041" classname="com_Milan_Test.FemaleDiagnosisTest"/>
  <testcase name="TypeSelectionboxEnableconditionForOtherfavorireTest" time="53.512" classname="com_Milan_Test.FemaleDiagnosisTest"/>
  <testcase name="checkboxclickTest" time="58.044" classname="com_Milan_Test.FemaleDiagnosisTest"/>
  <testcase name="DeleteFromFavoriteTest" classname="com_Milan_Test.FemaleDiagnosisTest">
    <skipped/>
  </testcase> <!-- DeleteFromFavoriteTest -->
</testsuite> <!-- com_Milan_Test.FemaleDiagnosisTest -->
