<?xml version="1.0" encoding="UTF-8"?>
<!-- Generated by org.testng.reporters.JUnitReportReporter -->
<testsuite skipped="1" hostname="IVF111" name="com_Milan_Test.WPastMedicationHistoryTest" tests="3" failures="0" timestamp="12 May 2018 19:51:59 GMT" time="117.453" errors="0">
  <testcase name="DrugNameTest" time="59.994" classname="com_Milan_Test.WPastMedicationHistoryTest"/>
  <testcase name="DrugNameFieldEnableconditionTest" time="57.459" classname="com_Milan_Test.WPastMedicationHistoryTest"/>
  <testcase name="pastMedicationHistorysetdataTest" classname="com_Milan_Test.WPastMedicationHistoryTest">
    <skipped/>
  </testcase> <!-- pastMedicationHistorysetdataTest -->
</testsuite> <!-- com_Milan_Test.WPastMedicationHistoryTest -->
