<?xml version="1.0" encoding="UTF-8"?>
<!-- Generated by org.testng.reporters.JUnitReportReporter -->
<testsuite skipped="1" hostname="IVF111" name="com_Milan_Test.HomePageTest" tests="4" failures="0" timestamp="27 Jun 2018 20:52:03 GMT" time="73.668" errors="0">
  <testcase name="SearchPatientUsingPatientTabTest" time="17.543" classname="com_Milan_Test.HomePageTest"/>
  <testcase name="SearchPatientUsingCalenderTest" time="29.545" classname="com_Milan_Test.HomePageTest"/>
  <testcase name="ClickOnCmrTest" time="26.580" classname="com_Milan_Test.HomePageTest"/>
  <testcase name="DatacreationTest" classname="com_Milan_Test.HomePageTest">
    <skipped/>
  </testcase> <!-- DatacreationTest -->
</testsuite> <!-- com_Milan_Test.HomePageTest -->
