<?xml version="1.0" encoding="UTF-8"?>
<!-- Generated by org.testng.reporters.JUnitReportReporter -->
<testsuite skipped="0" hostname="IVF111" name="com_Milan_Test.WVitalsTest" tests="15" failures="0" timestamp="03 Jul 2018 19:16:33 GMT" time="812.692" errors="0">
  <testcase name="BPSystolicBundryValueTest" time="53.258" classname="com_Milan_Test.WVitalsTest"/>
  <testcase name="BMITest" time="53.693" classname="com_Milan_Test.WVitalsTest"/>
  <testcase name="BPSystolicBundryValueTest" time="54.345" classname="com_Milan_Test.WVitalsTest"/>
  <testcase name="BPSystolicBundryValueTest" time="51.424" classname="com_Milan_Test.WVitalsTest"/>
  <testcase name="BPSystolicBundryValueTest" time="51.851" classname="com_Milan_Test.WVitalsTest"/>
  <testcase name="BMITest" time="56.060" classname="com_Milan_Test.WVitalsTest"/>
  <testcase name="BMITest" time="53.290" classname="com_Milan_Test.WVitalsTest"/>
  <testcase name="BPSystolicBundryValueTest" time="54.999" classname="com_Milan_Test.WVitalsTest"/>
  <testcase name="BMITest" time="56.989" classname="com_Milan_Test.WVitalsTest"/>
  <testcase name="BMITest" time="52.299" classname="com_Milan_Test.WVitalsTest"/>
  <testcase name="SaveAllVitalsValuesTest" time="55.741" classname="com_Milan_Test.WVitalsTest"/>
  <testcase name="SaveAllVitalsValuesTest" time="54.878" classname="com_Milan_Test.WVitalsTest"/>
  <testcase name="SaveAllVitalsValuesTest" time="56.699" classname="com_Milan_Test.WVitalsTest"/>
  <testcase name="SaveAllVitalsValuesTest" time="53.579" classname="com_Milan_Test.WVitalsTest"/>
  <testcase name="SaveAllVitalsValuesTest" time="53.587" classname="com_Milan_Test.WVitalsTest"/>
</testsuite> <!-- com_Milan_Test.WVitalsTest -->
