<?xml version="1.0" encoding="UTF-8"?>
<!-- Generated by org.testng.reporters.JUnitReportReporter -->
<testsuite skipped="1" hostname="IVF111" name="com_Milan_Test.WAddictionsTest" tests="21" failures="0" timestamp="09 Sep 2018 10:27:43 GMT" time="1117.742" errors="0">
  <testcase name="CurrentStatusEnableConditionSmokeTest" time="51.605" classname="com_Milan_Test.WAddictionsTest"/>
  <testcase name="CurrentStatusEnableConditionAlkoholTest" time="50.836" classname="com_Milan_Test.WAddictionsTest"/>
  <testcase name="CurrentStatusEnableConditionTobacoTest" time="65.645" classname="com_Milan_Test.WAddictionsTest"/>
  <testcase name="CurrentStatusEnableConditionAdictionTest" time="51.202" classname="com_Milan_Test.WAddictionsTest"/>
  <testcase name="CurrentStatusEnableConditionCaffeineAddictionTest" time="62.237" classname="com_Milan_Test.WAddictionsTest"/>
  <testcase name="SenceWhenEnableconditionSinceWhenYearSmokeTest" time="52.800" classname="com_Milan_Test.WAddictionsTest"/>
  <testcase name="SenceWhenEnableconditionSinceWhenYearAlkoholTest" time="52.702" classname="com_Milan_Test.WAddictionsTest"/>
  <testcase name="SenceWhenEnableconditionSinceWhenYearTobacoTest" time="53.434" classname="com_Milan_Test.WAddictionsTest"/>
  <testcase name="SenceWhenEnableconditionSinceWhenDrugAddictionYearTest" time="54.471" classname="com_Milan_Test.WAddictionsTest"/>
  <testcase name="SinceWhenEnableconditionSinceWhenCaffeineAddictionTest" time="51.410" classname="com_Milan_Test.WAddictionsTest"/>
  <testcase name="SinceWhenEnableconditionSinceWhenMonthSmokeTest" time="51.770" classname="com_Milan_Test.WAddictionsTest"/>
  <testcase name="SinceWhenEnableconditionSinceWhenMonthAlkoholTest" time="63.825" classname="com_Milan_Test.WAddictionsTest"/>
  <testcase name="SinceWhenEnableconditionSinceWhenMonthTobocoTest" time="53.065" classname="com_Milan_Test.WAddictionsTest"/>
  <testcase name="SinceWhenEnableconditionSinceWhenMonthForDrugAdictionTest" time="51.453" classname="com_Milan_Test.WAddictionsTest"/>
  <testcase name="SinceWhenEnableconditionSinceWhenMonthForCaffeineAddictionTest" time="52.613" classname="com_Milan_Test.WAddictionsTest"/>
  <testcase name="saveAdictionsTest" time="57.946" classname="com_Milan_Test.WAddictionsTest"/>
  <testcase name="saveAdictionsTest" time="57.435" classname="com_Milan_Test.WAddictionsTest"/>
  <testcase name="saveAdictionsTest" time="57.898" classname="com_Milan_Test.WAddictionsTest"/>
  <testcase name="saveAdictionsTest" time="69.163" classname="com_Milan_Test.WAddictionsTest"/>
  <testcase name="saveAdictionsTest" time="56.232" classname="com_Milan_Test.WAddictionsTest"/>
  <testcase name="SaveNewAdictionsTest" classname="com_Milan_Test.WAddictionsTest">
    <skipped/>
  </testcase> <!-- SaveNewAdictionsTest -->
</testsuite> <!-- com_Milan_Test.WAddictionsTest -->
